{"C:\\Users\\shilo\\Documents\\solupresenter\\desktop\\src\\main\\index.ts": {"path":"C:\\Users\\shilo\\Documents\\solupresenter\\desktop\\src\\main\\index.ts","statementMap":{"0":{"start":{"line":11,"column":38},"end":{"line":11,"column":null}},"1":{"start":{"line":12,"column":29},"end":{"line":12,"column":null}},"2":{"start":{"line":15,"column":0},"end":{"line":15,"column":null}},"3":{"start":{"line":16,"column":0},"end":{"line":16,"column":null}},"4":{"start":{"line":17,"column":0},"end":{"line":17,"column":null}},"5":{"start":{"line":18,"column":0},"end":{"line":18,"column":null}},"6":{"start":{"line":21,"column":0},"end":{"line":42,"column":null}},"7":{"start":{"line":45,"column":42},"end":{"line":45,"column":null}},"8":{"start":{"line":48,"column":14},"end":{"line":48,"column":null}},"9":{"start":{"line":51,"column":25},"end":{"line":51,"column":null}},"10":{"start":{"line":54,"column":18},"end":{"line":54,"column":null}},"11":{"start":{"line":55,"column":17},"end":{"line":55,"column":null}},"12":{"start":{"line":58,"column":24},"end":{"line":67,"column":null}},"13":{"start":{"line":69,"column":2},"end":{"line":74,"column":null}},"14":{"start":{"line":70,"column":4},"end":{"line":73,"column":null}},"15":{"start":{"line":71,"column":6},"end":{"line":71,"column":null}},"16":{"start":{"line":72,"column":6},"end":{"line":72,"column":null}},"17":{"start":{"line":76,"column":2},"end":{"line":76,"column":null}},"18":{"start":{"line":77,"column":2},"end":{"line":77,"column":null}},"19":{"start":{"line":78,"column":2},"end":{"line":78,"column":null}},"20":{"start":{"line":80,"column":2},"end":{"line":95,"column":null}},"21":{"start":{"line":98,"column":2},"end":{"line":104,"column":null}},"22":{"start":{"line":99,"column":4},"end":{"line":99,"column":null}},"23":{"start":{"line":100,"column":4},"end":{"line":100,"column":null}},"24":{"start":{"line":103,"column":4},"end":{"line":103,"column":null}},"25":{"start":{"line":106,"column":2},"end":{"line":111,"column":null}},"26":{"start":{"line":107,"column":4},"end":{"line":107,"column":null}},"27":{"start":{"line":109,"column":4},"end":{"line":109,"column":null}},"28":{"start":{"line":110,"column":4},"end":{"line":110,"column":null}},"29":{"start":{"line":119,"column":2},"end":{"line":213,"column":null}},"30":{"start":{"line":120,"column":25},"end":{"line":120,"column":null}},"31":{"start":{"line":121,"column":4},"end":{"line":121,"column":null}},"32":{"start":{"line":123,"column":46},"end":{"line":142,"column":null}},"33":{"start":{"line":144,"column":4},"end":{"line":195,"column":null}},"34":{"start":{"line":145,"column":21},"end":{"line":145,"column":null}},"35":{"start":{"line":148,"column":6},"end":{"line":150,"column":null}},"36":{"start":{"line":149,"column":8},"end":{"line":149,"column":null}},"37":{"start":{"line":153,"column":6},"end":{"line":155,"column":null}},"38":{"start":{"line":154,"column":8},"end":{"line":154,"column":null}},"39":{"start":{"line":157,"column":23},"end":{"line":157,"column":null}},"40":{"start":{"line":160,"column":29},"end":{"line":160,"column":null}},"41":{"start":{"line":161,"column":6},"end":{"line":165,"column":null}},"42":{"start":{"line":162,"column":8},"end":{"line":162,"column":null}},"43":{"start":{"line":163,"column":8},"end":{"line":163,"column":null}},"44":{"start":{"line":164,"column":8},"end":{"line":164,"column":null}},"45":{"start":{"line":167,"column":6},"end":{"line":194,"column":null}},"46":{"start":{"line":168,"column":8},"end":{"line":193,"column":null}},"47":{"start":{"line":169,"column":10},"end":{"line":185,"column":null}},"48":{"start":{"line":171,"column":12},"end":{"line":183,"column":null}},"49":{"start":{"line":172,"column":14},"end":{"line":182,"column":null}},"50":{"start":{"line":173,"column":16},"end":{"line":179,"column":null}},"51":{"start":{"line":174,"column":18},"end":{"line":174,"column":null}},"52":{"start":{"line":175,"column":18},"end":{"line":175,"column":null}},"53":{"start":{"line":177,"column":18},"end":{"line":177,"column":null}},"54":{"start":{"line":178,"column":18},"end":{"line":178,"column":null}},"55":{"start":{"line":181,"column":16},"end":{"line":181,"column":null}},"56":{"start":{"line":184,"column":12},"end":{"line":184,"column":null}},"57":{"start":{"line":187,"column":22},"end":{"line":187,"column":null}},"58":{"start":{"line":188,"column":30},"end":{"line":188,"column":null}},"59":{"start":{"line":189,"column":10},"end":{"line":189,"column":null}},"60":{"start":{"line":190,"column":10},"end":{"line":190,"column":null}},"61":{"start":{"line":192,"column":10},"end":{"line":192,"column":null}},"62":{"start":{"line":198,"column":20},"end":{"line":210,"column":null}},"63":{"start":{"line":199,"column":6},"end":{"line":209,"column":null}},"64":{"start":{"line":200,"column":8},"end":{"line":200,"column":null}},"65":{"start":{"line":201,"column":8},"end":{"line":201,"column":null}},"66":{"start":{"line":202,"column":8},"end":{"line":202,"column":null}},"67":{"start":{"line":204,"column":8},"end":{"line":208,"column":null}},"68":{"start":{"line":205,"column":10},"end":{"line":205,"column":null}},"69":{"start":{"line":207,"column":10},"end":{"line":207,"column":null}},"70":{"start":{"line":212,"column":4},"end":{"line":212,"column":null}},"71":{"start":{"line":217,"column":2},"end":{"line":217,"column":null}},"72":{"start":{"line":220,"column":2},"end":{"line":224,"column":null}},"73":{"start":{"line":221,"column":4},"end":{"line":221,"column":null}},"74":{"start":{"line":223,"column":4},"end":{"line":223,"column":null}},"75":{"start":{"line":227,"column":2},"end":{"line":235,"column":null}},"76":{"start":{"line":228,"column":4},"end":{"line":232,"column":null}},"77":{"start":{"line":229,"column":6},"end":{"line":229,"column":null}},"78":{"start":{"line":231,"column":6},"end":{"line":231,"column":null}},"79":{"start":{"line":234,"column":4},"end":{"line":234,"column":null}},"80":{"start":{"line":238,"column":2},"end":{"line":238,"column":null}},"81":{"start":{"line":239,"column":2},"end":{"line":239,"column":null}},"82":{"start":{"line":240,"column":2},"end":{"line":240,"column":null}},"83":{"start":{"line":243,"column":2},"end":{"line":243,"column":null}},"84":{"start":{"line":244,"column":2},"end":{"line":244,"column":null}},"85":{"start":{"line":245,"column":2},"end":{"line":245,"column":null}},"86":{"start":{"line":248,"column":2},"end":{"line":248,"column":null}},"87":{"start":{"line":251,"column":35},"end":{"line":258,"column":null}},"88":{"start":{"line":260,"column":2},"end":{"line":428,"column":null}},"89":{"start":{"line":261,"column":4},"end":{"line":424,"column":null}},"90":{"start":{"line":262,"column":6},"end":{"line":423,"column":null}},"91":{"start":{"line":264,"column":20},"end":{"line":264,"column":null}},"92":{"start":{"line":265,"column":23},"end":{"line":265,"column":null}},"93":{"start":{"line":268,"column":8},"end":{"line":270,"column":null}},"94":{"start":{"line":269,"column":10},"end":{"line":269,"column":null}},"95":{"start":{"line":273,"column":8},"end":{"line":275,"column":null}},"96":{"start":{"line":274,"column":10},"end":{"line":274,"column":null}},"97":{"start":{"line":278,"column":8},"end":{"line":278,"column":null}},"98":{"start":{"line":281,"column":8},"end":{"line":284,"column":null}},"99":{"start":{"line":282,"column":10},"end":{"line":282,"column":null}},"100":{"start":{"line":283,"column":10},"end":{"line":283,"column":null}},"101":{"start":{"line":287,"column":8},"end":{"line":290,"column":null}},"102":{"start":{"line":288,"column":10},"end":{"line":288,"column":null}},"103":{"start":{"line":289,"column":10},"end":{"line":289,"column":null}},"104":{"start":{"line":293,"column":20},"end":{"line":293,"column":null}},"105":{"start":{"line":294,"column":8},"end":{"line":297,"column":null}},"106":{"start":{"line":295,"column":10},"end":{"line":295,"column":null}},"107":{"start":{"line":296,"column":10},"end":{"line":296,"column":null}},"108":{"start":{"line":299,"column":8},"end":{"line":299,"column":null}},"109":{"start":{"line":300,"column":8},"end":{"line":300,"column":null}},"110":{"start":{"line":303,"column":8},"end":{"line":306,"column":null}},"111":{"start":{"line":304,"column":10},"end":{"line":304,"column":null}},"112":{"start":{"line":305,"column":10},"end":{"line":305,"column":null}},"113":{"start":{"line":307,"column":48},"end":{"line":325,"column":null}},"114":{"start":{"line":326,"column":26},"end":{"line":326,"column":null}},"115":{"start":{"line":327,"column":19},"end":{"line":327,"column":null}},"116":{"start":{"line":328,"column":23},"end":{"line":328,"column":null}},"117":{"start":{"line":330,"column":22},"end":{"line":330,"column":null}},"118":{"start":{"line":331,"column":22},"end":{"line":331,"column":null}},"119":{"start":{"line":332,"column":27},"end":{"line":332,"column":null}},"120":{"start":{"line":333,"column":26},"end":{"line":333,"column":null}},"121":{"start":{"line":335,"column":6},"end":{"line":335,"column":null}},"122":{"start":{"line":339,"column":6},"end":{"line":408,"column":null}},"123":{"start":{"line":340,"column":8},"end":{"line":353,"column":null}},"124":{"start":{"line":342,"column":10},"end":{"line":342,"column":null}},"125":{"start":{"line":343,"column":29},"end":{"line":343,"column":null}},"126":{"start":{"line":345,"column":10},"end":{"line":352,"column":null}},"127":{"start":{"line":356,"column":27},"end":{"line":356,"column":null}},"128":{"start":{"line":357,"column":8},"end":{"line":407,"column":null}},"129":{"start":{"line":358,"column":24},"end":{"line":358,"column":null}},"130":{"start":{"line":359,"column":20},"end":{"line":359,"column":null}},"131":{"start":{"line":362,"column":10},"end":{"line":365,"column":null}},"132":{"start":{"line":363,"column":12},"end":{"line":363,"column":null}},"133":{"start":{"line":364,"column":12},"end":{"line":364,"column":null}},"134":{"start":{"line":366,"column":10},"end":{"line":368,"column":null}},"135":{"start":{"line":367,"column":12},"end":{"line":367,"column":null}},"136":{"start":{"line":370,"column":10},"end":{"line":372,"column":null}},"137":{"start":{"line":371,"column":12},"end":{"line":371,"column":null}},"138":{"start":{"line":374,"column":10},"end":{"line":379,"column":null}},"139":{"start":{"line":375,"column":12},"end":{"line":378,"column":null}},"140":{"start":{"line":381,"column":28},"end":{"line":381,"column":null}},"141":{"start":{"line":383,"column":10},"end":{"line":383,"column":null}},"142":{"start":{"line":386,"column":60},"end":{"line":386,"column":null}},"143":{"start":{"line":387,"column":10},"end":{"line":406,"column":null}},"144":{"start":{"line":388,"column":12},"end":{"line":388,"column":null}},"145":{"start":{"line":389,"column":27},"end":{"line":389,"column":null}},"146":{"start":{"line":390,"column":12},"end":{"line":390,"column":null}},"147":{"start":{"line":392,"column":12},"end":{"line":400,"column":null}},"148":{"start":{"line":403,"column":12},"end":{"line":405,"column":null}},"149":{"start":{"line":404,"column":14},"end":{"line":404,"column":null}},"150":{"start":{"line":411,"column":25},"end":{"line":411,"column":null}},"151":{"start":{"line":412,"column":6},"end":{"line":419,"column":null}},"152":{"start":{"line":421,"column":8},"end":{"line":421,"column":null}},"153":{"start":{"line":422,"column":8},"end":{"line":422,"column":null}},"154":{"start":{"line":425,"column":4},"end":{"line":425,"column":null}},"155":{"start":{"line":427,"column":4},"end":{"line":427,"column":null}},"156":{"start":{"line":431,"column":2},"end":{"line":509,"column":null}},"157":{"start":{"line":432,"column":4},"end":{"line":432,"column":null}},"158":{"start":{"line":433,"column":4},"end":{"line":499,"column":null}},"159":{"start":{"line":434,"column":27},"end":{"line":434,"column":null}},"160":{"start":{"line":435,"column":6},"end":{"line":435,"column":null}},"161":{"start":{"line":437,"column":6},"end":{"line":495,"column":null}},"162":{"start":{"line":438,"column":20},"end":{"line":438,"column":null}},"163":{"start":{"line":439,"column":23},"end":{"line":439,"column":null}},"164":{"start":{"line":442,"column":8},"end":{"line":444,"column":null}},"165":{"start":{"line":443,"column":10},"end":{"line":443,"column":null}},"166":{"start":{"line":447,"column":8},"end":{"line":449,"column":null}},"167":{"start":{"line":448,"column":10},"end":{"line":448,"column":null}},"168":{"start":{"line":451,"column":25},"end":{"line":451,"column":null}},"169":{"start":{"line":452,"column":8},"end":{"line":452,"column":null}},"170":{"start":{"line":455,"column":31},"end":{"line":455,"column":null}},"171":{"start":{"line":456,"column":8},"end":{"line":459,"column":null}},"172":{"start":{"line":457,"column":10},"end":{"line":457,"column":null}},"173":{"start":{"line":458,"column":10},"end":{"line":458,"column":null}},"174":{"start":{"line":461,"column":8},"end":{"line":494,"column":null}},"175":{"start":{"line":462,"column":29},"end":{"line":462,"column":null}},"176":{"start":{"line":465,"column":22},"end":{"line":465,"column":null}},"177":{"start":{"line":466,"column":52},"end":{"line":481,"column":null}},"178":{"start":{"line":482,"column":30},"end":{"line":482,"column":null}},"179":{"start":{"line":484,"column":10},"end":{"line":490,"column":null}},"180":{"start":{"line":492,"column":10},"end":{"line":492,"column":null}},"181":{"start":{"line":493,"column":10},"end":{"line":493,"column":null}},"182":{"start":{"line":496,"column":6},"end":{"line":496,"column":null}},"183":{"start":{"line":498,"column":6},"end":{"line":498,"column":null}},"184":{"start":{"line":502,"column":4},"end":{"line":508,"column":null}},"185":{"start":{"line":503,"column":19},"end":{"line":503,"column":null}},"186":{"start":{"line":504,"column":6},"end":{"line":504,"column":null}},"187":{"start":{"line":505,"column":6},"end":{"line":505,"column":null}},"188":{"start":{"line":507,"column":6},"end":{"line":507,"column":null}},"189":{"start":{"line":512,"column":2},"end":{"line":512,"column":null}},"190":{"start":{"line":515,"column":2},"end":{"line":517,"column":null}},"191":{"start":{"line":516,"column":4},"end":{"line":516,"column":null}},"192":{"start":{"line":520,"column":2},"end":{"line":524,"column":null}},"193":{"start":{"line":521,"column":4},"end":{"line":523,"column":null}},"194":{"start":{"line":522,"column":6},"end":{"line":522,"column":null}},"195":{"start":{"line":528,"column":0},"end":{"line":528,"column":null}},"196":{"start":{"line":530,"column":0},"end":{"line":534,"column":null}},"197":{"start":{"line":531,"column":2},"end":{"line":533,"column":null}},"198":{"start":{"line":532,"column":4},"end":{"line":532,"column":null}},"199":{"start":{"line":537,"column":0},"end":{"line":553,"column":null}},"200":{"start":{"line":538,"column":2},"end":{"line":538,"column":null}},"201":{"start":{"line":541,"column":2},"end":{"line":543,"column":null}},"202":{"start":{"line":542,"column":4},"end":{"line":542,"column":null}},"203":{"start":{"line":546,"column":2},"end":{"line":549,"column":null}},"204":{"start":{"line":547,"column":4},"end":{"line":547,"column":null}},"205":{"start":{"line":548,"column":4},"end":{"line":548,"column":null}},"206":{"start":{"line":552,"column":2},"end":{"line":552,"column":null}},"207":{"start":{"line":555,"column":0},"end":{"line":559,"column":null}},"208":{"start":{"line":556,"column":2},"end":{"line":558,"column":null}},"209":{"start":{"line":557,"column":4},"end":{"line":557,"column":null}},"210":{"start":{"line":562,"column":19},"end":{"line":562,"column":null}},"211":{"start":{"line":564,"column":0},"end":{"line":573,"column":null}},"212":{"start":{"line":565,"column":2},"end":{"line":565,"column":null}},"213":{"start":{"line":567,"column":2},"end":{"line":572,"column":null}},"214":{"start":{"line":568,"column":4},"end":{"line":571,"column":null}},"215":{"start":{"line":569,"column":6},"end":{"line":569,"column":null}},"216":{"start":{"line":569,"column":39},"end":{"line":569,"column":null}},"217":{"start":{"line":570,"column":6},"end":{"line":570,"column":null}}},"fnMap":{"0":{"name":"createControlWindow","decl":{"start":{"line":50,"column":9},"end":{"line":50,"column":37}},"loc":{"start":{"line":50,"column":37},"end":{"line":112,"column":null}},"line":50},"1":{"name":"(anonymous_1)","decl":{"start":{"line":106,"column":29},"end":{"line":106,"column":35}},"loc":{"start":{"line":106,"column":35},"end":{"line":111,"column":3}},"line":106},"2":{"name":"startLocalServer","decl":{"start":{"line":118,"column":15},"end":{"line":118,"column":51}},"loc":{"start":{"line":118,"column":51},"end":{"line":214,"column":null}},"line":118},"3":{"name":"(anonymous_3)","decl":{"start":{"line":119,"column":21},"end":{"line":119,"column":22}},"loc":{"start":{"line":119,"column":42},"end":{"line":213,"column":3}},"line":119},"4":{"name":"(anonymous_4)","decl":{"start":{"line":144,"column":36},"end":{"line":144,"column":37}},"loc":{"start":{"line":144,"column":50},"end":{"line":195,"column":5}},"line":144},"5":{"name":"(anonymous_5)","decl":{"start":{"line":167,"column":28},"end":{"line":167,"column":29}},"loc":{"start":{"line":167,"column":43},"end":{"line":194,"column":7}},"line":167},"6":{"name":"(anonymous_6)","decl":{"start":{"line":171,"column":63},"end":{"line":171,"column":64}},"loc":{"start":{"line":171,"column":80},"end":{"line":183,"column":13}},"line":171},"7":{"name":"(anonymous_7)","decl":{"start":{"line":198,"column":20},"end":{"line":198,"column":21}},"loc":{"start":{"line":198,"column":38},"end":{"line":210,"column":null}},"line":198},"8":{"name":"(anonymous_8)","decl":{"start":{"line":199,"column":45},"end":{"line":199,"column":51}},"loc":{"start":{"line":199,"column":51},"end":{"line":203,"column":7}},"line":199},"9":{"name":"(anonymous_9)","decl":{"start":{"line":203,"column":21},"end":{"line":203,"column":22}},"loc":{"start":{"line":203,"column":35},"end":{"line":209,"column":7}},"line":203},"10":{"name":"initializeApp","decl":{"start":{"line":216,"column":15},"end":{"line":216,"column":46}},"loc":{"start":{"line":216,"column":46},"end":{"line":525,"column":null}},"line":216},"11":{"name":"(anonymous_11)","decl":{"start":{"line":227,"column":24},"end":{"line":227,"column":25}},"loc":{"start":{"line":227,"column":37},"end":{"line":233,"column":3}},"line":227},"12":{"name":"(anonymous_12)","decl":{"start":{"line":233,"column":11},"end":{"line":233,"column":12}},"loc":{"start":{"line":233,"column":20},"end":{"line":235,"column":3}},"line":233},"13":{"name":"(anonymous_13)","decl":{"start":{"line":261,"column":29},"end":{"line":261,"column":36}},"loc":{"start":{"line":261,"column":48},"end":{"line":424,"column":5}},"line":261},"14":{"name":"(anonymous_14)","decl":{"start":{"line":404,"column":37},"end":{"line":404,"column":43}},"loc":{"start":{"line":404,"column":43},"end":{"line":404,"column":45}},"line":404},"15":{"name":"(anonymous_15)","decl":{"start":{"line":437,"column":29},"end":{"line":437,"column":36}},"loc":{"start":{"line":437,"column":48},"end":{"line":495,"column":7}},"line":437},"16":{"name":"(anonymous_16)","decl":{"start":{"line":520,"column":31},"end":{"line":520,"column":32}},"loc":{"start":{"line":520,"column":45},"end":{"line":524,"column":3}},"line":520},"17":{"name":"(anonymous_17)","decl":{"start":{"line":530,"column":28},"end":{"line":530,"column":34}},"loc":{"start":{"line":530,"column":34},"end":{"line":534,"column":1}},"line":530},"18":{"name":"(anonymous_18)","decl":{"start":{"line":537,"column":22},"end":{"line":537,"column":28}},"loc":{"start":{"line":537,"column":28},"end":{"line":553,"column":1}},"line":537},"19":{"name":"(anonymous_19)","decl":{"start":{"line":555,"column":19},"end":{"line":555,"column":25}},"loc":{"start":{"line":555,"column":25},"end":{"line":559,"column":1}},"line":555},"20":{"name":"(anonymous_20)","decl":{"start":{"line":567,"column":28},"end":{"line":567,"column":34}},"loc":{"start":{"line":567,"column":34},"end":{"line":572,"column":3}},"line":567}},"branchMap":{"0":{"loc":{"start":{"line":48,"column":14},"end":{"line":48,"column":null}},"type":"binary-expr","locations":[{"start":{"line":48,"column":14},"end":{"line":48,"column":56}},{"start":{"line":48,"column":56},"end":{"line":48,"column":null}}],"line":48},"1":{"loc":{"start":{"line":54,"column":18},"end":{"line":54,"column":null}},"type":"cond-expr","locations":[{"start":{"line":54,"column":49},"end":{"line":54,"column":65}},{"start":{"line":54,"column":65},"end":{"line":54,"column":null}}],"line":54},"2":{"loc":{"start":{"line":60,"column":14},"end":{"line":60,"column":43}},"type":"binary-expr","locations":[{"start":{"line":60,"column":14},"end":{"line":60,"column":39}},{"start":{"line":60,"column":39},"end":{"line":60,"column":43}}],"line":60},"3":{"loc":{"start":{"line":70,"column":4},"end":{"line":73,"column":null}},"type":"if","locations":[{"start":{"line":70,"column":4},"end":{"line":73,"column":null}},{"start":{},"end":{}}],"line":70},"4":{"loc":{"start":{"line":98,"column":2},"end":{"line":104,"column":null}},"type":"if","locations":[{"start":{"line":98,"column":2},"end":{"line":104,"column":null}},{"start":{"line":101,"column":9},"end":{"line":104,"column":null}}],"line":98},"5":{"loc":{"start":{"line":145,"column":21},"end":{"line":145,"column":null}},"type":"binary-expr","locations":[{"start":{"line":145,"column":21},"end":{"line":145,"column":32}},{"start":{"line":145,"column":32},"end":{"line":145,"column":null}}],"line":145},"6":{"loc":{"start":{"line":148,"column":6},"end":{"line":150,"column":null}},"type":"if","locations":[{"start":{"line":148,"column":6},"end":{"line":150,"column":null}},{"start":{},"end":{}}],"line":148},"7":{"loc":{"start":{"line":153,"column":6},"end":{"line":155,"column":null}},"type":"if","locations":[{"start":{"line":153,"column":6},"end":{"line":155,"column":null}},{"start":{},"end":{}}],"line":153},"8":{"loc":{"start":{"line":153,"column":10},"end":{"line":153,"column":55}},"type":"binary-expr","locations":[{"start":{"line":153,"column":10},"end":{"line":153,"column":30}},{"start":{"line":153,"column":30},"end":{"line":153,"column":55}}],"line":153},"9":{"loc":{"start":{"line":161,"column":6},"end":{"line":165,"column":null}},"type":"if","locations":[{"start":{"line":161,"column":6},"end":{"line":165,"column":null}},{"start":{},"end":{}}],"line":161},"10":{"loc":{"start":{"line":169,"column":10},"end":{"line":185,"column":null}},"type":"if","locations":[{"start":{"line":169,"column":10},"end":{"line":185,"column":null}},{"start":{},"end":{}}],"line":169},"11":{"loc":{"start":{"line":173,"column":16},"end":{"line":179,"column":null}},"type":"if","locations":[{"start":{"line":173,"column":16},"end":{"line":179,"column":null}},{"start":{"line":176,"column":23},"end":{"line":179,"column":null}}],"line":173},"12":{"loc":{"start":{"line":188,"column":30},"end":{"line":188,"column":null}},"type":"binary-expr","locations":[{"start":{"line":188,"column":30},"end":{"line":188,"column":48}},{"start":{"line":188,"column":48},"end":{"line":188,"column":null}}],"line":188},"13":{"loc":{"start":{"line":204,"column":8},"end":{"line":208,"column":null}},"type":"if","locations":[{"start":{"line":204,"column":8},"end":{"line":208,"column":null}},{"start":{"line":206,"column":15},"end":{"line":208,"column":null}}],"line":204},"14":{"loc":{"start":{"line":228,"column":4},"end":{"line":232,"column":null}},"type":"if","locations":[{"start":{"line":228,"column":4},"end":{"line":232,"column":null}},{"start":{"line":230,"column":11},"end":{"line":232,"column":null}}],"line":228},"15":{"loc":{"start":{"line":268,"column":8},"end":{"line":270,"column":null}},"type":"if","locations":[{"start":{"line":268,"column":8},"end":{"line":270,"column":null}},{"start":{},"end":{}}],"line":268},"16":{"loc":{"start":{"line":268,"column":12},"end":{"line":268,"column":70}},"type":"binary-expr","locations":[{"start":{"line":268,"column":12},"end":{"line":268,"column":44}},{"start":{"line":268,"column":44},"end":{"line":268,"column":70}}],"line":268},"17":{"loc":{"start":{"line":273,"column":8},"end":{"line":275,"column":null}},"type":"if","locations":[{"start":{"line":273,"column":8},"end":{"line":275,"column":null}},{"start":{},"end":{}}],"line":273},"18":{"loc":{"start":{"line":281,"column":8},"end":{"line":284,"column":null}},"type":"if","locations":[{"start":{"line":281,"column":8},"end":{"line":284,"column":null}},{"start":{},"end":{}}],"line":281},"19":{"loc":{"start":{"line":287,"column":8},"end":{"line":290,"column":null}},"type":"if","locations":[{"start":{"line":287,"column":8},"end":{"line":290,"column":null}},{"start":{},"end":{}}],"line":287},"20":{"loc":{"start":{"line":294,"column":8},"end":{"line":297,"column":null}},"type":"if","locations":[{"start":{"line":294,"column":8},"end":{"line":297,"column":null}},{"start":{},"end":{}}],"line":294},"21":{"loc":{"start":{"line":303,"column":8},"end":{"line":306,"column":null}},"type":"if","locations":[{"start":{"line":303,"column":8},"end":{"line":306,"column":null}},{"start":{},"end":{}}],"line":303},"22":{"loc":{"start":{"line":326,"column":26},"end":{"line":326,"column":null}},"type":"binary-expr","locations":[{"start":{"line":326,"column":26},"end":{"line":326,"column":44}},{"start":{"line":326,"column":44},"end":{"line":326,"column":null}}],"line":326},"23":{"loc":{"start":{"line":332,"column":27},"end":{"line":332,"column":null}},"type":"binary-expr","locations":[{"start":{"line":332,"column":27},"end":{"line":332,"column":38}},{"start":{"line":332,"column":38},"end":{"line":332,"column":null}}],"line":332},"24":{"loc":{"start":{"line":335,"column":70},"end":{"line":335,"column":91}},"type":"binary-expr","locations":[{"start":{"line":335,"column":70},"end":{"line":335,"column":85}},{"start":{"line":335,"column":85},"end":{"line":335,"column":91}}],"line":335},"25":{"loc":{"start":{"line":339,"column":6},"end":{"line":408,"column":null}},"type":"if","locations":[{"start":{"line":339,"column":6},"end":{"line":408,"column":null}},{"start":{},"end":{}}],"line":339},"26":{"loc":{"start":{"line":340,"column":8},"end":{"line":353,"column":null}},"type":"if","locations":[{"start":{"line":340,"column":8},"end":{"line":353,"column":null}},{"start":{},"end":{}}],"line":340},"27":{"loc":{"start":{"line":340,"column":12},"end":{"line":340,"column":94}},"type":"binary-expr","locations":[{"start":{"line":340,"column":12},"end":{"line":340,"column":28}},{"start":{"line":340,"column":28},"end":{"line":340,"column":58}},{"start":{"line":340,"column":58},"end":{"line":340,"column":94}}],"line":340},"28":{"loc":{"start":{"line":357,"column":8},"end":{"line":407,"column":null}},"type":"if","locations":[{"start":{"line":357,"column":8},"end":{"line":407,"column":null}},{"start":{},"end":{}}],"line":357},"29":{"loc":{"start":{"line":359,"column":20},"end":{"line":359,"column":null}},"type":"cond-expr","locations":[{"start":{"line":359,"column":36},"end":{"line":359,"column":66}},{"start":{"line":359,"column":66},"end":{"line":359,"column":null}}],"line":359},"30":{"loc":{"start":{"line":362,"column":10},"end":{"line":365,"column":null}},"type":"if","locations":[{"start":{"line":362,"column":10},"end":{"line":365,"column":null}},{"start":{},"end":{}}],"line":362},"31":{"loc":{"start":{"line":362,"column":14},"end":{"line":362,"column":41}},"type":"binary-expr","locations":[{"start":{"line":362,"column":14},"end":{"line":362,"column":30}},{"start":{"line":362,"column":30},"end":{"line":362,"column":41}}],"line":362},"32":{"loc":{"start":{"line":366,"column":10},"end":{"line":368,"column":null}},"type":"if","locations":[{"start":{"line":366,"column":10},"end":{"line":368,"column":null}},{"start":{},"end":{}}],"line":366},"33":{"loc":{"start":{"line":366,"column":14},"end":{"line":366,"column":41}},"type":"binary-expr","locations":[{"start":{"line":366,"column":14},"end":{"line":366,"column":28}},{"start":{"line":366,"column":28},"end":{"line":366,"column":41}}],"line":366},"34":{"loc":{"start":{"line":370,"column":10},"end":{"line":372,"column":null}},"type":"if","locations":[{"start":{"line":370,"column":10},"end":{"line":372,"column":null}},{"start":{},"end":{}}],"line":370},"35":{"loc":{"start":{"line":374,"column":10},"end":{"line":379,"column":null}},"type":"if","locations":[{"start":{"line":374,"column":10},"end":{"line":379,"column":null}},{"start":{},"end":{}}],"line":374},"36":{"loc":{"start":{"line":403,"column":12},"end":{"line":405,"column":null}},"type":"if","locations":[{"start":{"line":403,"column":12},"end":{"line":405,"column":null}},{"start":{},"end":{}}],"line":403},"37":{"loc":{"start":{"line":431,"column":2},"end":{"line":509,"column":null}},"type":"if","locations":[{"start":{"line":431,"column":2},"end":{"line":509,"column":null}},{"start":{},"end":{}}],"line":431},"38":{"loc":{"start":{"line":442,"column":8},"end":{"line":444,"column":null}},"type":"if","locations":[{"start":{"line":442,"column":8},"end":{"line":444,"column":null}},{"start":{},"end":{}}],"line":442},"39":{"loc":{"start":{"line":442,"column":12},"end":{"line":442,"column":49}},"type":"binary-expr","locations":[{"start":{"line":442,"column":12},"end":{"line":442,"column":32}},{"start":{"line":442,"column":32},"end":{"line":442,"column":49}}],"line":442},"40":{"loc":{"start":{"line":447,"column":8},"end":{"line":449,"column":null}},"type":"if","locations":[{"start":{"line":447,"column":8},"end":{"line":449,"column":null}},{"start":{},"end":{}}],"line":447},"41":{"loc":{"start":{"line":456,"column":8},"end":{"line":459,"column":null}},"type":"if","locations":[{"start":{"line":456,"column":8},"end":{"line":459,"column":null}},{"start":{},"end":{}}],"line":456},"42":{"loc":{"start":{"line":482,"column":30},"end":{"line":482,"column":null}},"type":"binary-expr","locations":[{"start":{"line":482,"column":30},"end":{"line":482,"column":48}},{"start":{"line":482,"column":48},"end":{"line":482,"column":null}}],"line":482},"43":{"loc":{"start":{"line":515,"column":2},"end":{"line":517,"column":null}},"type":"if","locations":[{"start":{"line":515,"column":2},"end":{"line":517,"column":null}},{"start":{},"end":{}}],"line":515},"44":{"loc":{"start":{"line":521,"column":4},"end":{"line":523,"column":null}},"type":"if","locations":[{"start":{"line":521,"column":4},"end":{"line":523,"column":null}},{"start":{},"end":{}}],"line":521},"45":{"loc":{"start":{"line":531,"column":2},"end":{"line":533,"column":null}},"type":"if","locations":[{"start":{"line":531,"column":2},"end":{"line":533,"column":null}},{"start":{},"end":{}}],"line":531},"46":{"loc":{"start":{"line":541,"column":2},"end":{"line":543,"column":null}},"type":"if","locations":[{"start":{"line":541,"column":2},"end":{"line":543,"column":null}},{"start":{},"end":{}}],"line":541},"47":{"loc":{"start":{"line":546,"column":2},"end":{"line":549,"column":null}},"type":"if","locations":[{"start":{"line":546,"column":2},"end":{"line":549,"column":null}},{"start":{},"end":{}}],"line":546},"48":{"loc":{"start":{"line":556,"column":2},"end":{"line":558,"column":null}},"type":"if","locations":[{"start":{"line":556,"column":2},"end":{"line":558,"column":null}},{"start":{},"end":{}}],"line":556},"49":{"loc":{"start":{"line":564,"column":0},"end":{"line":573,"column":null}},"type":"if","locations":[{"start":{"line":564,"column":0},"end":{"line":573,"column":null}},{"start":{"line":566,"column":7},"end":{"line":573,"column":null}}],"line":564},"50":{"loc":{"start":{"line":568,"column":4},"end":{"line":571,"column":null}},"type":"if","locations":[{"start":{"line":568,"column":4},"end":{"line":571,"column":null}},{"start":{},"end":{}}],"line":568},"51":{"loc":{"start":{"line":569,"column":6},"end":{"line":569,"column":null}},"type":"if","locations":[{"start":{"line":569,"column":6},"end":{"line":569,"column":null}},{"start":{},"end":{}}],"line":569}},"s":{"0":0,"1":0,"2":0,"3":0,"4":0,"5":0,"6":0,"7":0,"8":0,"9":0,"10":0,"11":0,"12":0,"13":0,"14":0,"15":0,"16":0,"17":0,"18":0,"19":0,"20":0,"21":0,"22":0,"23":0,"24":0,"25":0,"26":0,"27":0,"28":0,"29":0,"30":0,"31":0,"32":0,"33":0,"34":0,"35":0,"36":0,"37":0,"38":0,"39":0,"40":0,"41":0,"42":0,"43":0,"44":0,"45":0,"46":0,"47":0,"48":0,"49":0,"50":0,"51":0,"52":0,"53":0,"54":0,"55":0,"56":0,"57":0,"58":0,"59":0,"60":0,"61":0,"62":0,"63":0,"64":0,"65":0,"66":0,"67":0,"68":0,"69":0,"70":0,"71":0,"72":0,"73":0,"74":0,"75":0,"76":0,"77":0,"78":0,"79":0,"80":0,"81":0,"82":0,"83":0,"84":0,"85":0,"86":0,"87":0,"88":0,"89":0,"90":0,"91":0,"92":0,"93":0,"94":0,"95":0,"96":0,"97":0,"98":0,"99":0,"100":0,"101":0,"102":0,"103":0,"104":0,"105":0,"106":0,"107":0,"108":0,"109":0,"110":0,"111":0,"112":0,"113":0,"114":0,"115":0,"116":0,"117":0,"118":0,"119":0,"120":0,"121":0,"122":0,"123":0,"124":0,"125":0,"126":0,"127":0,"128":0,"129":0,"130":0,"131":0,"132":0,"133":0,"134":0,"135":0,"136":0,"137":0,"138":0,"139":0,"140":0,"141":0,"142":0,"143":0,"144":0,"145":0,"146":0,"147":0,"148":0,"149":0,"150":0,"151":0,"152":0,"153":0,"154":0,"155":0,"156":0,"157":0,"158":0,"159":0,"160":0,"161":0,"162":0,"163":0,"164":0,"165":0,"166":0,"167":0,"168":0,"169":0,"170":0,"171":0,"172":0,"173":0,"174":0,"175":0,"176":0,"177":0,"178":0,"179":0,"180":0,"181":0,"182":0,"183":0,"184":0,"185":0,"186":0,"187":0,"188":0,"189":0,"190":0,"191":0,"192":0,"193":0,"194":0,"195":0,"196":0,"197":0,"198":0,"199":0,"200":0,"201":0,"202":0,"203":0,"204":0,"205":0,"206":0,"207":0,"208":0,"209":0,"210":0,"211":0,"212":0,"213":0,"214":0,"215":0,"216":0,"217":0},"f":{"0":0,"1":0,"2":0,"3":0,"4":0,"5":0,"6":0,"7":0,"8":0,"9":0,"10":0,"11":0,"12":0,"13":0,"14":0,"15":0,"16":0,"17":0,"18":0,"19":0,"20":0},"b":{"0":[0,0],"1":[0,0],"2":[0,0],"3":[0,0],"4":[0,0],"5":[0,0],"6":[0,0],"7":[0,0],"8":[0,0],"9":[0,0],"10":[0,0],"11":[0,0],"12":[0,0],"13":[0,0],"14":[0,0],"15":[0,0],"16":[0,0],"17":[0,0],"18":[0,0],"19":[0,0],"20":[0,0],"21":[0,0],"22":[0,0],"23":[0,0],"24":[0,0],"25":[0,0],"26":[0,0],"27":[0,0,0],"28":[0,0],"29":[0,0],"30":[0,0],"31":[0,0],"32":[0,0],"33":[0,0],"34":[0,0],"35":[0,0],"36":[0,0],"37":[0,0],"38":[0,0],"39":[0,0],"40":[0,0],"41":[0,0],"42":[0,0],"43":[0,0],"44":[0,0],"45":[0,0],"46":[0,0],"47":[0,0],"48":[0,0],"49":[0,0],"50":[0,0],"51":[0,0]},"meta":{"lastBranch":52,"lastFunction":21,"lastStatement":218,"seen":{"s:11:38:11:Infinity":0,"s:12:29:12:Infinity":1,"s:15:0:15:Infinity":2,"s:16:0:16:Infinity":3,"s:17:0:17:Infinity":4,"s:18:0:18:Infinity":5,"s:21:0:42:Infinity":6,"s:45:42:45:Infinity":7,"s:48:14:48:Infinity":8,"b:48:14:48:56:48:56:48:Infinity":0,"f:50:9:50:37":0,"s:51:25:51:Infinity":9,"s:54:18:54:Infinity":10,"b:54:49:54:65:54:65:54:Infinity":1,"s:55:17:55:Infinity":11,"s:58:24:67:Infinity":12,"b:60:14:60:39:60:39:60:43":2,"s:69:2:74:Infinity":13,"b:70:4:73:Infinity:undefined:undefined:undefined:undefined":3,"s:70:4:73:Infinity":14,"s:71:6:71:Infinity":15,"s:72:6:72:Infinity":16,"s:76:2:76:Infinity":17,"s:77:2:77:Infinity":18,"s:78:2:78:Infinity":19,"s:80:2:95:Infinity":20,"b:98:2:104:Infinity:101:9:104:Infinity":4,"s:98:2:104:Infinity":21,"s:99:4:99:Infinity":22,"s:100:4:100:Infinity":23,"s:103:4:103:Infinity":24,"s:106:2:111:Infinity":25,"f:106:29:106:35":1,"s:107:4:107:Infinity":26,"s:109:4:109:Infinity":27,"s:110:4:110:Infinity":28,"f:118:15:118:51":2,"s:119:2:213:Infinity":29,"f:119:21:119:22":3,"s:120:25:120:Infinity":30,"s:121:4:121:Infinity":31,"s:123:46:142:Infinity":32,"s:144:4:195:Infinity":33,"f:144:36:144:37":4,"s:145:21:145:Infinity":34,"b:145:21:145:32:145:32:145:Infinity":5,"b:148:6:150:Infinity:undefined:undefined:undefined:undefined":6,"s:148:6:150:Infinity":35,"s:149:8:149:Infinity":36,"b:153:6:155:Infinity:undefined:undefined:undefined:undefined":7,"s:153:6:155:Infinity":37,"b:153:10:153:30:153:30:153:55":8,"s:154:8:154:Infinity":38,"s:157:23:157:Infinity":39,"s:160:29:160:Infinity":40,"b:161:6:165:Infinity:undefined:undefined:undefined:undefined":9,"s:161:6:165:Infinity":41,"s:162:8:162:Infinity":42,"s:163:8:163:Infinity":43,"s:164:8:164:Infinity":44,"s:167:6:194:Infinity":45,"f:167:28:167:29":5,"s:168:8:193:Infinity":46,"b:169:10:185:Infinity:undefined:undefined:undefined:undefined":10,"s:169:10:185:Infinity":47,"s:171:12:183:Infinity":48,"f:171:63:171:64":6,"s:172:14:182:Infinity":49,"b:173:16:179:Infinity:176:23:179:Infinity":11,"s:173:16:179:Infinity":50,"s:174:18:174:Infinity":51,"s:175:18:175:Infinity":52,"s:177:18:177:Infinity":53,"s:178:18:178:Infinity":54,"s:181:16:181:Infinity":55,"s:184:12:184:Infinity":56,"s:187:22:187:Infinity":57,"s:188:30:188:Infinity":58,"b:188:30:188:48:188:48:188:Infinity":12,"s:189:10:189:Infinity":59,"s:190:10:190:Infinity":60,"s:192:10:192:Infinity":61,"s:198:20:210:Infinity":62,"f:198:20:198:21":7,"s:199:6:209:Infinity":63,"f:199:45:199:51":8,"s:200:8:200:Infinity":64,"s:201:8:201:Infinity":65,"s:202:8:202:Infinity":66,"f:203:21:203:22":9,"b:204:8:208:Infinity:206:15:208:Infinity":13,"s:204:8:208:Infinity":67,"s:205:10:205:Infinity":68,"s:207:10:207:Infinity":69,"s:212:4:212:Infinity":70,"f:216:15:216:46":10,"s:217:2:217:Infinity":71,"s:220:2:224:Infinity":72,"s:221:4:221:Infinity":73,"s:223:4:223:Infinity":74,"s:227:2:235:Infinity":75,"f:227:24:227:25":11,"b:228:4:232:Infinity:230:11:232:Infinity":14,"s:228:4:232:Infinity":76,"s:229:6:229:Infinity":77,"s:231:6:231:Infinity":78,"f:233:11:233:12":12,"s:234:4:234:Infinity":79,"s:238:2:238:Infinity":80,"s:239:2:239:Infinity":81,"s:240:2:240:Infinity":82,"s:243:2:243:Infinity":83,"s:244:2:244:Infinity":84,"s:245:2:245:Infinity":85,"s:248:2:248:Infinity":86,"s:251:35:258:Infinity":87,"s:260:2:428:Infinity":88,"s:261:4:424:Infinity":89,"f:261:29:261:36":13,"s:262:6:423:Infinity":90,"s:264:20:264:Infinity":91,"s:265:23:265:Infinity":92,"b:268:8:270:Infinity:undefined:undefined:undefined:undefined":15,"s:268:8:270:Infinity":93,"b:268:12:268:44:268:44:268:70":16,"s:269:10:269:Infinity":94,"b:273:8:275:Infinity:undefined:undefined:undefined:undefined":17,"s:273:8:275:Infinity":95,"s:274:10:274:Infinity":96,"s:278:8:278:Infinity":97,"b:281:8:284:Infinity:undefined:undefined:undefined:undefined":18,"s:281:8:284:Infinity":98,"s:282:10:282:Infinity":99,"s:283:10:283:Infinity":100,"b:287:8:290:Infinity:undefined:undefined:undefined:undefined":19,"s:287:8:290:Infinity":101,"s:288:10:288:Infinity":102,"s:289:10:289:Infinity":103,"s:293:20:293:Infinity":104,"b:294:8:297:Infinity:undefined:undefined:undefined:undefined":20,"s:294:8:297:Infinity":105,"s:295:10:295:Infinity":106,"s:296:10:296:Infinity":107,"s:299:8:299:Infinity":108,"s:300:8:300:Infinity":109,"b:303:8:306:Infinity:undefined:undefined:undefined:undefined":21,"s:303:8:306:Infinity":110,"s:304:10:304:Infinity":111,"s:305:10:305:Infinity":112,"s:307:48:325:Infinity":113,"s:326:26:326:Infinity":114,"b:326:26:326:44:326:44:326:Infinity":22,"s:327:19:327:Infinity":115,"s:328:23:328:Infinity":116,"s:330:22:330:Infinity":117,"s:331:22:331:Infinity":118,"s:332:27:332:Infinity":119,"b:332:27:332:38:332:38:332:Infinity":23,"s:333:26:333:Infinity":120,"s:335:6:335:Infinity":121,"b:335:70:335:85:335:85:335:91":24,"b:339:6:408:Infinity:undefined:undefined:undefined:undefined":25,"s:339:6:408:Infinity":122,"b:340:8:353:Infinity:undefined:undefined:undefined:undefined":26,"s:340:8:353:Infinity":123,"b:340:12:340:28:340:28:340:58:340:58:340:94":27,"s:342:10:342:Infinity":124,"s:343:29:343:Infinity":125,"s:345:10:352:Infinity":126,"s:356:27:356:Infinity":127,"b:357:8:407:Infinity:undefined:undefined:undefined:undefined":28,"s:357:8:407:Infinity":128,"s:358:24:358:Infinity":129,"s:359:20:359:Infinity":130,"b:359:36:359:66:359:66:359:Infinity":29,"b:362:10:365:Infinity:undefined:undefined:undefined:undefined":30,"s:362:10:365:Infinity":131,"b:362:14:362:30:362:30:362:41":31,"s:363:12:363:Infinity":132,"s:364:12:364:Infinity":133,"b:366:10:368:Infinity:undefined:undefined:undefined:undefined":32,"s:366:10:368:Infinity":134,"b:366:14:366:28:366:28:366:41":33,"s:367:12:367:Infinity":135,"b:370:10:372:Infinity:undefined:undefined:undefined:undefined":34,"s:370:10:372:Infinity":136,"s:371:12:371:Infinity":137,"b:374:10:379:Infinity:undefined:undefined:undefined:undefined":35,"s:374:10:379:Infinity":138,"s:375:12:378:Infinity":139,"s:381:28:381:Infinity":140,"s:383:10:383:Infinity":141,"s:386:60:386:Infinity":142,"s:387:10:406:Infinity":143,"s:388:12:388:Infinity":144,"s:389:27:389:Infinity":145,"s:390:12:390:Infinity":146,"s:392:12:400:Infinity":147,"b:403:12:405:Infinity:undefined:undefined:undefined:undefined":36,"s:403:12:405:Infinity":148,"s:404:14:404:Infinity":149,"f:404:37:404:43":14,"s:411:25:411:Infinity":150,"s:412:6:419:Infinity":151,"s:421:8:421:Infinity":152,"s:422:8:422:Infinity":153,"s:425:4:425:Infinity":154,"s:427:4:427:Infinity":155,"b:431:2:509:Infinity:undefined:undefined:undefined:undefined":37,"s:431:2:509:Infinity":156,"s:432:4:432:Infinity":157,"s:433:4:499:Infinity":158,"s:434:27:434:Infinity":159,"s:435:6:435:Infinity":160,"s:437:6:495:Infinity":161,"f:437:29:437:36":15,"s:438:20:438:Infinity":162,"s:439:23:439:Infinity":163,"b:442:8:444:Infinity:undefined:undefined:undefined:undefined":38,"s:442:8:444:Infinity":164,"b:442:12:442:32:442:32:442:49":39,"s:443:10:443:Infinity":165,"b:447:8:449:Infinity:undefined:undefined:undefined:undefined":40,"s:447:8:449:Infinity":166,"s:448:10:448:Infinity":167,"s:451:25:451:Infinity":168,"s:452:8:452:Infinity":169,"s:455:31:455:Infinity":170,"b:456:8:459:Infinity:undefined:undefined:undefined:undefined":41,"s:456:8:459:Infinity":171,"s:457:10:457:Infinity":172,"s:458:10:458:Infinity":173,"s:461:8:494:Infinity":174,"s:462:29:462:Infinity":175,"s:465:22:465:Infinity":176,"s:466:52:481:Infinity":177,"s:482:30:482:Infinity":178,"b:482:30:482:48:482:48:482:Infinity":42,"s:484:10:490:Infinity":179,"s:492:10:492:Infinity":180,"s:493:10:493:Infinity":181,"s:496:6:496:Infinity":182,"s:498:6:498:Infinity":183,"s:502:4:508:Infinity":184,"s:503:19:503:Infinity":185,"s:504:6:504:Infinity":186,"s:505:6:505:Infinity":187,"s:507:6:507:Infinity":188,"s:512:2:512:Infinity":189,"b:515:2:517:Infinity:undefined:undefined:undefined:undefined":43,"s:515:2:517:Infinity":190,"s:516:4:516:Infinity":191,"s:520:2:524:Infinity":192,"f:520:31:520:32":16,"b:521:4:523:Infinity:undefined:undefined:undefined:undefined":44,"s:521:4:523:Infinity":193,"s:522:6:522:Infinity":194,"s:528:0:528:Infinity":195,"s:530:0:534:Infinity":196,"f:530:28:530:34":17,"b:531:2:533:Infinity:undefined:undefined:undefined:undefined":45,"s:531:2:533:Infinity":197,"s:532:4:532:Infinity":198,"s:537:0:553:Infinity":199,"f:537:22:537:28":18,"s:538:2:538:Infinity":200,"b:541:2:543:Infinity:undefined:undefined:undefined:undefined":46,"s:541:2:543:Infinity":201,"s:542:4:542:Infinity":202,"b:546:2:549:Infinity:undefined:undefined:undefined:undefined":47,"s:546:2:549:Infinity":203,"s:547:4:547:Infinity":204,"s:548:4:548:Infinity":205,"s:552:2:552:Infinity":206,"s:555:0:559:Infinity":207,"f:555:19:555:25":19,"b:556:2:558:Infinity:undefined:undefined:undefined:undefined":48,"s:556:2:558:Infinity":208,"s:557:4:557:Infinity":209,"s:562:19:562:Infinity":210,"b:564:0:573:Infinity:566:7:573:Infinity":49,"s:564:0:573:Infinity":211,"s:565:2:565:Infinity":212,"s:567:2:572:Infinity":213,"f:567:28:567:34":20,"b:568:4:571:Infinity:undefined:undefined:undefined:undefined":50,"s:568:4:571:Infinity":214,"b:569:6:569:Infinity:undefined:undefined:undefined:undefined":51,"s:569:6:569:Infinity":215,"s:569:39:569:Infinity":216,"s:570:6:570:Infinity":217}}}
,"C:\\Users\\shilo\\Documents\\solupresenter\\desktop\\src\\main\\database\\bibleThemes.ts": {"path":"C:\\Users\\shilo\\Documents\\solupresenter\\desktop\\src\\main\\database\\bibleThemes.ts","statementMap":{"0":{"start":{"line":22,"column":2},"end":{"line":22,"column":null}},"1":{"start":{"line":29,"column":2},"end":{"line":29,"column":null}},"2":{"start":{"line":36,"column":8},"end":{"line":36,"column":null}},"3":{"start":{"line":37,"column":2},"end":{"line":37,"column":null}},"4":{"start":{"line":37,"column":13},"end":{"line":37,"column":null}},"5":{"start":{"line":40,"column":2},"end":{"line":40,"column":null}},"6":{"start":{"line":47,"column":8},"end":{"line":47,"column":null}},"7":{"start":{"line":48,"column":2},"end":{"line":48,"column":null}},"8":{"start":{"line":48,"column":11},"end":{"line":48,"column":null}},"9":{"start":{"line":50,"column":8},"end":{"line":50,"column":null}},"10":{"start":{"line":51,"column":8},"end":{"line":51,"column":null}},"11":{"start":{"line":53,"column":24},"end":{"line":56,"column":null}},"12":{"start":{"line":58,"column":27},"end":{"line":61,"column":null}},"13":{"start":{"line":64,"column":32},"end":{"line":64,"column":null}},"14":{"start":{"line":65,"column":35},"end":{"line":65,"column":null}},"15":{"start":{"line":67,"column":39},"end":{"line":67,"column":null}},"16":{"start":{"line":68,"column":42},"end":{"line":68,"column":null}},"17":{"start":{"line":71,"column":20},"end":{"line":71,"column":null}},"18":{"start":{"line":72,"column":21},"end":{"line":72,"column":null}},"19":{"start":{"line":73,"column":24},"end":{"line":73,"column":null}},"20":{"start":{"line":74,"column":25},"end":{"line":74,"column":null}},"21":{"start":{"line":75,"column":28},"end":{"line":75,"column":null}},"22":{"start":{"line":76,"column":32},"end":{"line":76,"column":null}},"23":{"start":{"line":77,"column":35},"end":{"line":77,"column":null}},"24":{"start":{"line":78,"column":20},"end":{"line":78,"column":null}},"25":{"start":{"line":79,"column":27},"end":{"line":79,"column":null}},"26":{"start":{"line":80,"column":27},"end":{"line":80,"column":null}},"27":{"start":{"line":81,"column":26},"end":{"line":81,"column":null}},"28":{"start":{"line":83,"column":2},"end":{"line":102,"column":null}},"29":{"start":{"line":104,"column":2},"end":{"line":104,"column":null}},"30":{"start":{"line":107,"column":2},"end":{"line":125,"column":null}},"31":{"start":{"line":132,"column":8},"end":{"line":132,"column":null}},"32":{"start":{"line":133,"column":2},"end":{"line":133,"column":null}},"33":{"start":{"line":133,"column":11},"end":{"line":133,"column":null}},"34":{"start":{"line":135,"column":19},"end":{"line":135,"column":null}},"35":{"start":{"line":136,"column":2},"end":{"line":136,"column":null}},"36":{"start":{"line":136,"column":17},"end":{"line":136,"column":null}},"37":{"start":{"line":139,"column":2},"end":{"line":141,"column":null}},"38":{"start":{"line":140,"column":4},"end":{"line":140,"column":null}},"39":{"start":{"line":143,"column":28},"end":{"line":143,"column":null}},"40":{"start":{"line":144,"column":24},"end":{"line":144,"column":null}},"41":{"start":{"line":145,"column":8},"end":{"line":145,"column":null}},"42":{"start":{"line":148,"column":23},"end":{"line":148,"column":null}},"43":{"start":{"line":150,"column":2},"end":{"line":154,"column":null}},"44":{"start":{"line":151,"column":4},"end":{"line":151,"column":null}},"45":{"start":{"line":152,"column":4},"end":{"line":152,"column":null}},"46":{"start":{"line":153,"column":4},"end":{"line":153,"column":null}},"47":{"start":{"line":155,"column":2},"end":{"line":159,"column":null}},"48":{"start":{"line":156,"column":4},"end":{"line":156,"column":null}},"49":{"start":{"line":157,"column":4},"end":{"line":157,"column":null}},"50":{"start":{"line":158,"column":4},"end":{"line":158,"column":null}},"51":{"start":{"line":160,"column":2},"end":{"line":164,"column":null}},"52":{"start":{"line":161,"column":4},"end":{"line":161,"column":null}},"53":{"start":{"line":162,"column":4},"end":{"line":162,"column":null}},"54":{"start":{"line":163,"column":4},"end":{"line":163,"column":null}},"55":{"start":{"line":165,"column":2},"end":{"line":169,"column":null}},"56":{"start":{"line":166,"column":4},"end":{"line":166,"column":null}},"57":{"start":{"line":167,"column":4},"end":{"line":167,"column":null}},"58":{"start":{"line":168,"column":4},"end":{"line":168,"column":null}},"59":{"start":{"line":170,"column":2},"end":{"line":174,"column":null}},"60":{"start":{"line":171,"column":4},"end":{"line":171,"column":null}},"61":{"start":{"line":172,"column":4},"end":{"line":172,"column":null}},"62":{"start":{"line":173,"column":4},"end":{"line":173,"column":null}},"63":{"start":{"line":175,"column":2},"end":{"line":179,"column":null}},"64":{"start":{"line":176,"column":4},"end":{"line":176,"column":null}},"65":{"start":{"line":177,"column":4},"end":{"line":177,"column":null}},"66":{"start":{"line":178,"column":4},"end":{"line":178,"column":null}},"67":{"start":{"line":180,"column":2},"end":{"line":184,"column":null}},"68":{"start":{"line":181,"column":4},"end":{"line":181,"column":null}},"69":{"start":{"line":182,"column":4},"end":{"line":182,"column":null}},"70":{"start":{"line":183,"column":4},"end":{"line":183,"column":null}},"71":{"start":{"line":185,"column":2},"end":{"line":189,"column":null}},"72":{"start":{"line":186,"column":4},"end":{"line":186,"column":null}},"73":{"start":{"line":187,"column":4},"end":{"line":187,"column":null}},"74":{"start":{"line":188,"column":4},"end":{"line":188,"column":null}},"75":{"start":{"line":190,"column":2},"end":{"line":194,"column":null}},"76":{"start":{"line":191,"column":4},"end":{"line":191,"column":null}},"77":{"start":{"line":192,"column":4},"end":{"line":192,"column":null}},"78":{"start":{"line":193,"column":4},"end":{"line":193,"column":null}},"79":{"start":{"line":195,"column":2},"end":{"line":199,"column":null}},"80":{"start":{"line":196,"column":4},"end":{"line":196,"column":null}},"81":{"start":{"line":197,"column":4},"end":{"line":197,"column":null}},"82":{"start":{"line":198,"column":4},"end":{"line":198,"column":null}},"83":{"start":{"line":200,"column":2},"end":{"line":204,"column":null}},"84":{"start":{"line":201,"column":4},"end":{"line":201,"column":null}},"85":{"start":{"line":202,"column":4},"end":{"line":202,"column":null}},"86":{"start":{"line":203,"column":4},"end":{"line":203,"column":null}},"87":{"start":{"line":205,"column":2},"end":{"line":209,"column":null}},"88":{"start":{"line":206,"column":4},"end":{"line":206,"column":null}},"89":{"start":{"line":207,"column":4},"end":{"line":207,"column":null}},"90":{"start":{"line":208,"column":4},"end":{"line":208,"column":null}},"91":{"start":{"line":211,"column":2},"end":{"line":211,"column":null}},"92":{"start":{"line":212,"column":2},"end":{"line":212,"column":null}},"93":{"start":{"line":213,"column":2},"end":{"line":213,"column":null}},"94":{"start":{"line":214,"column":2},"end":{"line":214,"column":null}},"95":{"start":{"line":216,"column":2},"end":{"line":216,"column":null}},"96":{"start":{"line":217,"column":2},"end":{"line":217,"column":null}},"97":{"start":{"line":220,"column":2},"end":{"line":220,"column":null}},"98":{"start":{"line":227,"column":8},"end":{"line":227,"column":null}},"99":{"start":{"line":228,"column":2},"end":{"line":228,"column":null}},"100":{"start":{"line":228,"column":11},"end":{"line":228,"column":null}},"101":{"start":{"line":231,"column":2},"end":{"line":231,"column":null}},"102":{"start":{"line":231,"column":37},"end":{"line":231,"column":null}},"103":{"start":{"line":233,"column":19},"end":{"line":233,"column":null}},"104":{"start":{"line":234,"column":2},"end":{"line":234,"column":null}},"105":{"start":{"line":234,"column":17},"end":{"line":234,"column":null}},"106":{"start":{"line":237,"column":2},"end":{"line":239,"column":null}},"107":{"start":{"line":238,"column":4},"end":{"line":238,"column":null}},"108":{"start":{"line":242,"column":2},"end":{"line":242,"column":null}},"109":{"start":{"line":244,"column":2},"end":{"line":251,"column":null}},"110":{"start":{"line":245,"column":4},"end":{"line":245,"column":null}},"111":{"start":{"line":246,"column":4},"end":{"line":246,"column":null}},"112":{"start":{"line":247,"column":4},"end":{"line":247,"column":null}},"113":{"start":{"line":249,"column":4},"end":{"line":249,"column":null}},"114":{"start":{"line":250,"column":4},"end":{"line":250,"column":null}}},"fnMap":{"0":{"name":"getBibleThemes","decl":{"start":{"line":21,"column":22},"end":{"line":21,"column":55}},"loc":{"start":{"line":21,"column":55},"end":{"line":23,"column":null}},"line":21},"1":{"name":"getBibleTheme","decl":{"start":{"line":28,"column":22},"end":{"line":28,"column":36}},"loc":{"start":{"line":28,"column":69},"end":{"line":30,"column":null}},"line":28},"2":{"name":"getDefaultBibleTheme","decl":{"start":{"line":35,"column":22},"end":{"line":35,"column":66}},"loc":{"start":{"line":35,"column":66},"end":{"line":41,"column":null}},"line":35},"3":{"name":"createBibleTheme","decl":{"start":{"line":46,"column":22},"end":{"line":46,"column":39}},"loc":{"start":{"line":46,"column":75},"end":{"line":126,"column":null}},"line":46},"4":{"name":"updateBibleTheme","decl":{"start":{"line":131,"column":22},"end":{"line":131,"column":39}},"loc":{"start":{"line":131,"column":103},"end":{"line":221,"column":null}},"line":131},"5":{"name":"deleteBibleTheme","decl":{"start":{"line":226,"column":22},"end":{"line":226,"column":39}},"loc":{"start":{"line":226,"column":69},"end":{"line":252,"column":null}},"line":226}},"branchMap":{"0":{"loc":{"start":{"line":37,"column":2},"end":{"line":37,"column":null}},"type":"if","locations":[{"start":{"line":37,"column":2},"end":{"line":37,"column":null}},{"start":{},"end":{}}],"line":37},"1":{"loc":{"start":{"line":48,"column":2},"end":{"line":48,"column":null}},"type":"if","locations":[{"start":{"line":48,"column":2},"end":{"line":48,"column":null}},{"start":{},"end":{}}],"line":48},"2":{"loc":{"start":{"line":71,"column":20},"end":{"line":71,"column":null}},"type":"binary-expr","locations":[{"start":{"line":71,"column":20},"end":{"line":71,"column":38}},{"start":{"line":71,"column":38},"end":{"line":71,"column":null}}],"line":71},"3":{"loc":{"start":{"line":72,"column":21},"end":{"line":72,"column":null}},"type":"binary-expr","locations":[{"start":{"line":72,"column":21},"end":{"line":72,"column":40}},{"start":{"line":72,"column":40},"end":{"line":72,"column":null}}],"line":72},"4":{"loc":{"start":{"line":73,"column":24},"end":{"line":73,"column":null}},"type":"binary-expr","locations":[{"start":{"line":73,"column":24},"end":{"line":73,"column":46}},{"start":{"line":73,"column":46},"end":{"line":73,"column":null}}],"line":73},"5":{"loc":{"start":{"line":74,"column":25},"end":{"line":74,"column":null}},"type":"binary-expr","locations":[{"start":{"line":74,"column":25},"end":{"line":74,"column":48}},{"start":{"line":74,"column":48},"end":{"line":74,"column":null}}],"line":74},"6":{"loc":{"start":{"line":75,"column":28},"end":{"line":75,"column":null}},"type":"binary-expr","locations":[{"start":{"line":75,"column":28},"end":{"line":75,"column":54}},{"start":{"line":75,"column":54},"end":{"line":75,"column":null}}],"line":75},"7":{"loc":{"start":{"line":76,"column":32},"end":{"line":76,"column":null}},"type":"binary-expr","locations":[{"start":{"line":76,"column":32},"end":{"line":76,"column":62}},{"start":{"line":76,"column":62},"end":{"line":76,"column":null}}],"line":76},"8":{"loc":{"start":{"line":77,"column":35},"end":{"line":77,"column":null}},"type":"binary-expr","locations":[{"start":{"line":77,"column":35},"end":{"line":77,"column":68}},{"start":{"line":77,"column":68},"end":{"line":77,"column":null}}],"line":77},"9":{"loc":{"start":{"line":78,"column":20},"end":{"line":78,"column":null}},"type":"binary-expr","locations":[{"start":{"line":78,"column":20},"end":{"line":78,"column":38}},{"start":{"line":78,"column":38},"end":{"line":78,"column":null}}],"line":78},"10":{"loc":{"start":{"line":79,"column":27},"end":{"line":79,"column":null}},"type":"binary-expr","locations":[{"start":{"line":79,"column":27},"end":{"line":79,"column":52}},{"start":{"line":79,"column":52},"end":{"line":79,"column":null}}],"line":79},"11":{"loc":{"start":{"line":80,"column":27},"end":{"line":80,"column":null}},"type":"binary-expr","locations":[{"start":{"line":80,"column":27},"end":{"line":80,"column":52}},{"start":{"line":80,"column":52},"end":{"line":80,"column":null}}],"line":80},"12":{"loc":{"start":{"line":81,"column":26},"end":{"line":81,"column":null}},"type":"binary-expr","locations":[{"start":{"line":81,"column":26},"end":{"line":81,"column":50}},{"start":{"line":81,"column":50},"end":{"line":81,"column":null}}],"line":81},"13":{"loc":{"start":{"line":99,"column":4},"end":{"line":99,"column":null}},"type":"cond-expr","locations":[{"start":{"line":99,"column":22},"end":{"line":99,"column":56}},{"start":{"line":99,"column":56},"end":{"line":99,"column":null}}],"line":99},"14":{"loc":{"start":{"line":133,"column":2},"end":{"line":133,"column":null}},"type":"if","locations":[{"start":{"line":133,"column":2},"end":{"line":133,"column":null}},{"start":{},"end":{}}],"line":133},"15":{"loc":{"start":{"line":136,"column":2},"end":{"line":136,"column":null}},"type":"if","locations":[{"start":{"line":136,"column":2},"end":{"line":136,"column":null}},{"start":{},"end":{}}],"line":136},"16":{"loc":{"start":{"line":139,"column":2},"end":{"line":141,"column":null}},"type":"if","locations":[{"start":{"line":139,"column":2},"end":{"line":141,"column":null}},{"start":{},"end":{}}],"line":139},"17":{"loc":{"start":{"line":150,"column":2},"end":{"line":154,"column":null}},"type":"if","locations":[{"start":{"line":150,"column":2},"end":{"line":154,"column":null}},{"start":{},"end":{}}],"line":150},"18":{"loc":{"start":{"line":155,"column":2},"end":{"line":159,"column":null}},"type":"if","locations":[{"start":{"line":155,"column":2},"end":{"line":159,"column":null}},{"start":{},"end":{}}],"line":155},"19":{"loc":{"start":{"line":160,"column":2},"end":{"line":164,"column":null}},"type":"if","locations":[{"start":{"line":160,"column":2},"end":{"line":164,"column":null}},{"start":{},"end":{}}],"line":160},"20":{"loc":{"start":{"line":165,"column":2},"end":{"line":169,"column":null}},"type":"if","locations":[{"start":{"line":165,"column":2},"end":{"line":169,"column":null}},{"start":{},"end":{}}],"line":165},"21":{"loc":{"start":{"line":167,"column":16},"end":{"line":167,"column":78}},"type":"cond-expr","locations":[{"start":{"line":167,"column":37},"end":{"line":167,"column":74}},{"start":{"line":167,"column":74},"end":{"line":167,"column":78}}],"line":167},"22":{"loc":{"start":{"line":170,"column":2},"end":{"line":174,"column":null}},"type":"if","locations":[{"start":{"line":170,"column":2},"end":{"line":174,"column":null}},{"start":{},"end":{}}],"line":170},"23":{"loc":{"start":{"line":175,"column":2},"end":{"line":179,"column":null}},"type":"if","locations":[{"start":{"line":175,"column":2},"end":{"line":179,"column":null}},{"start":{},"end":{}}],"line":175},"24":{"loc":{"start":{"line":177,"column":16},"end":{"line":177,"column":86}},"type":"cond-expr","locations":[{"start":{"line":177,"column":41},"end":{"line":177,"column":82}},{"start":{"line":177,"column":82},"end":{"line":177,"column":86}}],"line":177},"25":{"loc":{"start":{"line":180,"column":2},"end":{"line":184,"column":null}},"type":"if","locations":[{"start":{"line":180,"column":2},"end":{"line":184,"column":null}},{"start":{},"end":{}}],"line":180},"26":{"loc":{"start":{"line":185,"column":2},"end":{"line":189,"column":null}},"type":"if","locations":[{"start":{"line":185,"column":2},"end":{"line":189,"column":null}},{"start":{},"end":{}}],"line":185},"27":{"loc":{"start":{"line":187,"column":16},"end":{"line":187,"column":100}},"type":"cond-expr","locations":[{"start":{"line":187,"column":48},"end":{"line":187,"column":96}},{"start":{"line":187,"column":96},"end":{"line":187,"column":100}}],"line":187},"28":{"loc":{"start":{"line":190,"column":2},"end":{"line":194,"column":null}},"type":"if","locations":[{"start":{"line":190,"column":2},"end":{"line":194,"column":null}},{"start":{},"end":{}}],"line":190},"29":{"loc":{"start":{"line":195,"column":2},"end":{"line":199,"column":null}},"type":"if","locations":[{"start":{"line":195,"column":2},"end":{"line":199,"column":null}},{"start":{},"end":{}}],"line":195},"30":{"loc":{"start":{"line":200,"column":2},"end":{"line":204,"column":null}},"type":"if","locations":[{"start":{"line":200,"column":2},"end":{"line":204,"column":null}},{"start":{},"end":{}}],"line":200},"31":{"loc":{"start":{"line":205,"column":2},"end":{"line":209,"column":null}},"type":"if","locations":[{"start":{"line":205,"column":2},"end":{"line":209,"column":null}},{"start":{},"end":{}}],"line":205},"32":{"loc":{"start":{"line":207,"column":16},"end":{"line":207,"column":82}},"type":"cond-expr","locations":[{"start":{"line":207,"column":39},"end":{"line":207,"column":78}},{"start":{"line":207,"column":78},"end":{"line":207,"column":82}}],"line":207},"33":{"loc":{"start":{"line":228,"column":2},"end":{"line":228,"column":null}},"type":"if","locations":[{"start":{"line":228,"column":2},"end":{"line":228,"column":null}},{"start":{},"end":{}}],"line":228},"34":{"loc":{"start":{"line":231,"column":2},"end":{"line":231,"column":null}},"type":"if","locations":[{"start":{"line":231,"column":2},"end":{"line":231,"column":null}},{"start":{},"end":{}}],"line":231},"35":{"loc":{"start":{"line":231,"column":6},"end":{"line":231,"column":37}},"type":"binary-expr","locations":[{"start":{"line":231,"column":6},"end":{"line":231,"column":13}},{"start":{"line":231,"column":13},"end":{"line":231,"column":37}}],"line":231},"36":{"loc":{"start":{"line":234,"column":2},"end":{"line":234,"column":null}},"type":"if","locations":[{"start":{"line":234,"column":2},"end":{"line":234,"column":null}},{"start":{},"end":{}}],"line":234},"37":{"loc":{"start":{"line":237,"column":2},"end":{"line":239,"column":null}},"type":"if","locations":[{"start":{"line":237,"column":2},"end":{"line":239,"column":null}},{"start":{},"end":{}}],"line":237},"38":{"loc":{"start":{"line":250,"column":53},"end":{"line":250,"column":109}},"type":"cond-expr","locations":[{"start":{"line":250,"column":78},"end":{"line":250,"column":94}},{"start":{"line":250,"column":94},"end":{"line":250,"column":109}}],"line":250}},"s":{"0":0,"1":0,"2":0,"3":0,"4":0,"5":0,"6":0,"7":0,"8":0,"9":0,"10":0,"11":0,"12":0,"13":0,"14":0,"15":0,"16":0,"17":0,"18":0,"19":0,"20":0,"21":0,"22":0,"23":0,"24":0,"25":0,"26":0,"27":0,"28":0,"29":0,"30":0,"31":0,"32":0,"33":0,"34":0,"35":0,"36":0,"37":0,"38":0,"39":0,"40":0,"41":0,"42":0,"43":0,"44":0,"45":0,"46":0,"47":0,"48":0,"49":0,"50":0,"51":0,"52":0,"53":0,"54":0,"55":0,"56":0,"57":0,"58":0,"59":0,"60":0,"61":0,"62":0,"63":0,"64":0,"65":0,"66":0,"67":0,"68":0,"69":0,"70":0,"71":0,"72":0,"73":0,"74":0,"75":0,"76":0,"77":0,"78":0,"79":0,"80":0,"81":0,"82":0,"83":0,"84":0,"85":0,"86":0,"87":0,"88":0,"89":0,"90":0,"91":0,"92":0,"93":0,"94":0,"95":0,"96":0,"97":0,"98":0,"99":0,"100":0,"101":0,"102":0,"103":0,"104":0,"105":0,"106":0,"107":0,"108":0,"109":0,"110":0,"111":0,"112":0,"113":0,"114":0},"f":{"0":0,"1":0,"2":0,"3":0,"4":0,"5":0},"b":{"0":[0,0],"1":[0,0],"2":[0,0],"3":[0,0],"4":[0,0],"5":[0,0],"6":[0,0],"7":[0,0],"8":[0,0],"9":[0,0],"10":[0,0],"11":[0,0],"12":[0,0],"13":[0,0],"14":[0,0],"15":[0,0],"16":[0,0],"17":[0,0],"18":[0,0],"19":[0,0],"20":[0,0],"21":[0,0],"22":[0,0],"23":[0,0],"24":[0,0],"25":[0,0],"26":[0,0],"27":[0,0],"28":[0,0],"29":[0,0],"30":[0,0],"31":[0,0],"32":[0,0],"33":[0,0],"34":[0,0],"35":[0,0],"36":[0,0],"37":[0,0],"38":[0,0]},"meta":{"lastBranch":39,"lastFunction":6,"lastStatement":115,"seen":{"f:21:22:21:55":0,"s:22:2:22:Infinity":0,"f:28:22:28:36":1,"s:29:2:29:Infinity":1,"f:35:22:35:66":2,"s:36:8:36:Infinity":2,"b:37:2:37:Infinity:undefined:undefined:undefined:undefined":0,"s:37:2:37:Infinity":3,"s:37:13:37:Infinity":4,"s:40:2:40:Infinity":5,"f:46:22:46:39":3,"s:47:8:47:Infinity":6,"b:48:2:48:Infinity:undefined:undefined:undefined:undefined":1,"s:48:2:48:Infinity":7,"s:48:11:48:Infinity":8,"s:50:8:50:Infinity":9,"s:51:8:51:Infinity":10,"s:53:24:56:Infinity":11,"s:58:27:61:Infinity":12,"s:64:32:64:Infinity":13,"s:65:35:65:Infinity":14,"s:67:39:67:Infinity":15,"s:68:42:68:Infinity":16,"s:71:20:71:Infinity":17,"b:71:20:71:38:71:38:71:Infinity":2,"s:72:21:72:Infinity":18,"b:72:21:72:40:72:40:72:Infinity":3,"s:73:24:73:Infinity":19,"b:73:24:73:46:73:46:73:Infinity":4,"s:74:25:74:Infinity":20,"b:74:25:74:48:74:48:74:Infinity":5,"s:75:28:75:Infinity":21,"b:75:28:75:54:75:54:75:Infinity":6,"s:76:32:76:Infinity":22,"b:76:32:76:62:76:62:76:Infinity":7,"s:77:35:77:Infinity":23,"b:77:35:77:68:77:68:77:Infinity":8,"s:78:20:78:Infinity":24,"b:78:20:78:38:78:38:78:Infinity":9,"s:79:27:79:Infinity":25,"b:79:27:79:52:79:52:79:Infinity":10,"s:80:27:80:Infinity":26,"b:80:27:80:52:80:52:80:Infinity":11,"s:81:26:81:Infinity":27,"b:81:26:81:50:81:50:81:Infinity":12,"s:83:2:102:Infinity":28,"b:99:22:99:56:99:56:99:Infinity":13,"s:104:2:104:Infinity":29,"s:107:2:125:Infinity":30,"f:131:22:131:39":4,"s:132:8:132:Infinity":31,"b:133:2:133:Infinity:undefined:undefined:undefined:undefined":14,"s:133:2:133:Infinity":32,"s:133:11:133:Infinity":33,"s:135:19:135:Infinity":34,"b:136:2:136:Infinity:undefined:undefined:undefined:undefined":15,"s:136:2:136:Infinity":35,"s:136:17:136:Infinity":36,"b:139:2:141:Infinity:undefined:undefined:undefined:undefined":16,"s:139:2:141:Infinity":37,"s:140:4:140:Infinity":38,"s:143:28:143:Infinity":39,"s:144:24:144:Infinity":40,"s:145:8:145:Infinity":41,"s:148:23:148:Infinity":42,"b:150:2:154:Infinity:undefined:undefined:undefined:undefined":17,"s:150:2:154:Infinity":43,"s:151:4:151:Infinity":44,"s:152:4:152:Infinity":45,"s:153:4:153:Infinity":46,"b:155:2:159:Infinity:undefined:undefined:undefined:undefined":18,"s:155:2:159:Infinity":47,"s:156:4:156:Infinity":48,"s:157:4:157:Infinity":49,"s:158:4:158:Infinity":50,"b:160:2:164:Infinity:undefined:undefined:undefined:undefined":19,"s:160:2:164:Infinity":51,"s:161:4:161:Infinity":52,"s:162:4:162:Infinity":53,"s:163:4:163:Infinity":54,"b:165:2:169:Infinity:undefined:undefined:undefined:undefined":20,"s:165:2:169:Infinity":55,"s:166:4:166:Infinity":56,"s:167:4:167:Infinity":57,"b:167:37:167:74:167:74:167:78":21,"s:168:4:168:Infinity":58,"b:170:2:174:Infinity:undefined:undefined:undefined:undefined":22,"s:170:2:174:Infinity":59,"s:171:4:171:Infinity":60,"s:172:4:172:Infinity":61,"s:173:4:173:Infinity":62,"b:175:2:179:Infinity:undefined:undefined:undefined:undefined":23,"s:175:2:179:Infinity":63,"s:176:4:176:Infinity":64,"s:177:4:177:Infinity":65,"b:177:41:177:82:177:82:177:86":24,"s:178:4:178:Infinity":66,"b:180:2:184:Infinity:undefined:undefined:undefined:undefined":25,"s:180:2:184:Infinity":67,"s:181:4:181:Infinity":68,"s:182:4:182:Infinity":69,"s:183:4:183:Infinity":70,"b:185:2:189:Infinity:undefined:undefined:undefined:undefined":26,"s:185:2:189:Infinity":71,"s:186:4:186:Infinity":72,"s:187:4:187:Infinity":73,"b:187:48:187:96:187:96:187:100":27,"s:188:4:188:Infinity":74,"b:190:2:194:Infinity:undefined:undefined:undefined:undefined":28,"s:190:2:194:Infinity":75,"s:191:4:191:Infinity":76,"s:192:4:192:Infinity":77,"s:193:4:193:Infinity":78,"b:195:2:199:Infinity:undefined:undefined:undefined:undefined":29,"s:195:2:199:Infinity":79,"s:196:4:196:Infinity":80,"s:197:4:197:Infinity":81,"s:198:4:198:Infinity":82,"b:200:2:204:Infinity:undefined:undefined:undefined:undefined":30,"s:200:2:204:Infinity":83,"s:201:4:201:Infinity":84,"s:202:4:202:Infinity":85,"s:203:4:203:Infinity":86,"b:205:2:209:Infinity:undefined:undefined:undefined:undefined":31,"s:205:2:209:Infinity":87,"s:206:4:206:Infinity":88,"s:207:4:207:Infinity":89,"b:207:39:207:78:207:78:207:82":32,"s:208:4:208:Infinity":90,"s:211:2:211:Infinity":91,"s:212:2:212:Infinity":92,"s:213:2:213:Infinity":93,"s:214:2:214:Infinity":94,"s:216:2:216:Infinity":95,"s:217:2:217:Infinity":96,"s:220:2:220:Infinity":97,"f:226:22:226:39":5,"s:227:8:227:Infinity":98,"b:228:2:228:Infinity:undefined:undefined:undefined:undefined":33,"s:228:2:228:Infinity":99,"s:228:11:228:Infinity":100,"b:231:2:231:Infinity:undefined:undefined:undefined:undefined":34,"s:231:2:231:Infinity":101,"b:231:6:231:13:231:13:231:37":35,"s:231:37:231:Infinity":102,"s:233:19:233:Infinity":103,"b:234:2:234:Infinity:undefined:undefined:undefined:undefined":36,"s:234:2:234:Infinity":104,"s:234:17:234:Infinity":105,"b:237:2:239:Infinity:undefined:undefined:undefined:undefined":37,"s:237:2:239:Infinity":106,"s:238:4:238:Infinity":107,"s:242:2:242:Infinity":108,"s:244:2:251:Infinity":109,"s:245:4:245:Infinity":110,"s:246:4:246:Infinity":111,"s:247:4:247:Infinity":112,"s:249:4:249:Infinity":113,"s:250:4:250:Infinity":114,"b:250:78:250:94:250:94:250:109":38}}}
,"C:\\Users\\shilo\\Documents\\solupresenter\\desktop\\src\\main\\database\\index.ts": {"path":"C:\\Users\\shilo\\Documents\\solupresenter\\desktop\\src\\main\\database\\index.ts","statementMap":{"0":{"start":{"line":7,"column":15},"end":{"line":7,"column":null}},"1":{"start":{"line":8,"column":18},"end":{"line":8,"column":null}},"2":{"start":{"line":9,"column":20},"end":{"line":9,"column":null}},"3":{"start":{"line":15,"column":16},"end":{"line":15,"column":null}},"4":{"start":{"line":17,"column":2},"end":{"line":38,"column":null}},"5":{"start":{"line":19,"column":4},"end":{"line":19,"column":null}},"6":{"start":{"line":22,"column":26},"end":{"line":26,"column":null}},"7":{"start":{"line":28,"column":4},"end":{"line":33,"column":null}},"8":{"start":{"line":29,"column":6},"end":{"line":32,"column":null}},"9":{"start":{"line":30,"column":8},"end":{"line":30,"column":null}},"10":{"start":{"line":31,"column":8},"end":{"line":31,"column":null}},"11":{"start":{"line":36,"column":4},"end":{"line":36,"column":null}},"12":{"start":{"line":37,"column":4},"end":{"line":37,"column":null}},"13":{"start":{"line":42,"column":31},"end":{"line":42,"column":null}},"14":{"start":{"line":44,"column":26},"end":{"line":44,"column":null}},"15":{"start":{"line":47,"column":58},"end":{"line":47,"column":null}},"16":{"start":{"line":48,"column":14},"end":{"line":48,"column":null}},"17":{"start":{"line":49,"column":25},"end":{"line":49,"column":null}},"18":{"start":{"line":55,"column":2},"end":{"line":55,"column":null}},"19":{"start":{"line":55,"column":11},"end":{"line":55,"column":null}},"20":{"start":{"line":56,"column":2},"end":{"line":63,"column":null}},"21":{"start":{"line":57,"column":19},"end":{"line":57,"column":null}},"22":{"start":{"line":58,"column":4},"end":{"line":60,"column":null}},"23":{"start":{"line":59,"column":6},"end":{"line":59,"column":null}},"24":{"start":{"line":64,"column":2},"end":{"line":64,"column":null}},"25":{"start":{"line":71,"column":2},"end":{"line":71,"column":null}},"26":{"start":{"line":71,"column":11},"end":{"line":71,"column":null}},"27":{"start":{"line":72,"column":19},"end":{"line":72,"column":null}},"28":{"start":{"line":73,"column":2},"end":{"line":77,"column":null}},"29":{"start":{"line":74,"column":4},"end":{"line":74,"column":null}},"30":{"start":{"line":76,"column":4},"end":{"line":76,"column":null}},"31":{"start":{"line":84,"column":2},"end":{"line":84,"column":null}},"32":{"start":{"line":84,"column":11},"end":{"line":84,"column":null}},"33":{"start":{"line":85,"column":2},"end":{"line":85,"column":null}},"34":{"start":{"line":98,"column":2},"end":{"line":98,"column":null}},"35":{"start":{"line":99,"column":2},"end":{"line":99,"column":null}},"36":{"start":{"line":106,"column":16},"end":{"line":106,"column":null}},"37":{"start":{"line":107,"column":2},"end":{"line":109,"column":null}},"38":{"start":{"line":108,"column":4},"end":{"line":108,"column":null}},"39":{"start":{"line":111,"column":24},"end":{"line":114,"column":null}},"40":{"start":{"line":115,"column":2},"end":{"line":119,"column":null}},"41":{"start":{"line":116,"column":4},"end":{"line":118,"column":null}},"42":{"start":{"line":117,"column":6},"end":{"line":117,"column":null}},"43":{"start":{"line":120,"column":2},"end":{"line":120,"column":null}},"44":{"start":{"line":127,"column":16},"end":{"line":127,"column":null}},"45":{"start":{"line":128,"column":2},"end":{"line":130,"column":null}},"46":{"start":{"line":129,"column":4},"end":{"line":129,"column":null}},"47":{"start":{"line":132,"column":24},"end":{"line":135,"column":null}},"48":{"start":{"line":136,"column":2},"end":{"line":140,"column":null}},"49":{"start":{"line":137,"column":4},"end":{"line":139,"column":null}},"50":{"start":{"line":138,"column":6},"end":{"line":138,"column":null}},"51":{"start":{"line":141,"column":2},"end":{"line":141,"column":null}},"52":{"start":{"line":148,"column":24},"end":{"line":148,"column":null}},"53":{"start":{"line":149,"column":2},"end":{"line":152,"column":null}},"54":{"start":{"line":150,"column":4},"end":{"line":150,"column":null}},"55":{"start":{"line":151,"column":4},"end":{"line":151,"column":null}},"56":{"start":{"line":154,"column":27},"end":{"line":154,"column":null}},"57":{"start":{"line":155,"column":2},"end":{"line":157,"column":null}},"58":{"start":{"line":156,"column":4},"end":{"line":156,"column":null}},"59":{"start":{"line":159,"column":2},"end":{"line":171,"column":null}},"60":{"start":{"line":160,"column":18},"end":{"line":160,"column":null}},"61":{"start":{"line":161,"column":4},"end":{"line":168,"column":null}},"62":{"start":{"line":162,"column":22},"end":{"line":162,"column":null}},"63":{"start":{"line":163,"column":23},"end":{"line":163,"column":null}},"64":{"start":{"line":164,"column":6},"end":{"line":167,"column":null}},"65":{"start":{"line":165,"column":8},"end":{"line":165,"column":null}},"66":{"start":{"line":166,"column":8},"end":{"line":166,"column":null}},"67":{"start":{"line":170,"column":4},"end":{"line":170,"column":null}},"68":{"start":{"line":178,"column":2},"end":{"line":178,"column":null}},"69":{"start":{"line":179,"column":2},"end":{"line":919,"column":null}},"70":{"start":{"line":180,"column":4},"end":{"line":180,"column":null}},"71":{"start":{"line":181,"column":21},"end":{"line":181,"column":null}},"72":{"start":{"line":182,"column":4},"end":{"line":182,"column":null}},"73":{"start":{"line":184,"column":27},"end":{"line":184,"column":null}},"74":{"start":{"line":185,"column":4},"end":{"line":190,"column":null}},"75":{"start":{"line":187,"column":25},"end":{"line":187,"column":null}},"76":{"start":{"line":188,"column":6},"end":{"line":188,"column":null}},"77":{"start":{"line":189,"column":6},"end":{"line":189,"column":null}},"78":{"start":{"line":192,"column":16},"end":{"line":192,"column":null}},"79":{"start":{"line":193,"column":4},"end":{"line":193,"column":null}},"80":{"start":{"line":196,"column":18},"end":{"line":196,"column":null}},"81":{"start":{"line":197,"column":4},"end":{"line":199,"column":null}},"82":{"start":{"line":198,"column":6},"end":{"line":198,"column":null}},"83":{"start":{"line":202,"column":23},"end":{"line":202,"column":null}},"84":{"start":{"line":203,"column":4},"end":{"line":220,"column":null}},"85":{"start":{"line":204,"column":25},"end":{"line":204,"column":null}},"86":{"start":{"line":205,"column":6},"end":{"line":205,"column":null}},"87":{"start":{"line":208,"column":23},"end":{"line":208,"column":null}},"88":{"start":{"line":209,"column":6},"end":{"line":219,"column":null}},"89":{"start":{"line":210,"column":8},"end":{"line":210,"column":null}},"90":{"start":{"line":211,"column":27},"end":{"line":211,"column":null}},"91":{"start":{"line":212,"column":8},"end":{"line":212,"column":null}},"92":{"start":{"line":213,"column":8},"end":{"line":213,"column":null}},"93":{"start":{"line":215,"column":8},"end":{"line":215,"column":null}},"94":{"start":{"line":217,"column":8},"end":{"line":217,"column":null}},"95":{"start":{"line":218,"column":8},"end":{"line":218,"column":null}},"96":{"start":{"line":223,"column":4},"end":{"line":228,"column":null}},"97":{"start":{"line":231,"column":27},"end":{"line":231,"column":null}},"98":{"start":{"line":232,"column":4},"end":{"line":234,"column":null}},"99":{"start":{"line":233,"column":6},"end":{"line":233,"column":null}},"100":{"start":{"line":237,"column":4},"end":{"line":251,"column":null}},"101":{"start":{"line":254,"column":4},"end":{"line":254,"column":null}},"102":{"start":{"line":256,"column":4},"end":{"line":266,"column":null}},"103":{"start":{"line":269,"column":4},"end":{"line":273,"column":null}},"104":{"start":{"line":270,"column":6},"end":{"line":270,"column":null}},"105":{"start":{"line":275,"column":4},"end":{"line":292,"column":null}},"106":{"start":{"line":294,"column":4},"end":{"line":310,"column":null}},"107":{"start":{"line":313,"column":22},"end":{"line":313,"column":null}},"108":{"start":{"line":314,"column":24},"end":{"line":314,"column":null}},"109":{"start":{"line":314,"column":64},"end":{"line":314,"column":70}},"110":{"start":{"line":315,"column":4},"end":{"line":317,"column":null}},"111":{"start":{"line":316,"column":6},"end":{"line":316,"column":null}},"112":{"start":{"line":318,"column":4},"end":{"line":320,"column":null}},"113":{"start":{"line":319,"column":6},"end":{"line":319,"column":null}},"114":{"start":{"line":321,"column":4},"end":{"line":323,"column":null}},"115":{"start":{"line":322,"column":6},"end":{"line":322,"column":null}},"116":{"start":{"line":324,"column":4},"end":{"line":326,"column":null}},"117":{"start":{"line":325,"column":6},"end":{"line":325,"column":null}},"118":{"start":{"line":327,"column":4},"end":{"line":329,"column":null}},"119":{"start":{"line":328,"column":6},"end":{"line":328,"column":null}},"120":{"start":{"line":330,"column":4},"end":{"line":332,"column":null}},"121":{"start":{"line":331,"column":6},"end":{"line":331,"column":null}},"122":{"start":{"line":333,"column":4},"end":{"line":335,"column":null}},"123":{"start":{"line":334,"column":6},"end":{"line":334,"column":null}},"124":{"start":{"line":338,"column":4},"end":{"line":338,"column":null}},"125":{"start":{"line":341,"column":29},"end":{"line":341,"column":null}},"126":{"start":{"line":342,"column":26},"end":{"line":342,"column":null}},"127":{"start":{"line":344,"column":4},"end":{"line":375,"column":null}},"128":{"start":{"line":347,"column":28},"end":{"line":351,"column":null}},"129":{"start":{"line":352,"column":35},"end":{"line":356,"column":null}},"130":{"start":{"line":358,"column":6},"end":{"line":372,"column":null}},"131":{"start":{"line":373,"column":6},"end":{"line":373,"column":null}},"132":{"start":{"line":374,"column":6},"end":{"line":374,"column":null}},"133":{"start":{"line":378,"column":29},"end":{"line":378,"column":null}},"134":{"start":{"line":379,"column":4},"end":{"line":383,"column":null}},"135":{"start":{"line":380,"column":6},"end":{"line":380,"column":null}},"136":{"start":{"line":381,"column":6},"end":{"line":381,"column":null}},"137":{"start":{"line":382,"column":6},"end":{"line":382,"column":null}},"138":{"start":{"line":386,"column":4},"end":{"line":392,"column":null}},"139":{"start":{"line":395,"column":4},"end":{"line":408,"column":null}},"140":{"start":{"line":411,"column":4},"end":{"line":415,"column":null}},"141":{"start":{"line":412,"column":6},"end":{"line":412,"column":null}},"142":{"start":{"line":418,"column":4},"end":{"line":422,"column":null}},"143":{"start":{"line":419,"column":6},"end":{"line":419,"column":null}},"144":{"start":{"line":425,"column":4},"end":{"line":438,"column":null}},"145":{"start":{"line":441,"column":35},"end":{"line":441,"column":null}},"146":{"start":{"line":442,"column":31},"end":{"line":442,"column":null}},"147":{"start":{"line":444,"column":4},"end":{"line":478,"column":null}},"148":{"start":{"line":445,"column":28},"end":{"line":451,"column":null}},"149":{"start":{"line":452,"column":30},"end":{"line":458,"column":null}},"150":{"start":{"line":459,"column":31},"end":{"line":463,"column":null}},"151":{"start":{"line":465,"column":6},"end":{"line":475,"column":null}},"152":{"start":{"line":476,"column":6},"end":{"line":476,"column":null}},"153":{"start":{"line":477,"column":6},"end":{"line":477,"column":null}},"154":{"start":{"line":481,"column":4},"end":{"line":491,"column":null}},"155":{"start":{"line":494,"column":4},"end":{"line":507,"column":null}},"156":{"start":{"line":495,"column":32},"end":{"line":495,"column":null}},"157":{"start":{"line":496,"column":22},"end":{"line":496,"column":null}},"158":{"start":{"line":496,"column":70},"end":{"line":496,"column":76}},"159":{"start":{"line":497,"column"
[...]
":0,"268":0,"269":0,"270":0,"271":0,"272":0,"273":0,"274":0,"275":0,"276":0,"277":0,"278":0,"279":0,"280":0,"281":0,"282":0,"283":0,"284":0,"285":0,"286":0,"287":0,"288":0,"289":0,"290":0,"291":0,"292":0,"293":0,"294":0,"295":0,"296":0,"297":0,"298":0,"299":0,"300":0,"301":0,"302":0,"303":0,"304":0,"305":0,"306":0,"307":0,"308":0,"309":0,"310":0,"311":0,"312":0,"313":0,"314":0,"315":0,"316":0,"317":0,"318":0,"319":0,"320":0,"321":0,"322":0,"323":0,"324":0,"325":0,"326":0,"327":0,"328":0,"329":0,"330":0,"331":0,"332":0,"333":0,"334":0,"335":0,"336":0,"337":0,"338":0,"339":0,"340":0,"341":0,"342":0,"343":0,"344":0,"345":0,"346":0,"347":0,"348":0,"349":0,"350":0,"351":0,"352":0},"f":{"0":0,"1":0,"2":0,"3":0,"4":0,"5":0,"6":0,"7":0,"8":0,"9":0,"10":0,"11":0,"12":0,"13":0,"14":0,"15":0,"16":0,"17":0,"18":0,"19":0,"20":0,"21":0,"22":0,"23":0,"24":0,"25":0,"26":0,"27":0,"28":0,"29":0,"30":0,"31":0,"32":0,"33":0,"34":0,"35":0,"36":0,"37":0,"38":0,"39":0,"40":0,"41":0,"42":0,"43":0},"b":{"0":[0,0],"1":[0,0],"2":[0,0],"3":[0,0],"4":[0,0],"5":[0,0],"6":[0,0],"7":[0,0],"8":[0,0],"9":[0,0],"10":[0,0],"11":[0,0],"12":[0,0],"13":[0,0],"14":[0,0],"15":[0,0],"16":[0,0],"17":[0,0],"18":[0,0],"19":[0,0],"20":[0,0],"21":[0,0],"22":[0,0],"23":[0,0],"24":[0,0],"25":[0,0],"26":[0,0],"27":[0,0],"28":[0,0],"29":[0,0],"30":[0,0],"31":[0,0],"32":[0,0],"33":[0,0],"34":[0,0],"35":[0,0],"36":[0,0],"37":[0,0],"38":[0,0],"39":[0,0],"40":[0,0],"41":[0,0],"42":[0,0],"43":[0],"44":[0,0],"45":[0,0],"46":[0,0],"47":[0,0],"48":[0,0],"49":[0,0],"50":[0,0],"51":[0,0],"52":[0,0],"53":[0,0],"54":[0,0],"55":[0,0],"56":[0,0],"57":[0,0],"58":[0,0],"59":[0,0],"60":[0,0],"61":[0,0],"62":[0,0,0],"63":[0,0],"64":[0,0,0],"65":[0,0],"66":[0,0,0],"67":[0,0],"68":[0,0,0],"69":[0,0],"70":[0,0,0],"71":[0,0],"72":[0,0],"73":[0,0],"74":[0,0,0],"75":[0,0,0,0,0],"76":[0,0],"77":[0,0],"78":[0,0],"79":[0,0],"80":[0,0],"81":[0,0,0,0],"82":[0,0],"83":[0,0],"84":[0,0],"85":[0,0],"86":[0,0],"87":[0,0],"88":[0,0,0],"89":[0,0],"90":[0,0],"91":[0,0],"92":[0,0],"93":[0,0],"94":[0,0],"95":[0,0],"96":[0,0],"97":[0,0],"98":[0,0],"99":[0,0,0],"100":[0,0],"101":[0,0],"102":[0,0],"103":[0,0],"104":[0,0],"105":[0,0,0,0,0,0],"106":[0,0],"107":[0,0],"108":[0,0],"109":[0,0],"110":[0,0],"111":[0,0],"112":[0,0,0],"113":[0,0],"114":[0,0],"115":[0,0,0],"116":[0,0],"117":[0,0],"118":[0,0],"119":[0,0,0],"120":[0,0],"121":[0,0],"122":[0,0],"123":[0,0],"124":[0,0],"125":[0,0],"126":[0,0],"127":[0,0],"128":[0,0,0]},"meta":{"lastBranch":129,"lastFunction":44,"lastStatement":353,"seen":{"s:6:6:6:Infinity":0,"s:9:22:9:Infinity":1,"f:10:16:10:35":0,"s:11:2:11:Infinity":2,"s:81:14:81:Infinity":3,"b:81:14:81:56:81:56:81:Infinity":0,"s:84:50:84:Infinity":4,"s:85:80:85:Infinity":5,"s:92:6:92:Infinity":6,"s:95:54:95:Infinity":7,"s:98:36:98:Infinity":8,"s:99:35:99:Infinity":9,"s:100:35:100:Infinity":10,"s:101:36:101:Infinity":11,"s:102:47:102:Infinity":12,"s:103:45:103:Infinity":13,"s:104:75:104:Infinity":14,"s:105:46:105:Infinity":15,"s:110:13:110:Infinity":16,"s:115:13:115:Infinity":17,"s:120:13:120:Infinity":18,"f:122:2:122:16":1,"s:124:4:143:Infinity":19,"f:124:32:124:33":2,"s:125:27:125:Infinity":20,"b:126:6:128:Infinity:undefined:undefined:undefined:undefined":1,"s:126:6:128:Infinity":21,"s:127:8:127:Infinity":22,"b:131:6:134:Infinity:undefined:undefined:undefined:undefined":2,"s:131:6:134:Infinity":23,"s:132:8:132:Infinity":24,"s:133:8:133:Infinity":25,"s:137:6:142:Infinity":26,"b:138:8:141:Infinity:undefined:undefined:undefined:undefined":3,"s:138:8:141:Infinity":27,"s:139:10:139:Infinity":28,"s:140:10:140:Infinity":29,"s:146:4:160:Infinity":30,"f:146:32:146:33":3,"s:147:27:147:Infinity":31,"s:148:22:148:Infinity":32,"b:150:6:157:Infinity:undefined:undefined:undefined:undefined":4,"s:150:6:157:Infinity":33,"s:151:8:156:Infinity":34,"b:152:10:155:Infinity:undefined:undefined:undefined:undefined":5,"s:152:10:155:Infinity":35,"s:153:12:153:Infinity":36,"s:154:12:154:Infinity":37,"s:159:6:159:Infinity":38,"f:167:10:167:27":4,"b:168:4:168:Infinity:undefined:undefined:undefined:undefined":6,"s:168:4:168:Infinity":39,"b:168:8:168:27:168:27:168:57":7,"s:168:57:168:Infinity":40,"s:170:4:245:Infinity":41,"b:171:4:241:Infinity:217:4:241:Infinity":8,"s:171:4:241:Infinity":42,"b:173:6:175:Infinity:undefined:undefined:undefined:undefined":9,"s:173:6:175:Infinity":43,"s:174:8:174:Infinity":44,"b:178:6:180:Infinity:undefined:undefined:undefined:undefined":10,"s:178:6:180:Infinity":45,"s:179:8:179:Infinity":46,"b:183:6:192:Infinity:undefined:undefined:undefined:undefined":11,"s:183:6:192:Infinity":47,"s:184:28:184:Infinity":48,"b:184:28:184:65:184:65:184:Infinity":12,"s:185:26:185:Infinity":49,"b:186:8:190:Infinity:188:8:190:Infinity":13,"s:186:8:190:Infinity":50,"s:187:10:187:Infinity":51,"b:188:8:190:Infinity:undefined:undefined:undefined:undefined":14,"s:188:8:190:Infinity":52,"b:188:19:188:47:188:47:188:73":15,"s:189:10:189:Infinity":53,"s:191:8:191:Infinity":54,"b:195:6:200:Infinity:undefined:undefined:undefined:undefined":16,"s:195:6:200:Infinity":55,"b:195:10:195:31:195:31:195:55":17,"s:196:8:196:Infinity":56,"s:203:6:207:Infinity":57,"b:204:8:206:Infinity:undefined:undefined:undefined:undefined":18,"s:204:8:206:Infinity":58,"b:204:12:204:24:204:24:204:41":19,"s:205:10:205:Infinity":59,"b:210:6:216:Infinity:undefined:undefined:undefined:undefined":20,"s:210:6:216:Infinity":60,"s:211:8:215:Infinity":61,"b:217:4:241:Infinity:undefined:undefined:undefined:undefined":21,"s:217:4:241:Infinity":62,"b:219:6:221:Infinity:undefined:undefined:undefined:undefined":22,"s:219:6:221:Infinity":63,"s:220:8:220:Infinity":64,"b:224:6:233:Infinity:undefined:undefined:undefined:undefined":23,"s:224:6:233:Infinity":65,"s:225:28:225:Infinity":66,"b:225:28:225:65:225:65:225:Infinity":24,"s:226:26:226:Infinity":67,"b:227:8:231:Infinity:229:8:231:Infinity":25,"s:227:8:231:Infinity":68,"s:228:10:228:Infinity":69,"b:229:8:231:Infinity:undefined:undefined:undefined:undefined":26,"s:229:8:231:Infinity":70,"b:229:19:229:47:229:47:229:73":27,"s:230:10:230:Infinity":71,"s:232:8:232:Infinity":72,"s:236:6:240:Infinity":73,"b:237:8:239:Infinity:undefined:undefined:undefined:undefined":28,"s:237:8:239:Infinity":74,"b:237:12:237:24:237:24:237:41":29,"s:238:10:238:Infinity":75,"s:244:6:244:Infinity":76,"f:251:10:251:40":5,"b:252:4:252:Infinity:undefined:undefined:undefined:undefined":30,"s:252:4:252:Infinity":77,"b:252:8:252:42:252:42:252:86":31,"s:252:86:252:Infinity":78,"s:254:4:254:Infinity":79,"b:257:4:267:Infinity:undefined:undefined:undefined:undefined":32,"s:257:4:267:Infinity":80,"s:258:6:258:Infinity":81,"s:259:26:259:Infinity":82,"b:259:26:259:63:259:63:259:Infinity":33,"s:260:24:260:Infinity":83,"b:261:6:265:Infinity:263:6:265:Infinity":34,"s:261:6:265:Infinity":84,"s:262:8:262:Infinity":85,"b:263:6:265:Infinity:undefined:undefined:undefined:undefined":35,"s:263:6:265:Infinity":86,"b:263:17:263:45:263:45:263:71":36,"s:264:8:264:Infinity":87,"s:266:6:266:Infinity":88,"s:269:4:269:Infinity":89,"f:275:2:275:34":6,"s:276:24:276:Infinity":90,"s:277:27:277:Infinity":91,"s:279:4:287:Infinity":92,"f:279:27:279:28":7,"s:279:35:287:6":93,"b:281:13:281:24:281:24:281:Infinity":37,"f:293:2:293:39":8,"s:294:4:294:Infinity":94,"f:294:40:294:41":9,"s:294:47:294:59":95,"f:300:2:300:20":10,"s:301:28:301:Infinity":96,"f:301:57:301:58":11,"s:301:64:301:82":97,"b:302:4:305:Infinity:undefined:undefined:undefined:undefined":38,"s:302:4:305:Infinity":98,"s:303:6:303:Infinity":99,"s:304:6:304:Infinity":100,"s:308:4:308:Infinity":101,"s:310:19:328:Infinity":102,"s:331:4:331:Infinity":103,"b:334:4:344:Infinity:undefined:undefined:undefined:undefined":39,"s:334:4:344:Infinity":104,"s:335:6:343:Infinity":105,"f:335:35:335:41":12,"s:336:8:341:Infinity":106,"s:342:8:342:Infinity":107,"b:347:4:354:Infinity:351:11:354:Infinity":40,"s:347:4:354:Infinity":108,"s:348:6:348:Infinity":109,"s:350:6:350:Infinity":110,"s:353:6:353:Infinity":111,"s:360:4:365:Infinity":112,"s:368:4:371:Infinity":113,"f:368:24:368:30":13,"s:369:6:369:Infinity":114,"s:370:6:370:Infinity":115,"s:373:4:373:Infinity":116,"s:374:4:374:Infinity":117,"f:380:2:380:21":14,"s:381:20:381:Infinity":118,"b:382:4:384:Infinity:undefined:undefined:undefined:undefined":41,"s:382:4:384:Infinity":119,"s:383:6:383:Infinity":120,"s:385:4:385:Infinity":121,"s:386:4:386:Infinity":122,"f:392:2:392:27":15,"s:393:4:397:Infinity":123,"b:394:6:396:Infinity:undefined:undefined:undefined:undefined":42,"s:394:6:396:Infinity":124,"s:395:8:395:Infinity":125,"s:398:4:398:Infinity":126,"s:400:4:400:Infinity":127,"f:406:2:406:17":16,"b:406:53:406:66":43,"s:407:4:407:Infinity":128,"s:409:4:409:Infinity":129,"s:411:44:421:Infinity":130,"s:423:41:423:Infinity":131,"s:427:19:443:Infinity":132,"s:446:25:456:Infinity":133,"s:459:16:461:Infinity":134,"b:460:8:460:Infinity:461:8:461:Infinity":44,"s:463:4:463:Infinity":135,"s:464:4:464:Infinity":136,"b:466:4:473:Infinity:470:11:473:Infinity":45,"s:466:4:473:Infinity":137,"s:467:6:467:Infinity":138,"s:469:6:469:Infinity":139,"s:472:6:472:Infinity":140,"s:475:4:475:Infinity":141,"s:478:4:481:Infinity":142,"s:484:4:487:Infinity":143,"f:484:24:484:30":17,"s:485:6:485:Infinity":144,"s:486:6:486:Infinity":145,"s:489:4:489:Infinity":146,"s:490:4:490:Infinity":147,"f:496:2:496:26":18,"b:497:4:499:Infinity:undefined:undefined:undefined:undefined":46,"s:497:4:499:Infinity":148,"b:497:8:497:41:497:41:497:86":47,"s:498:6:498:Infinity":149,"s:500:4:500:Infinity":150,"f:506:2:506:30":19,"s:507:4:507:Infinity":151,"b:507:11:507:45:507:45:507:Infinity":48,"f:513:2:513:49":20,"s:514:4:514:Infinity":152,"b:514:11:514:44:514:44:514:Infinity":49,"f:520:2:520:25":21,"b:521:4:521:Infinity:undefined:undefined:undefined:undefined":50,"s:521:4:521:Infinity":153,"s:521:32:521:Infinity":154,"s:522:26:522:Infinity":155,"s:523:4:523:Infinity":156,"f:529:2:529:17":22,"b:531:4:534:Infinity:undefined:undefined:undefined:undefined":51,"s:531:4:534:Infinity":157,"b:531:8:531:22:531:22:531:53":52,"s:532:6:532:Infinity":158,"s:533:6:533:Infinity":159,"s:537:4:537:Infinity":160,"s:540:24:540:Infinity":161,"b:540:24:540:49:540:49:540:Infinity":53,"s:541:22:541:Infinity":162,"b:542:4:546:Infinity:544:4:546:Infinity":54,"s:542:4:546:Infinity":163,"s:543:6:543:Infinity":164,"b:544:4:546:Infinity:undefined:undefined:undefined:undefined":55,"s:544:4:546:Infinity":165,"b:544:15:544:43:544:43:544:69":56,"s:545:6:545:Infinity":166,"s:547:27:550:Infinity":167,"s:552:4:561:Infinity":168,"s:553:6:560:Infinity":169,"b:554:8:556:Infinity:undefined:undefined:undefined:undefined":57,"s:554:8:556:Infinity":170,"b:554:12:554:30:554:30:554:61":58,"s:555:10:555:Infinity":171,"s:559:8:559:Infinity":172,"s:564:4:570:Infinity":173,"b:565:6:567:Infinity:undefined:undefined:undefined:undefined":59,"s:565:6:567:Infinity":174,"b:565:10:565:43:565:43:565:88":60,"s:566:8:566:Infinity":175,"s:569:6:569:Infinity":176,"f:576:2:576:18":23,"s:577:4:586:Infinity":177,"s:578:6:585:Infinity":178,"b:579:8:581:Infinity:undefined:undefined:undefined:undefined":61,"s:579:8:581:Infinity":179,"b:579:12:579:37:579:37:579:55:579:55:579:86":62,"s:580:10:580:Infinity":180,"s:584:8:584:Infinity":181,"f:592:2:592:17":24,"b:594:4:597:Infinity:undefined:undefined:undefined:undefined":63,"s:594:4:597:Infinity":182,"b:594:8:594:27:594:27:594:56:594:56:594:79":64,"s:595:6:595:Infinity":183,"s:596:6:596:Infinity":184,"s:598:4:598:Infinity":185,"s:599:4:599:Infinity":186,"s:600:4:600:Infinity":187,"f:606:2:606:22":25,"b:608:4:611:Infinity:undefined:undefined:undefined:undefined":65,"s:608:4:611:Infinity":188,"b:608:8:608:27:608:27:608:56:608:56:608:79":66,"s:609:6:609:Infinity":189,"s:610:6:610:Infinity":190,"s:612:4:612:Infinity":191,"s:613:4:613:Infinity":192,"f:619:2:619:22":26,"b:621:4:624:Infinity:undefined:undefined:undefined:undefined":67,"s:621:4:624:Infinity":193,"b:621:8:621:27:621:27:621:56:621:56:621:79":68,"s:622:6:622:Infinity":194,"s:623:6:623:Infinity":195,"s:626:4:626:Infinity":196,"s:627:4:627:Infinity":197,"f:633:2:633:23":27,"b:635:4:638:Infinity:undefined:undefined:undefined:undefined":69,"s:635:4:638:Infinity":198,"b:635:8:635:27:635:27:635:56:635:56:635:79":70,"s:636:6:636:Infinity":199,"s:637:6:637:Infinity":200,"s:640:4:640:Infinity":201,"s:641:4:641:Infinity":202,"f:647:2:647:22":28,"b:649:4:652:Infinity:undefined:undefined:undefined:undefined":71,"s:649:4:652:Infinity":203,"s:650:6:650:Infinity":204,"s:651:6:651:Infinity":205,"b:654:4:657:Infinity:undefined:undefined:undefined:undefined":72,"s:654:4:657:Infinity":206,"s:655:6:655:Infinity":207,"s:656:6:656:Infinity":208,"s:659:4:659:Infinity":209,"s:660:4:660:Infinity":210,"s:661:4:661:Infinity":211,"f:667:2:667:24":29,"b:669:4:672:Infinity:undefined:undefined:undefined:undefined":73,"s:669:4:672:Infinity":212,"b:669:8:669:20:669:20:669:37:669:37:669:71":74,"s:670:6:670:Infinity":213,"s:671:6:671:Infinity":214,"s:674:4:674:Infinity":215,"b:678:6:680:Infinity:681:6:691:Infinity:692:6:697:Infinity:698:6:706:Infinity:707:6:709:Infinity":75,"s:677:4:710:Infinity":216,"s:679:8:679:Infinity":217,"s:680:8:680:Infinity":218,"b:682:8:690:Infinity:undefined:undefined:undefined:undefined":76,"s:682:8:690:Infinity":219,"b:684:10:687:Infinity:undefined:undefined:undefined:undefined":77,"s:684:10:687:Infinity":220,"b:684:14:684:50:684:50:684:88":78,"s:685:18:685:Infinity":221,"s:686:12:686:Infinity":222,"s:688:10:688:Infinity":223,"s:689:10:689:Infinity":224,"s:691:8:691:Infinity":225,"b:693:8:696:Infinity:undefined:undefined:undefined:undefined":79,"s:693:8:696:Infinity":226,"s:694:10:694:Infinity":227,"s:695:10:695:Infinity":228,"s:697:8:697:Infinity":229,"b:699:8:705:Infinity:undefined:undefined:undefined:undefined":80,"s:699:8:705:Infinity":230,"b:699:12:699:38:699:38:699:74:699:74:699:100:699:100:699:119":81,"s:700:10:700:Infinity":231,"b:702:10:704:Infinity:undefined:undefined:undefined:undefined":82,"s:702:10:704:Infinity":232,"s:703:12:703:Infinity":233,"s:706:8:706:Infinity":234,"s:708:8:708:Infinity":235,"s:709:8:709:Infinity":236,"s:712:4:717:Infinity":237,"b:713:6:716:Infinity:undefined:undefined:undefined:undefined":83,"s:713:6:716:Infinity":238,"b:713:10:713:28:713:28:713:59":84,"s:714:8:714:Infinity":239,"s:715:8:715:Infinity":240,"f:723:2:723:17":30,"b:725:4:728:Infinity:undefined:undefined:undefined:undefined":85,"s:725:4:728:Infinity":241,"b:725:8:725:22:725:22:725:53":86,"s:726:6:726:Infinity":242,"s:727:6:727:Infinity":243,"b:729:4:732:Infinity:undefined:undefined:undefined:undefined":87,"s:729:4:732:Infinity":244,"b:729:8:729:26:729:26:729:56:729:56:729:84":88,"s:730:6:730:Infinity":245,"s:731:6:731:Infinity":246,"b:736:4:749:Infinity:745:11:749:Infinity":89,"s:736:4:749:Infinity":247,"s:737:6:737:Infinity":248,"s:738:6:738:Infinity":249,"b:741:6:744:Infinity:undefined:undefined:undefined:undefined":90,"s:741:6:744:Infinity":250,"s:742:8:742:Infinity":251,"s:743:8:743:Infinity":252,"s:746:6:746:Infinity":253,"s:747:6:747:Infinity":254,"s:748:6:748:Infinity":255,"s:751:4:755:Infinity":256,"b:752:6:754:Infinity:undefined:undefined:undefined:undefined":91,"s:752:6:754:Infinity":257,"b:752:10:752:28:752:28:752:59":92,"s:753:8:753:Infinity":258,"f:762:2:762:66":31,"b:763:4:763:Infinity:undefined:undefined:undefined:undefined":93,"s:763:4:763:Infinity":259,"s:763:33:763:Infinity":260,"s:765:15:765:Infinity":261,"b:766:4:770:Infinity:undefined:undefined:undefined:undefined":94,"s:766:4:770:Infinity":262,"b:766:8:766:44:766:44:766:82":95,"s:768:12:768:Infinity":263,"s:769:6:769:Infinity":264,"s:772:4:772:Infinity":265,"f:778:2:778:16":32,"b:780:4:783:Infinity:undefined:undefined:undefined:undefined":96,"s:780:4:783:Infinity":266,"b:780:8:780:21:780:21:780:51":97,"s:781:6:781:Infinity":267,"s:782:6:782:Infinity":268,"s:786:27:786:Infinity":269,"b:787:4:790:Infinity:undefined:undefined:undefined:undefined":98,"s:787:4:790:Infinity":270,"b:787:8:787:26:787:26:787:63:787:63:787:104":99,"s:788:6:788:Infinity":271,"s:789:6:789:Infinity":272,"b:793:4:800:Infinity:796:11:800:Infinity":100,"s:793:4:800:Infinity":273,"s:794:6:794:Infinity":274,"s:795:6:795:Infinity":275,"s:798:6:798:Infinity":276,"s:799:6:799:Infinity":277,"s:802:4:806:Infinity":278,"b:803:6:805:Infinity:undefined:undefined:undefined:undefined":101,"s:803:6:805:Infinity":279,"b:803:10:803:28:803:28:803:59":102,"s:804:8:804:Infinity":280,"f:812:2:812:19":33,"b:814:4:817:Infinity:undefined:undefined:undefined:undefined":103,"s:814:4:817:Infinity":281,"b:814:8:814:20:814:20:814:35":104,"s:815:6:815:Infinity":282,"s:816:6:816:Infinity":283,"s:819:4:819:Infinity":284,"b:823:6:842:Infinity:843:6:846:Infinity:847:6:847:Infinity:848:6:856:Infinity:857:6:857:Infinity:858:6:866:Infinity":105,"s:822:4:867:Infinity":285,"b:825:8:828:Infinity:undefined:undefined:undefined:undefined":106,"s:825:8:828:Infinity":286,"b:825:12:825:32:825:32:825:69":107,"s:826:10:826:Infinity":287,"s:827:10:827:Infinity":288,"s:830:33:830:Infinity":289,"b:831:8:834:Infinity:undefined:undefined:undefined:undefined":108,"s:831:8:834:Infinity":290,"b:831:12:831:45:831:45:831:75":109,"s:832:10:832:Infinity":291,"s:833:10:833:Infinity":292,"s:835:8:835:Infinity":293,"b:835:72:835:89:835:89:835:106":110,"s:836:8:836:Infinity":294,"s:838:8:838:Infinity":295,"s:839:8:839:Infinity":296,"s:841:8:841:Infinity":297,"s:842:8:842:Infinity":298,"s:844:8:844:Infinity":299,"s:845:8:845:Infinity":300,"s:846:8:846:Infinity":301,"b:850:8:855:Infinity:undefined:undefined:undefined:undefined":111,"s:850:8:855:Infinity":302,"b:850:12:850:55:850:55:850:88:850:88:850:114":112,"s:851:10:854:Infinity":303,"b:853:23:853:44:853:44:853:Infinity":113,"s:856:8:856:Infinity":304,"b:860:8:865:Infinity:undefined:undefined:undefined:undefined":114,"s:860:8:865:Infinity":305,"b:860:12:860:55:860:55:860:88:860:88:860:114":115,"s:861:10:864:Infinity":306,"b:863:50:863:101:863:101:863:Infinity":116,"b:863:50:863:92:863:92:863:101":117,"s:866:8:866:Infinity":307,"s:869:4:874:Infinity":308,"b:870:6:873:Infinity:undefined:undefined:undefined:undefined":118,"s:870:6:873:Infinity":309,"b:870:10:870:39:870:39:870:57:870:57:870:88":119,"s:871:8:871:Infinity":310,"s:872:8:872:Infinity":311,"f:880:2:880:68":34,"b:881:4:881:Infinity:undefined:undefined:undefined:undefined":120,"s:881:4:881:Infinity":312,"s:881:38:881:Infinity":313,"s:882:4:885:Infinity":314,"f:891:2:891:16":35,"s:893:4:893:Infinity":315,"s:895:4:895:Infinity":316,"s:898:4:901:Infinity":317,"f:898:40:898:41":36,"s:899:6:899:Infinity":318,"s:900:6:900:Infinity":319,"s:903:4:912:Infinity":320,"f:903:42:903:43":37,"s:904:6:904:Infinity":321,"s:906:22:906:Infinity":322,"b:907:6:909:Infinity:undefined:undefined:undefined:undefined":121,"s:907:6:909:Infinity":323,"b:907:10:907:29:907:29:907:60":122,"s:908:8:908:Infinity":324,"s:910:6:910:Infinity":325,"s:911:6:911:Infinity":326,"s:914:4:917:Infinity":327,"f:914:49:914:50":38,"s:915:6:915:Infinity":328,"s:919:4:919:Infinity":329,"s:920:4:920:Infinity":330,"s:921:4:921:Infinity":331,"f:927:2:927:23":39,"b:928:4:930:Infinity:undefined:undefined:undefined:undefined":123,"s:928:4:930:Infinity":332,"s:929:6:929:Infinity":333,"b:931:4:933:Infinity:undefined:undefined:undefined:undefined":124,"s:931:4:933:Infinity":334,"s:932:6:932:Infinity":335,"b:934:4:936:Infinity:undefined:undefined:undefined:undefined":125,"s:934:4:936:Infinity":336,"s:935:6:935:Infinity":337,"s:937:4:937:Infinity":338,"s:938:4:938:Infinity":339,"f:941:10:941:38":40,"b:942:4:944:Infinity:undefined:undefined:undefined:undefined":126,"s:942:4:944:Infinity":340,"s:943:6:943:Infinity":341,"f:950:2:950:34":41,"s:951:4:951:Infinity":342,"f:957:2:957:20":42,"s:958:4:958:Infinity":343,"f:964:8:964:57":43,"s:966:4:978:Infinity":344,"b:967:6:977:Infinity:undefined:undefined:undefined:undefined":127,"s:967:6:977:Infinity":345,"b:967:10:967:39:967:39:967:57:967:57:967:88":128,"s:968:8:976:Infinity":346,"s:969:24:969:Infinity":347,"s:971:26:971:Infinity":348,"s:972:10:972:Infinity":349,"s:974:10:974:Infinity":350,"s:975:10:975:Infinity":351,"s:979:4:979:Infinity":352}}}
}
