{"C:\\Users\\shilo\\Documents\\solupresenter\\backend\\jobs\\cleanupExpiredRooms.js": {"path":"C:\\Users\\shilo\\Documents\\solupresenter\\backend\\jobs\\cleanupExpiredRooms.js","statementMap":{"0":{"start":{"line":1,"column":15},"end":{"line":1,"column":35}},"1":{"start":{"line":2,"column":26},"end":{"line":2,"column":46}},"2":{"start":{"line":9,"column":2},"end":{"line":56,"column":3}},"3":{"start":{"line":10,"column":4},"end":{"line":10,"column":50}},"4":{"start":{"line":12,"column":16},"end":{"line":12,"column":26}},"5":{"start":{"line":15,"column":25},"end":{"line":26,"column":6}},"6":{"start":{"line":28,"column":4},"end":{"line":31,"column":5}},"7":{"start":{"line":29,"column":6},"end":{"line":29,"column":46}},"8":{"start":{"line":30,"column":6},"end":{"line":30,"column":13}},"9":{"start":{"line":33,"column":4},"end":{"line":33,"column":80}},"10":{"start":{"line":35,"column":4},"end":{"line":51,"column":5}},"11":{"start":{"line":36,"column":6},"end":{"line":36,"column":81}},"12":{"start":{"line":39,"column":6},"end":{"line":47,"column":7}},"13":{"start":{"line":40,"column":8},"end":{"line":45,"column":11}},"14":{"start":{"line":46,"column":8},"end":{"line":46,"column":55}},"15":{"start":{"line":50,"column":6},"end":{"line":50,"column":27}},"16":{"start":{"line":53,"column":4},"end":{"line":53,"column":71}},"17":{"start":{"line":55,"column":4},"end":{"line":55,"column":57}},"18":{"start":{"line":59,"column":0},"end":{"line":59,"column":37}}},"fnMap":{"0":{"name":"cleanupExpiredRooms","decl":{"start":{"line":8,"column":15},"end":{"line":8,"column":34}},"loc":{"start":{"line":8,"column":37},"end":{"line":57,"column":1}},"line":8}},"branchMap":{"0":{"loc":{"start":{"line":28,"column":4},"end":{"line":31,"column":5}},"type":"if","locations":[{"start":{"line":28,"column":4},"end":{"line":31,"column":5}},{"start":{},"end":{}}],"line":28},"1":{"loc":{"start":{"line":39,"column":6},"end":{"line":47,"column":7}},"type":"if","locations":[{"start":{"line":39,"column":6},"end":{"line":47,"column":7}},{"start":{},"end":{}}],"line":39}},"s":{"0":0,"1":0,"2":0,"3":0,"4":0,"5":0,"6":0,"7":0,"8":0,"9":0,"10":0,"11":0,"12":0,"13":0,"14":0,"15":0,"16":0,"17":0,"18":0},"f":{"0":0},"b":{"0":[0,0],"1":[0,0]}}
,"C:\\Users\\shilo\\Documents\\solupresenter\\backend\\jobs\\cleanupTemporarySetlists.js": {"path":"C:\\Users\\shilo\\Documents\\solupresenter\\backend\\jobs\\cleanupTemporarySetlists.js","statementMap":{"0":{"start":{"line":1,"column":26},"end":{"line":1,"column":46}},"1":{"start":{"line":8,"column":2},"end":{"line":43,"column":3}},"2":{"start":{"line":9,"column":4},"end":{"line":9,"column":64}},"3":{"start":{"line":12,"column":30},"end":{"line":12,"column":85}},"4":{"start":{"line":14,"column":23},"end":{"line":14,"column":24}},"5":{"start":{"line":16,"column":4},"end":{"line":38,"column":5}},"6":{"start":{"line":18,"column":6},"end":{"line":37,"column":7}},"7":{"start":{"line":19,"column":21},"end":{"line":24,"column":10}},"8":{"start":{"line":27,"column":8},"end":{"line":31,"column":9}},"9":{"start":{"line":28,"column":10},"end":{"line":28,"column":34}},"10":{"start":{"line":29,"column":10},"end":{"line":29,"column":25}},"11":{"start":{"line":30,"column":10},"end":{"line":30,"column":97}},"12":{"start":{"line":34,"column":8},"end":{"line":34,"column":32}},"13":{"start":{"line":35,"column":8},"end":{"line":35,"column":23}},"14":{"start":{"line":36,"column":8},"end":{"line":36,"column":112}},"15":{"start":{"line":40,"column":4},"end":{"line":40,"column":84}},"16":{"start":{"line":42,"column":4},"end":{"line":42,"column":70}},"17":{"start":{"line":46,"column":0},"end":{"line":46,"column":42}}},"fnMap":{"0":{"name":"cleanupTemporarySetlists","decl":{"start":{"line":7,"column":15},"end":{"line":7,"column":39}},"loc":{"start":{"line":7,"column":42},"end":{"line":44,"column":1}},"line":7}},"branchMap":{"0":{"loc":{"start":{"line":18,"column":6},"end":{"line":37,"column":7}},"type":"if","locations":[{"start":{"line":18,"column":6},"end":{"line":37,"column":7}},{"start":{"line":32,"column":13},"end":{"line":37,"column":7}}],"line":18},"1":{"loc":{"start":{"line":27,"column":8},"end":{"line":31,"column":9}},"type":"if","locations":[{"start":{"line":27,"column":8},"end":{"line":31,"column":9}},{"start":{},"end":{}}],"line":27}},"s":{"0":0,"1":0,"2":0,"3":0,"4":0,"5":0,"6":0,"7":0,"8":0,"9":0,"10":0,"11":0,"12":0,"13":0,"14":0,"15":0,"16":0,"17":0},"f":{"0":0},"b":{"0":[0,0],"1":[0,0]}}
,"C:\\Users\\shilo\\Documents\\solupresenter\\backend\\middleware\\auth.js": {"path":"C:\\Users\\shilo\\Documents\\solupresenter\\backend\\middleware\\auth.js","statementMap":{"0":{"start":{"line":1,"column":12},"end":{"line":1,"column":35}},"1":{"start":{"line":2,"column":17},"end":{"line":2,"column":37}},"2":{"start":{"line":5,"column":26},"end":{"line":26,"column":1}},"3":{"start":{"line":6,"column":2},"end":{"line":25,"column":3}},"4":{"start":{"line":7,"column":23},"end":{"line":7,"column":51}},"5":{"start":{"line":8,"column":18},"end":{"line":8,"column":56}},"6":{"start":{"line":10,"column":4},"end":{"line":12,"column":5}},"7":{"start":{"line":11,"column":6},"end":{"line":11,"column":70}},"8":{"start":{"line":14,"column":20},"end":{"line":14,"column":61}},"9":{"start":{"line":15,"column":17},"end":{"line":15,"column":52}},"10":{"start":{"line":17,"column":4},"end":{"line":19,"column":5}},"11":{"start":{"line":18,"column":6},"end":{"line":18,"column":62}},"12":{"start":{"line":21,"column":4},"end":{"line":21,"column":20}},"13":{"start":{"line":22,"column":4},"end":{"line":22,"column":11}},"14":{"start":{"line":24,"column":4},"end":{"line":24,"column":71}},"15":{"start":{"line":29,"column":16},"end":{"line":34,"column":1}},"16":{"start":{"line":30,"column":2},"end":{"line":32,"column":3}},"17":{"start":{"line":31,"column":4},"end":{"line":31,"column":68}},"18":{"start":{"line":33,"column":2},"end":{"line":33,"column":9}},"19":{"start":{"line":36,"column":0},"end":{"line":39,"column":2}}},"fnMap":{"0":{"name":"(anonymous_0)","decl":{"start":{"line":5,"column":26},"end":{"line":5,"column":27}},"loc":{"start":{"line":5,"column":52},"end":{"line":26,"column":1}},"line":5},"1":{"name":"(anonymous_1)","decl":{"start":{"line":29,"column":16},"end":{"line":29,"column":17}},"loc":{"start":{"line":29,"column":36},"end":{"line":34,"column":1}},"line":29}},"branchMap":{"0":{"loc":{"start":{"line":8,"column":18},"end":{"line":8,"column":56}},"type":"binary-expr","locations":[{"start":{"line":8,"column":18},"end":{"line":8,"column":28}},{"start":{"line":8,"column":32},"end":{"line":8,"column":56}}],"line":8},"1":{"loc":{"start":{"line":10,"column":4},"end":{"line":12,"column":5}},"type":"if","locations":[{"start":{"line":10,"column":4},"end":{"line":12,"column":5}},{"start":{},"end":{}}],"line":10},"2":{"loc":{"start":{"line":17,"column":4},"end":{"line":19,"column":5}},"type":"if","locations":[{"start":{"line":17,"column":4},"end":{"line":19,"column":5}},{"start":{},"end":{}}],"line":17},"3":{"loc":{"start":{"line":30,"column":2},"end":{"line":32,"column":3}},"type":"if","locations":[{"start":{"line":30,"column":2},"end":{"line":32,"column":3}},{"start":{},"end":{}}],"line":30}},"s":{"0":1,"1":1,"2":1,"3":44,"4":44,"5":44,"6":44,"7":1,"8":43,"9":0,"10":0,"11":0,"12":0,"13":0,"14":43,"15":1,"16":0,"17":0,"18":0,"19":1},"f":{"0":44,"1":0},"b":{"0":[44,43],"1":[1,43],"2":[0,0],"3":[0,0]},"_coverageSchema":"1a1c01bbd47fc00a2c39e90264f33305004495a9","hash":"d3c390146a67bd747339943fed177cc31ea146eb"}
,"C:\\Users\\shilo\\Documents\\solupresenter\\backend\\models\\BibleVerse.js": {"path":"C:\\Users\\shilo\\Documents\\solupresenter\\backend\\models\\BibleVerse.js","statementMap":{"0":{"start":{"line":1,"column":22},"end":{"line":1,"column":42}},"1":{"start":{"line":2,"column":18},"end":{"line":2,"column":48}},"2":{"start":{"line":4,"column":19},"end":{"line":68,"column":2}},"3":{"start":{"line":71,"column":0},"end":{"line":75,"column":2}},"4":{"start":{"line":72,"column":17},"end":{"line":72,"column":46}},"5":{"start":{"line":73,"column":2},"end":{"line":73,"column":25}},"6":{"start":{"line":74,"column":2},"end":{"line":74,"column":16}},"7":{"start":{"line":77,"column":0},"end":{"line":77,"column":28}}},"fnMap":{"0":{"name":"(anonymous_0)","decl":{"start":{"line":71,"column":30},"end":{"line":71,"column":31}},"loc":{"start":{"line":71,"column":41},"end":{"line":75,"column":1}},"line":71}},"branchMap":{},"s":{"0":1,"1":1,"2":1,"3":1,"4":0,"5":0,"6":0,"7":1},"f":{"0":0},"b":{},"_coverageSchema":"1a1c01bbd47fc00a2c39e90264f33305004495a9","hash":"86aa45b13d5b708c5f57d5c28bbc3f9e514a8cd6"}
,"C:\\Users\\shilo\\Documents\\solupresenter\\backend\\models\\Media.js": {"path":"C:\\Users\\shilo\\Documents\\solupresenter\\backend\\models\\Media.js","statementMap":{"0":{"start":{"line":1,"column":22},"end":{"line":1,"column":42}},"1":{"start":{"line":2,"column":18},"end":{"line":2,"column":48}},"2":{"start":{"line":4,"column":14},"end":{"line":64,"column":2}},"3":{"start":{"line":14,"column":6},"end":{"line":14,"column":46}},"4":{"start":{"line":50,"column":6},"end":{"line":50,"column":21}},"5":{"start":{"line":67,"column":0},"end":{"line":71,"column":2}},"6":{"start":{"line":68,"column":17},"end":{"line":68,"column":46}},"7":{"start":{"line":69,"column":2},"end":{"line":69,"column":25}},"8":{"start":{"line":70,"column":2},"end":{"line":70,"column":16}},"9":{"start":{"line":73,"column":0},"end":{"line":73,"column":23}}},"fnMap":{"0":{"name":"(anonymous_0)","decl":{"start":{"line":13,"column":4},"end":{"line":13,"column":5}},"loc":{"start":{"line":13,"column":15},"end":{"line":15,"column":5}},"line":13},"1":{"name":"(anonymous_1)","decl":{"start":{"line":49,"column":4},"end":{"line":49,"column":5}},"loc":{"start":{"line":49,"column":10},"end":{"line":51,"column":5}},"line":49},"2":{"name":"(anonymous_2)","decl":{"start":{"line":67,"column":25},"end":{"line":67,"column":26}},"loc":{"start":{"line":67,"column":36},"end":{"line":71,"column":1}},"line":67}},"branchMap":{},"s":{"0":1,"1":1,"2":1,"3":0,"4":0,"5":1,"6":0,"7":0,"8":0,"9":1},"f":{"0":0,"1":0,"2":0},"b":{},"_coverageSchema":"1a1c01bbd47fc00a2c39e90264f33305004495a9","hash":"1eb7c51249c23e8ba65aeb26a13b5838465f4990"}
,"C:\\Users\\shilo\\Documents\\solupresenter\\backend\\models\\Presentation.js": {"path":"C:\\Users\\shilo\\Documents\\solupresenter\\backend\\models\\Presentation.js","statementMap":{"0":{"start":{"line":1,"column":22},"end":{"line":1,"column":42}},"1":{"start":{"line":2,"column":18},"end":{"line":2,"column":48}},"2":{"start":{"line":4,"column":21},"end":{"line":69,"column":2}},"3":{"start":{"line":14,"column":6},"end":{"line":14,"column":47}},"4":{"start":{"line":52,"column":6},"end":{"line":52,"column":21}},"5":{"start":{"line":72,"column":0},"end":{"line":76,"column":2}},"6":{"start":{"line":73,"column":17},"end":{"line":73,"column":46}},"7":{"start":{"line":74,"column":2},"end":{"line":74,"column":25}},"8":{"start":{"line":75,"column":2},"end":{"line":75,"column":16}},"9":{"start":{"line":78,"column":0},"end":{"line":78,"column":30}}},"fnMap":{"0":{"name":"(anonymous_0)","decl":{"start":{"line":13,"column":4},"end":{"line":13,"column":5}},"loc":{"start":{"line":13,"column":15},"end":{"line":15,"column":5}},"line":13},"1":{"name":"(anonymous_1)","decl":{"start":{"line":51,"column":4},"end":{"line":51,"column":5}},"loc":{"start":{"line":51,"column":10},"end":{"line":53,"column":5}},"line":51},"2":{"name":"(anonymous_2)","decl":{"start":{"line":72,"column":32},"end":{"line":72,"column":33}},"loc":{"start":{"line":72,"column":43},"end":{"line":76,"column":1}},"line":72}},"branchMap":{},"s":{"0":1,"1":1,"2":1,"3":0,"4":0,"5":1,"6":0,"7":0,"8":0,"9":1},"f":{"0":0,"1":0,"2":0},"b":{},"_coverageSchema":"1a1c01bbd47fc00a2c39e90264f33305004495a9","hash":"d78bd29bb20dcad1f7a5045fd0e31e5354428d77"}
,"C:\\Users\\shilo\\Documents\\solupresenter\\backend\\models\\PublicRoom.js": {"path":"C:\\Users\\shilo\\Documents\\solupresenter\\backend\\models\\PublicRoom.js","statementMap":{"0":{"start":{"line":1,"column":22},"end":{"line":1,"column":42}},"1":{"start":{"line":2,"column":18},"end":{"line":2,"column":48}},"2":{"start":{"line":4,"column":19},"end":{"line":59,"column":2}},"3":{"start":{"line":23,"column":19},"end":{"line":29,"column":32}},"4":{"start":{"line":30,"column":6},"end":{"line":30,"column":38}},"5":{"start":{"line":62,"column":0},"end":{"line":66,"column":2}},"6":{"start":{"line":63,"column":17},"end":{"line":63,"column":46}},"7":{"start":{"line":64,"column":2},"end":{"line":64,"column":25}},"8":{"start":{"line":65,"column":2},"end":{"line":65,"column":16}},"9":{"start":{"line":68,"column":0},"end":{"line":68,"column":28}}},"fnMap":{"0":{"name":"(anonymous_0)","decl":{"start":{"line":21,"column":4},"end":{"line":21,"column":5}},"loc":{"start":{"line":21,"column":15},"end":{"line":31,"column":5}},"line":21},"1":{"name":"(anonymous_1)","decl":{"start":{"line":62,"column":30},"end":{"line":62,"column":31}},"loc":{"start":{"line":62,"column":41},"end":{"line":66,"column":1}},"line":62}},"branchMap":{},"s":{"0":1,"1":1,"2":1,"3":0,"4":0,"5":1,"6":0,"7":0,"8":0,"9":1},"f":{"0":0,"1":0},"b":{},"_coverageSchema":"1a1c01bbd47fc00a2c39e90264f33305004495a9","hash":"8ebdf026df36d90d96c90f550a6e7a542e727bc1"}
,"C:\\Users\\shilo\\Documents\\solupresenter\\backend\\models\\RemoteScreen.js": {"path":"C:\\Users\\shilo\\Documents\\solupresenter\\backend\\models\\RemoteScreen.js","statementMap":{"0":{"start":{"line":1,"column":22},"end":{"line":1,"column":42}},"1":{"start":{"line":2,"column":18},"end":{"line":2,"column":48}},"2":{"start":{"line":4,"column":21},"end":{"line":42,"column":2}},"3":{"start":{"line":45,"column":0},"end":{"line":49,"column":2}},"4":{"start":{"line":46,"column":17},"end":{"line":46,"column":46}},"5":{"start":{"line":47,"column":2},"end":{"line":47,"column":25}},"6":{"start":{"line":48,"column":2},"end":{"line":48,"column":16}},"7":{"start":{"line":51,"column":0},"end":{"line":51,"column":30}}},"fnMap":{"0":{"name":"(anonymous_0)","decl":{"start":{"line":45,"column":32},"end":{"line":45,"column":33}},"loc":{"start":{"line":45,"column":43},"end":{"line":49,"column":1}},"line":45}},"branchMap":{},"s":{"0":1,"1":1,"2":1,"3":1,"4":0,"5":0,"6":0,"7":1},"f":{"0":0},"b":{},"_coverageSchema":"1a1c01bbd47fc00a2c39e90264f33305004495a9","hash":"a10ef175b7b482653f1bff59a554c5f3fb659567"}
,"C:\\Users\\shilo\\Documents\\solupresenter\\backend\\models\\Room.js": {"path":"C:\\Users\\shilo\\Documents\\solupresenter\\backend\\models\\Room.js","statementMap":{"0":{"start":{"line":1,"column":22},"end":{"line":1,"column":42}},"1":{"start":{"line":2,"column":18},"end":{"line":2,"column":48}},"2":{"start":{"line":4,"column":13},"end":{"line":110,"column":2}},"3":{"start":{"line":15,"column":6},"end":{"line":15,"column":52}},"4":{"start":{"line":77,"column":24},"end":{"line":77,"column":65}},"5":{"start":{"line":86,"column":6},"end":{"line":86,"column":21}},"6":{"start":{"line":113,"column":0},"end":{"line":117,"column":2}},"7":{"start":{"line":114,"column":2},"end":{"line":114,"column":33}},"8":{"start":{"line":115,"column":2},"end":{"line":115,"column":61}},"9":{"start":{"line":116,"column":2},"end":{"line":116,"column":27}},"10":{"start":{"line":120,"column":0},"end":{"line":124,"column":2}},"11":{"start":{"line":121,"column":17},"end":{"line":121,"column":46}},"12":{"start":{"line":122,"column":2},"end":{"line":122,"column":25}},"13":{"start":{"line":123,"column":2},"end":{"line":123,"column":16}},"14":{"start":{"line":126,"column":0},"end":{"line":126,"column":22}}},"fnMap":{"0":{"name":"(anonymous_0)","decl":{"start":{"line":14,"column":4},"end":{"line":14,"column":5}},"loc":{"start":{"line":14,"column":15},"end":{"line":16,"column":5}},"line":14},"1":{"name":"(anonymous_1)","decl":{"start":{"line":77,"column":18},"end":{"line":77,"column":19}},"loc":{"start":{"line":77,"column":24},"end":{"line":77,"column":65}},"line":77},"2":{"name":"(anonymous_2)","decl":{"start":{"line":85,"column":4},"end":{"line":85,"column":5}},"loc":{"start":{"line":85,"column":10},"end":{"line":87,"column":5}},"line":85},"3":{"name":"(anonymous_3)","decl":{"start":{"line":113,"column":32},"end":{"line":113,"column":33}},"loc":{"start":{"line":113,"column":49},"end":{"line":117,"column":1}},"line":113},"4":{"name":"(anonymous_4)","decl":{"start":{"line":120,"column":24},"end":{"line":120,"column":25}},"loc":{"start":{"line":120,"column":35},"end":{"line":124,"column":1}},"line":120}},"branchMap":{},"s":{"0":1,"1":1,"2":1,"3":0,"4":0,"5":0,"6":1,"7":0,"8":0,"9":0,"10":1,"11":0,"12":0,"13":0,"14":1},"f":{"0":0,"1":0,"2":0,"3":0,"4":0},"b":{},"_coverageSchema":"1a1c01bbd47fc00a2c39e90264f33305004495a9","hash":"17184333543ec3f86af7905f9031bfc50b7384c6"}
,"C:\\Users\\shilo\\Documents\\solupresenter\\backend\\models\\Setlist.js": {"path":"C:\\Users\\shilo\\Documents\\solupresenter\\backend\\models\\Setlist.js","statementMap":{"0":{"start":{"line":1,"column":22},"end":{"line":1,"column":42}},"1":{"start":{"line":2,"column":18},"end":{"line":2,"column":48}},"2":{"start":{"line":4,"column":16},"end":{"line":78,"column":2}},"3":{"start":{"line":14,"column":6},"end":{"line":14,"column":46}},"4":{"start":{"line":51,"column":6},"end":{"line":51,"column":21}},"5":{"start":{"line":81,"column":0},"end":{"line":85,"column":2}},"6":{"start":{"line":82,"column":17},"end":{"line":82,"column":46}},"7":{"start":{"line":83,"column":2},"end":{"line":83,"column":25}},"8":{"start":{"line":84,"column":2},"end":{"line":84,"column":16}},"9":{"start":{"line":87,"column":0},"end":{"line":87,"column":25}}},"fnMap":{"0":{"name":"(anonymous_0)","decl":{"start":{"line":13,"column":4},"end":{"line":13,"column":5}},"loc":{"start":{"line":13,"column":15},"end":{"line":15,"column":5}},"line":13},"1":{"name":"(anonymous_1)","decl":{"start":{"line":50,"column":4},"end":{"line":50,"column":5}},"loc":{"start":{"line":50,"column":10},"end":{"line":52,"column":5}},"line":50},"2":{"name":"(anonymous_2)","decl":{"start":{"line":81,"column":27},"end":{"line":81,"column":28}},"loc":{"start":{"line":81,"column":38},"end":{"line":85,"column":1}},"line":81}},"branchMap":{},"s":{"0":1,"1":1,"2":1,"3":0,"4":0,"5":1,"6":0,"7":0,"8":0,"9":1},"f":{"0":0,"1":0,"2":0},"b":{},"_coverageSchema":"1a1c01bbd47fc00a2c39e90264f33305004495a9","hash":"347aea4cf9aea56bea9d464f0bc9d896dbf019ae"}
,"C:\\Users\\shilo\\Documents\\solupresenter\\backend\\models\\Song.js": {"path":"C:\\Users\\shilo\\Documents\\solupresenter\\backend\\models\\Song.js","statementMap":{"0":{"start":{"line":1,"column":22},"end":{"line":1,"column":42}},"1":{"start":{"line":2,"column":18},"end":{"line":2,"column":48}},"2":{"start":{"line":4,"column":13},"end":{"line":118,"column":2}},"3":{"start":{"line":14,"column":6},"end":{"line":14,"column":47}},"4":{"start":{"line":33,"column":23},"end":{"line":33,"column":48}},"5":{"start":{"line":35,"column":6},"end":{"line":35,"column":53}},"6":{"start":{"line":38,"column":6},"end":{"line":43,"column":7}},"7":{"start":{"line":39,"column":27},"end":{"line":39,"column":69}},"8":{"start":{"line":39,"column":44},"end":{"line":39,"column":68}},"9":{"start":{"line":40,"column":8},"end":{"line":40,"column":46}},"10":{"start":{"line":42,"column":8},"end":{"line":42,"column":38}},"11":{"start":{"line":79,"column":22},"end":{"line":79,"column":49}},"12":{"start":{"line":80,"column":6},"end":{"line":80,"column":51}},"13":{"start":{"line":91,"column":6},"end":{"line":91,"column":21}},"14":{"start":{"line":121,"column":0},"end":{"line":125,"column":2}},"15":{"start":{"line":122,"column":17},"end":{"line":122,"column":46}},"16":{"start":{"line":123,"column":2},"end":{"line":123,"column":25}},"17":{"start":{"line":124,"column":2},"end":{"line":124,"column":16}},"18":{"start":{"line":127,"column":0},"end":{"line":127,"column":22}}},"fnMap":{"0":{"name":"(anonymous_0)","decl":{"start":{"line":13,"column":4},"end":{"line":13,"column":5}},"loc":{"start":{"line":13,"column":15},"end":{"line":15,"column":5}},"line":13},"1":{"name":"(anonymous_1)","decl":{"start":{"line":32,"column":4},"end":{"line":32,"column":5}},"loc":{"start":{"line":32,"column":10},"end":{"line":36,"column":5}},"line":32},"2":{"name":"(anonymous_2)","decl":{"start":{"line":37,"column":4},"end":{"line":37,"column":5}},"loc":{"start":{"line":37,"column":15},"end":{"line":44,"column":5}},"line":37},"3":{"name":"(anonymous_3)","decl":{"start":{"line":39,"column":37},"end":{"line":39,"column":38}},"loc":{"start":{"line":39,"column":44},"end":{"line":39,"column":68}},"line":39},"4":{"name":"(anonymous_4)","decl":{"start":{"line":78,"column":4},"end":{"line":78,"column":5}},"loc":{"start":{"line":78,"column":15},"end":{"line":81,"column":5}},"line":78},"5":{"name":"(anonymous_5)","decl":{"start":{"line":90,"column":4},"end":{"line":90,"column":5}},"loc":{"start":{"line":90,"column":10},"end":{"line":92,"column":5}},"line":90},"6":{"name":"(anonymous_6)","decl":{"start":{"line":121,"column":24},"end":{"line":121,"column":25}},"loc":{"start":{"line":121,"column":35},"end":{"line":125,"column":1}},"line":121}},"branchMap":{"0":{"loc":{"start":{"line":35,"column":13},"end":{"line":35,"column":52}},"type":"cond-expr","locations":[{"start":{"line":35,"column":39},"end":{"line":35,"column":47}},{"start":{"line":35,"column":50},"end":{"line":35,"column":52}}],"line":35},"1":{"loc":{"start":{"line":38,"column":6},"end":{"line":43,"column":7}},"type":"if","locations":[{"start":{"line":38,"column":6},"end":{"line":43,"column":7}},{"start":{"line":41,"column":13},"end":{"line":43,"column":7}}],"line":38},"2":{"loc":{"start":{"line":79,"column":22},"end":{"line":79,"column":49}},"type":"cond-expr","locations":[{"start":{"line":79,"column":30},"end":{"line":79,"column":42}},{"start":{"line":79,"column":45},"end":{"line":79,"column":49}}],"line":79},"3":{"loc":{"start":{"line":80,"column":34},"end":{"line":80,"column":49}},"type":"binary-expr","locations":[{"start":{"line":80,"column":34},"end":{"line":80,"column":41}},{"start":{"line":80,"column":45},"end":{"line":80,"column":49}}],"line":80}},"s":{"0":1,"1":1,"2":1,"3":0,"4":0,"5":0,"6":0,"7":0,"8":0,"9":0,"10":0,"11":0,"12":0,"13":0,"14":1,"15":0,"16":0,"17":0,"18":1},"f":{"0":0,"1":0,"2":0,"3":0,"4":0,"5":0,"6":0},"b":{"0":[0,0],"1":[0,0],"2":[0,0],"3":[0,0]},"_coverageSchema":"1a1c01bbd47fc00a2c39e90264f33305004495a9","hash":"7f555701a4b005859b7c75444a7b27ceb735cf07"}
,"C:\\Users\\shilo\\Documents\\solupresenter\\backend\\models\\SongMapping.js": {"path":"C:\\Users\\shilo\\Documents\\solupresenter\\backend\\models\\SongMapping.js","statementMap":{"0":{"start":{"line":1,"column":22},"end":{"line":1,"column":42}},"1":{"start":{"line":2,"column":18},"end":{"line":2,"column":48}},"2":{"start":{"line":4,"column":20},"end":{"line":62,"column":2}},"3":{"start":{"line":64,"column":0},"end":{"line":64,"column":29}}},"fnMap":{},"branchMap":{},"s":{"0":1,"1":1,"2":1,"3":1},"f":{},"b":{},"_coverageSchema":"1a1c01bbd47fc00a2c39e90264f33305004495a9","hash":"f4b245755c2e74a3dc3eca383ece6e594f9f5113"}
,"C:\\Users\\shilo\\Documents\\solupresenter\\backend\\models\\StageMonitorTheme.js": {"path":"C:\\Users\\shilo\\Documents\\solupresenter\\backend\\models\\StageMonitorTheme.js","statementMap":{"0":{"start":{"line":1,"column":22},"end":{"line":1,"column":42}},"1":{"start":{"line":2,"column":18},"end":{"line":2,"column":48}},"2":{"start":{"line":4,"column":26},"end":{"line":172,"column":2}},"3":{"start":{"line":14,"column":6},"end":{"line":14,"column":46}},"4":{"start":{"line":158,"column":6},"end":{"line":158,"column":21}},"5":{"start":{"line":175,"column":0},"end":{"line":179,"column":2}},"6":{"start":{"line":176,"column":17},"end":{"line":176,"column":46}},"7":{"start":{"line":177,"column":2},"end":{"line":177,"column":25}},"8":{"start":{"line":178,"column":2},"end":{"line":178,"column":16}},"9":{"start":{"line":182,"column":0},"end":{"line":182,"column":81}},"10":{"start":{"line":184,"column":0},"end":{"line":278,"column":2}},"11":{"start":{"line":281,"column":0},"end":{"line":281,"column":82}},"12":{"start":{"line":283,"column":0},"end":{"line":377,"column":2}},"13":{"start":{"line":380,"column":0},"end":{"line":392,"column":2}},"14":{"start":{"line":381,"column":23},"end":{"line":381,"column":96}},"15":{"start":{"line":382,"column":2},"end":{"line":385,"column":3}},"16":{"start":{"line":383,"column":4},"end":{"line":383,"column":73}},"17":{"start":{"line":384,"column":4},"end":{"line":384,"column":59}},"18":{"start":{"line":387,"column":24},"end":{"line":387,"column":98}},"19":{"start":{"line":388,"column":2},"end":{"line":391,"column":3}},"20":{"start":{"line":389,"column":4},"end":{"line":389,"column":74}},"21":{"start":{"line":390,"column":4},"end":{"line":390,"column":60}},"22":{"start":{"line":394,"column":0},"end":{"line":394,"column":35}}},"fnMap":{"0":{"name":"(anonymous_0)","decl":{"start":{"line":13,"column":4},"end":{"line":13,"column":5}},"loc":{"start":{"line":13,"column":15},"end":{"line":15,"column":5}},"line":13},"1":{"name":"(anonymous_1)","decl":{"start":{"line":157,"column":4},"end":{"line":157,"column":5}},"loc":{"start":{"line":157,"column":10},"end":{"line":159,"column":5}},"line":157},"2":{"name":"(anonymous_2)","decl":{"start":{"line":175,"column":37},"end":{"line":175,"column":38}},"loc":{"start":{"line":175,"column":48},"end":{"line":179,"column":1}},"line":175},"3":{"name":"(anonymous_3)","decl":{"start":{"line":380,"column":38},"end":{"line":380,"column":39}},"loc":{"start":{"line":380,"column":55},"end":{"line":392,"column":1}},"line":380}},"branchMap":{"0":{"loc":{"start":{"line":382,"column":2},"end":{"line":385,"column":3}},"type":"if","locations":[{"start":{"line":382,"column":2},"end":{"line":385,"column":3}},{"start":{},"end":{}}],"line":382},"1":{"loc":{"start":{"line":388,"column":2},"end":{"line":391,"column":3}},"type":"if","locations":[{"start":{"line":388,"column":2},"end":{"line":391,"column":3}},{"start":{},"end":{}}],"line":388}},"s":{"0":1,"1":1,"2":1,"3":0,"4":0,"5":1,"6":0,"7":0,"8":0,"9":1,"10":1,"11":1,"12":1,"13":1,"14":0,"15":0,"16":0,"17":0,"18":0,"19":0,"20":0,"21":0,"22":1},"f":{"0":0,"1":0,"2":0,"3":0},"b":{"0":[0,0],"1":[0,0]},"_coverageSchema":"1a1c01bbd47fc00a2c39e90264f33305004495a9","hash":"711127df7893ce4a9d9bff26184b1b253b66d656"}
,"C:\\Users\\shilo\\Documents\\solupresenter\\backend\\models\\User.js": {"path":"C:\\Users\\shilo\\Documents\\solupresenter\\backend\\models\\User.js","statementMap":{"0":{"start":{"line":1,"column":22},"end":{"line":1,"column":42}},"1":{"start":{"line":2,"column":15},"end":{"line":2,"column":34}},"2":{"start":{"line":3,"column":18},"end":{"line":3,"column":48}},"3":{"start":{"line":5,"column":13},"end":{"line":116,"column":2}},"4":{"start":{"line":19,"column":6},"end":{"line":19,"column":61}},"5":{"start":{"line":78,"column":6},"end":{"line":78,"column":21}},"6":{"start":{"line":104,"column":6},"end":{"line":107,"column":7}},"7":{"start":{"line":105,"column":21},"end":{"line":105,"column":45}},"8":{"start":{"line":106,"column":8},"end":{"line":106,"column":63}},"9":{"start":{"line":110,"column":6},"end":{"line":113,"column":7}},"10":{"start":{"line":111,"column":21},"end":{"line":111,"column":45}},"11":{"start":{"line":112,"column":8},"end":{"line":112,"column":63}},"12":{"start":{"line":119,"column":0},"end":{"line":124,"column":2}},"13":{"start":{"line":120,"column":2},"end":{"line":122,"column":3}},"14":{"start":{"line":121,"column":4},"end":{"line":121,"column":17}},"15":{"start":{"line":123,"column":2},"end":{"line":123,"column":64}},"16":{"start":{"line":127,"column":0},"end":{"line":135,"column":2}},"17":{"start":{"line":128,"column":17},"end":{"line":128,"column":46}},"18":{"start":{"line":129,"column":2},"end":{"line":129,"column":25}},"19":{"start":{"line":131,"column":2},"end":{"line":131,"column":25}},"20":{"start":{"line":132,"column":2},"end":{"line":132,"column":39}},"21":{"start":{"line":133,"column":2},"end":{"line":133,"column":35}},"22":{"start":{"line":134,"column":2},"end":{"line":134,"column":16}},"23":{"start":{"line":137,"column":0},"end":{"line":137,"column":22}}},"fnMap":{"0":{"name":"(anonymous_0)","decl":{"start":{"line":18,"column":4},"end":{"line":18,"column":5}},"loc":{"start":{"line":18,"column":15},"end":{"line":20,"column":5}},"line":18},"1":{"name":"(anonymous_1)","decl":{"start":{"line":77,"column":4},"end":{"line":77,"column":5}},"loc":{"start":{"line":77,"column":10},"end":{"line":79,"column":5}},"line":77},"2":{"name":"(anonymous_2)","decl":{"start":{"line":103,"column":18},"end":{"line":103,"column":19}},"loc":{"start":{"line":103,"column":34},"end":{"line":108,"column":5}},"line":103},"3":{"name":"(anonymous_3)","decl":{"start":{"line":109,"column":18},"end":{"line":109,"column":19}},"loc":{"start":{"line":109,"column":34},"end":{"line":114,"column":5}},"line":109},"4":{"name":"(anonymous_4)","decl":{"start":{"line":119,"column":33},"end":{"line":119,"column":34}},"loc":{"start":{"line":119,"column":67},"end":{"line":124,"column":1}},"line":119},"5":{"name":"(anonymous_5)","decl":{"start":{"line":127,"column":24},"end":{"line":127,"column":25}},"loc":{"start":{"line":127,"column":35},"end":{"line":135,"column":1}},"line":127}},"branchMap":{"0":{"loc":{"start":{"line":104,"column":6},"end":{"line":107,"column":7}},"type":"if","locations":[{"start":{"line":104,"column":6},"end":{"line":107,"column":7}},{"start":{},"end":{}}],"line":104},"1":{"loc":{"start":{"line":104,"column":10},"end":{"line":104,"column":56}},"type":"binary-expr","locations":[{"start":{"line":104,"column":10},"end":{"line":104,"column":23}},{"start":{"line":104,"column":27},"end":{"line":104,"column":56}}],"line":104},"2":{"loc":{"start":{"line":110,"column":6},"end":{"line":113,"column":7}},"type":"if","locations":[{"start":{"line":110,"column":6},"end":{"line":113,"column":7}},{"start":{},"end":{}}],"line":110},"3":{"loc":{"start":{"line":110,"column":10},"end":{"line":110,"column":84}},"type":"binary-expr","locations":[{"start":{"line":110,"column":10},"end":{"line":110,"column":34}},{"start":{"line":110,"column":38},"end":{"line":110,"column":51}},{"start":{"line":110,"column":55},"end":{"line":110,"column":84}}],"line":110},"4":{"loc":{"start":{"line":120,"column":2},"end":{"line":122,"column":3}},"type":"if","locations":[{"start":{"line":120,"column":2},"end":{"line":122,"column":3}},{"start":{},"end":{}}],"line":120},"5":{"loc":{"start":{"line":120,"column":6},"end":{"line":120,"column":53}},"type":"binary-expr","locations":[{"start":{"line":120,"column":6},"end":{"line":120,"column":35}},{"start":{"line":120,"column":39},"end":{"line":120,"column":53}}],"line":120}},"s":{"0":1,"1":1,"2":1,"3":1,"4":2,"5":0,"6":2,"7":2,"8":2,"9":0,"10":0,"11":0,"12":1,"13":0,"14":0,"15":0,"16":1,"17":0,"18":0,"19":0,"20":0,"21":0,"22":0,"23":1},"f":{"0":2,"1":0,"2":2,"3":0,"4":0,"5":0},"b":{"0":[2,0],"1":[2,2],"2":[0,0],"3":[0,0,0],"4":[0,0],"5":[0,0]},"_coverageSchema":"1a1c01bbd47fc00a2c39e90264f33305004495a9","hash":"8c23f106af00673f2e9d1cd34d76bda5118ec6f3"}
,"C:\\Users\\shilo\\Documents\\solupresenter\\backend\\models\\ViewerTheme.js": {"path":"C:\\Users\\shilo\\Documents\\solupresenter\\backend\\models\\ViewerTheme.js","statementMap":{"0":{"start":{"line":1,"column":22},"end":{"line":1,"column":42}},"1":{"start":{"line":2,"column":18},"end":{"line":2,"column":48}},"2":{"start":{"line":4,"column":20},"end":{"line":127,"column":2}},"3":{"start":{"line":14,"column":6},"end":{"line":14,"column":46}},"4":{"start":{"line":30,"column":23},"end":{"line":30,"column":53}},"5":{"start":{"line":31,"column":6},"end":{"line":31,"column":97}},"6":{"start":{"line":113,"column":6},"end":{"line":113,"column":21}},"7":{"start":{"line":130,"column":0},"end":{"line":134,"column":2}},"8":{"start":{"line":131,"column":17},"end":{"line":131,"column":46}},"9":{"start":{"line":132,"column":2},"end":{"line":132,"column":25}},"10":{"start":{"line":133,"column":2},"end":{"line":133,"column":16}},"11":{"start":{"line":137,"column":0},"end":{"line":137,"column":70}},"12":{"start":{"line":139,"column":0},"end":{"line":187,"column":2}},"13":{"start":{"line":190,"column":0},"end":{"line":196,"column":2}},"14":{"start":{"line":191,"column":19},"end":{"line":191,"column":75}},"15":{"start":{"line":192,"column":2},"end":{"line":195,"column":3}},"16":{"start":{"line":193,"column":4},"end":{"line":193,"column":56}},"17":{"start":{"line":194,"column":4},"end":{"line":194,"column":40}},"18":{"start":{"line":198,"column":0},"end":{"line":198,"column":29}}},"fnMap":{"0":{"name":"(anonymous_0)","decl":{"start":{"line":13,"column":4},"end":{"line":13,"column":5}},"loc":{"start":{"line":13,"column":15},"end":{"line":15,"column":5}},"line":13},"1":{"name":"(anonymous_1)","decl":{"start":{"line":29,"column":4},"end":{"line":29,"column":5}},"loc":{"start":{"line":29,"column":10},"end":{"line":32,"column":5}},"line":29},"2":{"name":"(anonymous_2)","decl":{"start":{"line":112,"column":4},"end":{"line":112,"column":5}},"loc":{"start":{"line":112,"column":10},"end":{"line":114,"column":5}},"line":112},"3":{"name":"(anonymous_3)","decl":{"start":{"line":130,"column":31},"end":{"line":130,"column":32}},"loc":{"start":{"line":130,"column":42},"end":{"line":134,"column":1}},"line":130},"4":{"name":"(anonymous_4)","decl":{"start":{"line":190,"column":31},"end":{"line":190,"column":32}},"loc":{"start":{"line":190,"column":48},"end":{"line":196,"column":1}},"line":190}},"branchMap":{"0":{"loc":{"start":{"line":31,"column":13},"end":{"line":31,"column":96}},"type":"cond-expr","locations":[{"start":{"line":31,"column":39},"end":{"line":31,"column":47}},{"start":{"line":31,"column":50},"end":{"line":31,"column":96}}],"line":31},"1":{"loc":{"start":{"line":192,"column":2},"end":{"line":195,"column":3}},"type":"if","locations":[{"start":{"line":192,"column":2},"end":{"line":195,"column":3}},{"start":{},"end":{}}],"line":192}},"s":{"0":1,"1":1,"2":1,"3":8,"4":0,"5":0,"6":0,"7":1,"8":0,"9":0,"10":0,"11":1,"12":1,"13":1,"14":1,"15":1,"16":1,"17":1,"18":1},"f":{"0":8,"1":0,"2":0,"3":0,"4":1},"b":{"0":[0,0],"1":[1,0]},"_coverageSchema":"1a1c01bbd47fc00a2c39e90264f33305004495a9","hash":"465ed152bc3d68dac9965e2969651b90857f6e7d"}
,"C:\\Users\\shilo\\Documents\\solupresenter\\backend\\models\\index.js": {"path":"C:\\Users\\shilo\\Documents\\solupresenter\\backend\\models\\index.js","statementMap":{"0":{"start":{"line":1,"column":18},"end":{"line":1,"column":48}},"1":{"start":{"line":2,"column":13},"end":{"line":2,"column":30}},"2":{"start":{"line":3,"column":13},"end":{"line":3,"column":30}},"3":{"start":{"line":4,"column":13},"end":{"line":4,"column":30}},"4":{"start":{"line":5,"column":16},"end":{"line":5,"column":36}},"5":{"start":{"line":6,"column":14},"end":{"line":6,"column":32}},"6":{"start":{"line":7,"column":19},"end":{"line":7,"column":42}},"7":{"start":{"line":8,"column":19},"end":{"line":8,"column":42}},"8":{"start":{"line":9,"column":20},"end":{"line":9,"column":44}},"9":{"start":{"line":10,"column":20},"end":{"line":10,"column":44}},"10":{"start":{"line":11,"column":26},"end":{"line":11,"column":56}},"11":{"start":{"line":12,"column":21},"end":{"line":12,"column":46}},"12":{"start":{"line":13,"column":21},"end":{"line":13,"column":46}},"13":{"start":{"line":16,"column":0},"end":{"line":16,"column":66}},"14":{"start":{"line":17,"column":0},"end":{"line":17,"column":67}},"15":{"start":{"line":19,"column":0},"end":{"line":19,"column":67}},"16":{"start":{"line":20,"column":0},"end":{"line":20,"column":69}},"17":{"start":{"line":22,"column":0},"end":{"line":22,"column":86}},"18":{"start":{"line":23,"column":0},"end":{"line":23,"column":98}},"19":{"start":{"line":25,"column":0},"end":{"line":25,"column":70}},"20":{"start":{"line":26,"column":0},"end":{"line":26,"column":74}},"21":{"start":{"line":28,"column":0},"end":{"line":28,"column":70}},"22":{"start":{"line":32,"column":0},"end":{"line":32,"column":87}},"23":{"start":{"line":33,"column":0},"end":{"line":33,"column":97}},"24":{"start":{"line":34,"column":0},"end":{"line":34,"column":91}},"25":{"start":{"line":37,"column":0},"end":{"line":37,"column":104}},"26":{"start":{"line":40,"column":0},"end":{"line":40,"column":94}},"27":{"start":{"line":41,"column":0},"end":{"line":41,"column":97}},"28":{"start":{"line":42,"column":0},"end":{"line":42,"column":100}},"29":{"start":{"line":45,"column":0},"end":{"line":45,"column":100}},"30":{"start":{"line":46,"column":0},"end":{"line":46,"column":109}},"31":{"start":{"line":49,"column":0},"end":{"line":49,"column":88}},"32":{"start":{"line":50,"column":0},"end":{"line":50,"column":94}},"33":{"start":{"line":53,"column":0},"end":{"line":53,"column":95}},"34":{"start":{"line":54,"column":0},"end":{"line":54,"column":99}},"35":{"start":{"line":57,"column":0},"end":{"line":71,"column":2}}},"fnMap":{},"branchMap":{},"s":{"0":1,"1":1,"2":1,"3":1,"4":1,"5":1,"6":1,"7":1,"8":1,"9":1,"10":1,"11":1,"12":1,"13":1,"14":1,"15":1,"16":1,"17":1,"18":1,"19":1,"20":1,"21":1,"22":1,"23":1,"24":1,"25":1,"26":1,"27":1,"28":1,"29":1,"30":1,"31":1,"32":1,"33":1,"34":1,"35":1},"f":{},"b":{},"_coverageSchema":"1a1c01bbd47fc00a2c39e90264f33305004495a9","hash":"64b927b2f56901c8dd904150caf6798c34f2b75e"}
,"C:\\Users\\shilo\\Documents\\solupresenter\\backend\\models\\mongodb-backup\\BibleVerse.js": {"path":"C:\\Users\\shilo\\Documents\\solupresenter\\backend\\models\\mongodb-backup\\BibleVerse.js","statementMap":{"0":{"start":{"line":1,"column":17},"end":{"line":1,"column":36}},"1":{"start":{"line":3,"column":25},"end":{"line":50,"column":2}},"2":{"start":{"line":53,"column":0},"end":{"line":53,"column":58}},"3":{"start":{"line":54,"column":0},"end":{"line":54,"column":78}},"4":{"start":{"line":56,"column":19},"end":{"line":56,"column":65}},"5":{"start":{"line":58,"column":0},"end":{"line":58,"column":28}}},"fnMap":{},"branchMap":{},"s":{"0":0,"1":0,"2":0,"3":0,"4":0,"5":0},"f":{},"b":{}}
,"C:\\Users\\shilo\\Documents\\solupresenter\\backend\\models\\mongodb-backup\\Media.js": {"path":"C:\\Users\\shilo\\Documents\\solupresenter\\backend\\models\\mongodb-backup\\Media.js","statementMap":{"0":{"start":{"line":1,"column":17},"end":{"line":1,"column":36}},"1":{"start":{"line":3,"column":20},"end":{"line":35,"column":2}},"2":{"start":{"line":38,"column":0},"end":{"line":38,"column":36}},"3":{"start":{"line":39,"column":0},"end":{"line":39,"column":50}},"4":{"start":{"line":41,"column":0},"end":{"line":41,"column":54}}},"fnMap":{},"branchMap":{},"s":{"0":0,"1":0,"2":0,"3":0,"4":0},"f":{},"b":{}}
,"C:\\Users\\shilo\\Documents\\solupresenter\\backend\\models\\mongodb-backup\\Room.js": {"path":"C:\\Users\\shilo\\Documents\\solupresenter\\backend\\models\\mongodb-backup\\Room.js","statementMap":{"0":{"start":{"line":1,"column":17},"end":{"line":1,"column":36}},"1":{"start":{"line":3,"column":19},"end":{"line":84,"column":2}},"2":{"start":{"line":81,"column":6},"end":{"line":81,"column":55}},"3":{"start":{"line":87,"column":0},"end":{"line":87,"column":62}},"4":{"start":{"line":89,"column":0},"end":{"line":89,"column":34}},"5":{"start":{"line":90,"column":0},"end":{"line":90,"column":34}},"6":{"start":{"line":91,"column":0},"end":{"line":91,"column":42}},"7":{"start":{"line":92,"column":0},"end":{"line":92,"column":39}},"8":{"start":{"line":95,"column":0},"end":{"line":99,"column":2}},"9":{"start":{"line":96,"column":2},"end":{"line":96,"column":33}},"10":{"start":{"line":97,"column":2},"end":{"line":97,"column":61}},"11":{"start":{"line":98,"column":2},"end":{"line":98,"column":21}},"12":{"start":{"line":101,"column":0},"end":{"line":101,"column":52}}},"fnMap":{"0":{"name":"(anonymous_0)","decl":{"start":{"line":80,"column":13},"end":{"line":80,"column":14}},"loc":{"start":{"line":80,"column":24},"end":{"line":82,"column":5}},"line":80},"1":{"name":"(anonymous_1)","decl":{"start":{"line":95,"column":36},"end":{"line":95,"column":37}},"loc":{"start":{"line":95,"column":47},"end":{"line":99,"column":1}},"line":95}},"branchMap":{},"s":{"0":0,"1":0,"2":0,"3":0,"4":0,"5":0,"6":0,"7":0,"8":0,"9":0,"10":0,"11":0,"12":0},"f":{"0":0,"1":0},"b":{}}
,"C:\\Users\\shilo\\Documents\\solupresenter\\backend\\models\\mongodb-backup\\Setlist.js": {"path":"C:\\Users\\shilo\\Documents\\solupresenter\\backend\\models\\mongodb-backup\\Setlist.js","statementMap":{"0":{"start":{"line":1,"column":17},"end":{"line":1,"column":36}},"1":{"start":{"line":3,"column":26},"end":{"line":44,"column":18}},"2":{"start":{"line":13,"column":6},"end":{"line":13,"column":34}},"3":{"start":{"line":20,"column":6},"end":{"line":20,"column":35}},"4":{"start":{"line":37,"column":6},"end":{"line":37,"column":35}},"5":{"start":{"line":46,"column":22},"end":{"line":84,"column":2}},"6":{"start":{"line":87,"column":0},"end":{"line":90,"column":3}},"7":{"start":{"line":88,"column":2},"end":{"line":88,"column":30}},"8":{"start":{"line":89,"column":2},"end":{"line":89,"column":9}},"9":{"start":{"line":93,"column":0},"end":{"line":93,"column":38}},"10":{"start":{"line":94,"column":0},"end":{"line":94,"column":40}},"11":{"start":{"line":95,"column":0},"end":{"line":95,"column":55}},"12":{"start":{"line":96,"column":0},"end":{"line":96,"column":39}},"13":{"start":{"line":97,"column":0},"end":{"line":97,"column":39}},"14":{"start":{"line":99,"column":0},"end":{"line":99,"column":58}}},"fnMap":{"0":{"name":"(anonymous_0)","decl":{"start":{"line":12,"column":14},"end":{"line":12,"column":15}},"loc":{"start":{"line":12,"column":25},"end":{"line":14,"column":5}},"line":12},"1":{"name":"(anonymous_1)","decl":{"start":{"line":19,"column":14},"end":{"line":19,"column":15}},"loc":{"start":{"line":19,"column":25},"end":{"line":21,"column":5}},"line":19},"2":{"name":"(anonymous_2)","decl":{"start":{"line":36,"column":14},"end":{"line":36,"column":15}},"loc":{"start":{"line":36,"column":25},"end":{"line":38,"column":5}},"line":36},"3":{"name":"(anonymous_3)","decl":{"start":{"line":87,"column":26},"end":{"line":87,"column":27}},"loc":{"start":{"line":87,"column":41},"end":{"line":90,"column":1}},"line":87}},"branchMap":{},"s":{"0":0,"1":0,"2":0,"3":0,"4":0,"5":0,"6":0,"7":0,"8":0,"9":0,"10":0,"11":0,"12":0,"13":0,"14":0},"f":{"0":0,"1":0,"2":0,"3":0},"b":{}}
,"C:\\Users\\shilo\\Documents\\solupresenter\\backend\\models\\mongodb-backup\\Song.js": {"path":"C:\\Users\\shilo\\Documents\\solupresenter\\backend\\models\\mongodb-backup\\Song.js","statementMap":{"0":{"start":{"line":1,"column":17},"end":{"line":1,"column":36}},"1":{"start":{"line":3,"column":20},"end":{"line":24,"column":18}},"2":{"start":{"line":26,"column":19},"end":{"line":83,"column":2}},"3":{"start":{"line":86,"column":0},"end":{"line":89,"column":3}},"4":{"start":{"line":87,"column":2},"end":{"line":87,"column":30}},"5":{"start":{"line":88,"column":2},"end":{"line":88,"column":9}},"6":{"start":{"line":92,"column":0},"end":{"line":92,"column":67}},"7":{"start":{"line":93,"column":0},"end":{"line":93,"column":30}},"8":{"start":{"line":94,"column":0},"end":{"line":94,"column":48}},"9":{"start":{"line":95,"column":0},"end":{"line":95,"column":35}},"10":{"start":{"line":96,"column":0},"end":{"line":96,"column":42}},"11":{"start":{"line":97,"column":0},"end":{"line":97,"column":43}},"12":{"start":{"line":98,"column":0},"end":{"line":98,"column":36}},"13":{"start":{"line":99,"column":0},"end":{"line":99,"column":37}},"14":{"start":{"line":101,"column":0},"end":{"line":101,"column":52}}},"fnMap":{"0":{"name":"(anonymous_0)","decl":{"start":{"line":86,"column":23},"end":{"line":86,"column":24}},"loc":{"start":{"line":86,"column":38},"end":{"line":89,"column":1}},"line":86}},"branchMap":{},"s":{"0":0,"1":0,"2":0,"3":0,"4":0,"5":0,"6":0,"7":0,"8":0,"9":0,"10":0,"11":0,"12":0,"13":0,"14":0},"f":{"0":0},"b":{}}
,"C:\\Users\\shilo\\Documents\\solupresenter\\backend\\models\\mongodb-backup\\User.js": {"path":"C:\\Users\\shilo\\Documents\\solupresenter\\backend\\models\\mongodb-backup\\User.js","statementMap":{"0":{"start":{"line":1,"column":17},"end":{"line":1,"column":36}},"1":{"start":{"line":2,"column":15},"end":{"line":2,"column":34}},"2":{"start":{"line":4,"column":19},"end":{"line":59,"column":2}},"3":{"start":{"line":15,"column":6},"end":{"line":15,"column":43}},"4":{"start":{"line":62,"column":0},"end":{"line":74,"column":3}},"5":{"start":{"line":63,"column":2},"end":{"line":65,"column":3}},"6":{"start":{"line":64,"column":4},"end":{"line":64,"column":18}},"7":{"start":{"line":67,"column":2},"end":{"line":73,"column":3}},"8":{"start":{"line":68,"column":17},"end":{"line":68,"column":41}},"9":{"start":{"line":69,"column":4},"end":{"line":69,"column":59}},"10":{"start":{"line":70,"column":4},"end":{"line":70,"column":11}},"11":{"start":{"line":72,"column":4},"end":{"line":72,"column":16}},"12":{"start":{"line":77,"column":0},"end":{"line":82,"column":2}},"13":{"start":{"line":78,"column":2},"end":{"line":80,"column":3}},"14":{"start":{"line":79,"column":4},"end":{"line":79,"column":17}},"15":{"start":{"line":81,"column":2},"end":{"line":81,"column":64}},"16":{"start":{"line":85,"column":0},"end":{"line":85,"column":48}},"17":{"start":{"line":86,"column":0},"end":{"line":86,"column":36}},"18":{"start":{"line":88,"column":0},"end":{"line":88,"column":52}}},"fnMap":{"0":{"name":"(anonymous_0)","decl":{"start":{"line":14,"column":14},"end":{"line":14,"column":15}},"loc":{"start":{"line":14,"column":25},"end":{"line":16,"column":5}},"line":14},"1":{"name":"(anonymous_1)","decl":{"start":{"line":62,"column":23},"end":{"line":62,"column":24}},"loc":{"start":{"line":62,"column":44},"end":{"line":74,"column":1}},"line":62},"2":{"name":"(anonymous_2)","decl":{"start":{"line":77,"column":37},"end":{"line":77,"column":38}},"loc":{"start":{"line":77,"column":71},"end":{"line":82,"column":1}},"line":77}},"branchMap":{"0":{"loc":{"start":{"line":63,"column":2},"end":{"line":65,"column":3}},"type":"if","locations":[{"start":{"line":63,"column":2},"end":{"line":65,"column":3}},{"start":{},"end":{}}],"line":63},"1":{"loc":{"start":{"line":63,"column":6},"end":{"line":63,"column":67}},"type":"binary-expr","locations":[{"start":{"line":63,"column":6},"end":{"line":63,"column":34}},{"start":{"line":63,"column":38},"end":{"line":63,"column":67}}],"line":63},"2":{"loc":{"start":{"line":78,"column":2},"end":{"line":80,"column":3}},"type":"if","locations":[{"start":{"line":78,"column":2},"end":{"line":80,"column":3}},{"start":{},"end":{}}],"line":78}},"s":{"0":0,"1":0,"2":0,"3":0,"4":0,"5":0,"6":0,"7":0,"8":0,"9":0,"10":0,"11":0,"12":0,"13":0,"14":0,"15":0,"16":0,"17":0,"18":0},"f":{"0":0,"1":0,"2":0},"b":{"0":[0,0],"1":[0,0],"2":[0,0]}}
,"C:\\Users\\shilo\\Documents\\solupresenter\\backend\\routes\\admin.js": {"path":"C:\\Users\\shilo\\Documents\\solupresenter\\backend\\routes\\admin.js","statementMap":{"0":{"start":{"line":1,"column":16},"end":{"line":1,"column":34}},"1":{"start":{"line":2,"column":15},"end":{"line":2,"column":31}},"2":{"start":{"line":3,"column":23},"end":{"line":3,"column":43}},"3":{"start":{"line":4,"column":15},"end":{"line":4,"column":35}},"4":{"start":{"line":5,"column":39},"end":{"line":5,"column":68}},"5":{"start":{"line":8,"column":0},"end":{"line":25,"column":3}},"6":{"start":{"line":9,"column":2},"end":{"line":24,"column":3}},"7":{"start":{"line":10,"column":18},"end":{"line":18,"column":6}},"8":{"start":{"line":20,"column":4},"end":{"line":20,"column":24}},"9":{"start":{"line":22,"column":4},"end":{"line":22,"column":58}},"10":{"start":{"line":23,"column":4},"end":{"line":23,"column":69}},"11":{"start":{"line":28,"column":0},"end":{"line":48,"column":3}},"12":{"start":{"line":29,"column":2},"end":{"line":47,"column":3}},"13":{"start":{"line":30,"column":17},"end":{"line":30,"column":51}},"14":{"start":{"line":32,"column":4},"end":{"line":34,"column":5}},"15":{"start":{"line":33,"column":6},"end":{"line":33,"column":63}},"16":{"start":{"line":36,"column":4},"end":{"line":36,"column":35}},"17":{"start":{"line":37,"column":4},"end":{"line":37,"column":25}},"18":{"start":{"line":38,"column":4},"end":{"line":38,"column":34}},"19":{"start":{"line":39,"column":4},"end":{"line":39,"column":33}},"20":{"start":{"line":41,"column":4},"end":{"line":41,"column":22}},"21":{"start":{"line":43,"column":4},"end":{"line":43,"column":62}},"22":{"start":{"line":45,"column":4},"end":{"line":45,"column":50}},"23":{"start":{"line":46,"column":4},"end":{"line":46,"column":62}},"24":{"start":{"line":51,"column":0},"end":{"line":67,"column":3}},"25":{"start":{"line":52,"column":2},"end":{"line":66,"column":3}},"26":{"start":{"line":53,"column":17},"end":{"line":53,"column":51}},"27":{"start":{"line":55,"column":4},"end":{"line":57,"column":5}},"28":{"start":{"line":56,"column":6},"end":{"line":56,"column":63}},"29":{"start":{"line":59,"column":4},"end":{"line":59,"column":35}},"30":{"start":{"line":60,"column":4},"end":{"line":60,"column":22}},"31":{"start":{"line":62,"column":4},"end":{"line":62,"column":43}},"32":{"start":{"line":64,"column":4},"end":{"line":64,"column":50}},"33":{"start":{"line":65,"column":4},"end":{"line":65,"column":61}},"34":{"start":{"line":70,"column":0},"end":{"line":95,"column":3}},"35":{"start":{"line":71,"column":2},"end":{"line":94,"column":3}},"36":{"start":{"line":72,"column":54},"end":{"line":72,"column":62}},"37":{"start":{"line":74,"column":4},"end":{"line":76,"column":5}},"38":{"start":{"line":75,"column":6},"end":{"line":75,"column":101}},"39":{"start":{"line":78,"column":17},"end":{"line":88,"column":6}},"40":{"start":{"line":90,"column":4},"end":{"line":90,"column":35}},"41":{"start":{"line":92,"column":4},"end":{"line":92,"column":56}},"42":{"start":{"line":93,"column":4},"end":{"line":93,"column":68}},"43":{"start":{"line":100,"column":0},"end":{"line":112,"column":3}},"44":{"start":{"line":101,"column":2},"end":{"line":111,"column":3}},"45":{"start":{"line":102,"column":18},"end":{"line":105,"column":6}},"46":{"start":{"line":107,"column":4},"end":{"line":107,"column":24}},"47":{"start":{"line":109,"column":4},"end":{"line":109,"column":50}},"48":{"start":{"line":110,"column":4},"end":{"line":110,"column":61}},"49":{"start":{"line":115,"column":0},"end":{"line":144,"column":3}},"50":{"start":{"line":116,"column":2},"end":{"line":143,"column":3}},"51":{"start":{"line":117,"column":17},"end":{"line":117,"column":51}},"52":{"start":{"line":119,"column":4},"end":{"line":121,"column":5}},"53":{"start":{"line":120,"column":6},"end":{"line":120,"column":63}},"54":{"start":{"line":124,"column":4},"end":{"line":126,"column":5}},"55":{"start":{"line":125,"column":6},"end":{"line":125,"column":84}},"56":{"start":{"line":129,"column":4},"end":{"line":129,"column":61}},"57":{"start":{"line":130,"column":4},"end":{"line":130,"column":22}},"58":{"start":{"line":132,"column":4},"end":{"line":139,"column":7}},"59":{"start":{"line":141,"column":4},"end":{"line":141,"column":57}},"60":{"start":{"line":142,"column":4},"end":{"line":142,"column":61}},"61":{"start":{"line":147,"column":0},"end":{"line":167,"column":3}},"62":{"start":{"line":148,"column":2},"end":{"line":166,"column":3}},"63":{"start":{"line":149,"column":17},"end":{"line":149,"column":51}},"64":{"start":{"line":151,"column":4},"end":{"line":153,"column":5}},"65":{"start":{"line":152,"column":6},"end":{"line":152,"column":63}},"66":{"start":{"line":156,"column":4},"end":{"line":158,"column":5}},"67":{"start":{"line":157,"column":6},"end":{"line":157,"column":79}},"68":{"start":{"line":160,"column":4},"end":{"line":160,"column":25}},"69":{"start":{"line":162,"column":4},"end":{"line":162,"column":55}},"70":{"start":{"line":164,"column":4},"end":{"line":164,"column":49}},"71":{"start":{"line":165,"column":4},"end":{"line":165,"column":61}},"72":{"start":{"line":169,"column":0},"end":{"line":169,"column":24}}},"fnMap":{"0":{"name":"(anonymous_0)","decl":{"start":{"line":8,"column":57},"end":{"line":8,"column":58}},"loc":{"start":{"line":8,"column":77},"end":{"line":25,"column":1}},"line":8},"1":{"name":"(anonymous_1)","decl":{"start":{"line":28,"column":61},"end":{"line":28,"column":62}},"loc":{"start":{"line":28,"column":81},"end":{"line":48,"column":1}},"line":28},"2":{"name":"(anonymous_2)","decl":{"start":{"line":51,"column":60},"end":{"line":51,"column":61}},"loc":{"start":{"line":51,"column":80},"end":{"line":67,"column":1}},"line":51},"3":{"name":"(anonymous_3)","decl":{"start":{"line":70,"column":63},"end":{"line":70,"column":64}},"loc":{"start":{"line":70,"column":83},"end":{"line":95,"column":1}},"line":70},"4":{"name":"(anonymous_4)","decl":{"start":{"line":100,"column":49},"end":{"line":100,"column":50}},"loc":{"start":{"line":100,"column":69},"end":{"line":112,"column":1}},"line":100},"5":{"name":"(anonymous_5)","decl":{"start":{"line":115,"column":67},"end":{"line":115,"column":68}},"loc":{"start":{"line":115,"column":87},"end":{"line":144,"column":1}},"line":115},"6":{"name":"(anonymous_6)","decl":{"start":{"line":147,"column":56},"end":{"line":147,"column":57}},"loc":{"start":{"line":147,"column":76},"end":{"line":167,"column":1}},"line":147}},"branchMap":{"0":{"loc":{"start":{"line":32,"column":4},"end":{"line":34,"column":5}},"type":"if","locations":[{"start":{"line":32,"column":4},"end":{"line":34,"column":5}},{"start":{},"end":{}}],"line":32},"1":{"loc":{"start":{"line":55,"column":4},"end":{"line":57,"column":5}},"type":"if","locations":[{"start":{"line":55,"column":4},"end":{"line":57,"column":5}},{"start":{},"end":{}}],"line":55},"2":{"loc":{"start":{"line":74,"column":4},"end":{"line":76,"column":5}},"type":"if","locations":[{"start":{"line":74,"column":4},"end":{"line":76,"column":5}},{"start":{},"end":{}}],"line":74},"3":{"loc":{"start":{"line":74,"column":8},"end":{"line":74,"column":69}},"type":"binary-expr","locations":[{"start":{"line":74,"column":8},"end":{"line":74,"column":14}},{"start":{"line":74,"column":18},"end":{"line":74,"column":35}},{"start":{"line":74,"column":39},"end":{"line":74,"column":46}},{"start":{"line":74,"column":50},"end":{"line":74,"column":69}}],"line":74},"4":{"loc":{"start":{"line":82,"column":12},"end":{"line":82,"column":22}},"type":"binary-expr","locations":[{"start":{"line":82,"column":12},"end":{"line":82,"column":16}},{"start":{"line":82,"column":20},"end":{"line":82,"column":22}}],"line":82},"5":{"loc":{"start":{"line":119,"column":4},"end":{"line":121,"column":5}},"type":"if","locations":[{"start":{"line":119,"column":4},"end":{"line":121,"column":5}},{"start":{},"end":{}}],"line":119},"6":{"loc":{"start":{"line":124,"column":4},"end":{"line":126,"column":5}},"type":"if","locations":[{"start":{"line":124,"column":4},"end":{"line":126,"column":5}},{"start":{},"end":{}}],"line":124},"7":{"loc":{"start":{"line":129,"column":16},"end":{"line":129,"column":60}},"type":"cond-expr","locations":[{"start":{"line":129,"column":40},"end":{"line":129,"column":50}},{"start":{"line":129,"column":53},"end":{"line":129,"column":60}}],"line":129},"8":{"loc":{"start":{"line":138,"column":23},"end":{"line":138,"column":77}},"type":"cond-expr","locations":[{"start":{"line":138,"column":47},"end":{"line":138,"column":60}},{"start":{"line":138,"column":63},"end":{"line":138,"column":77}}],"line":138},"9":{"loc":{"start":{"line":151,"column":4},"end":{"line":153,"column":5}},"type":"if","locations":[{"start":{"line":151,"column":4},"end":{"line":153,"column":5}},{"start":{},"end":{}}],"line":151},"10":{"loc":{"start":{"line":156,"column":4},"end":{"line":158,"column":5}},"type":"if","locations":[{"start":{"line":156,"column":4},"end":{"line":158,"column":5}},{"start":{},"end":{}}],"line":156}},"s":{"0":0,"1":0,"2":0,"3":0,"4":0,"5":0,"6":0,"7":0,"8":0,"9":0,"10":0,"11":0,"12":0,"13":0,"14":0,"15":0,"16":0,"17":0,"18":0,"19":0,"20":0,"21":0,"22":0,"23":0,"24":0,"25":0,"26":0,"27":0,"28":0,"29":0,"30":0,"31":0,"32":0,"33":0,"34":0,"35":0,"36":0,"37":0,"38":0,"39":0,"40":0,"41":0,"42":0,"43":0,"44":0,"45":0,"46":0,"47":0,"48":0,"49":0,"50":0,"51":0,"52":0,"53":0,"54":0,"55":0,"56":0,"57":0,"58":0,"59":0,"60":0,"61":0,"62":0,"63":0,"64":0,"65":0,"66":0,"67":0,"68":0,"69":0,"70":0,"71":0,"72":0},"f":{"0":0,"1":0,"2":0,"3":0,"4":0,"5":0,"6":0},"b":{"0":[0,0],"1":[0,0],"2":[0,0],"3":[0,0,0,0],"4":[0,0],"5":[0,0],"6":[0,0],"7":[0,0],"8":[0,0],"9":[0,0],"10":[0,0]}}
,"C:\\Users\\shilo\\Documents\\solupresenter\\backend\\routes\\auth.js": {"path":"C:\\Users\\shilo\\Documents\\solupresenter\\backend\\routes\\auth.js","statementMap":{"0":{"start":{"line":1,"column":16},"end":{"line":1,"column":34}},"1":{"start":{"line":2,"column":15},"end":{"line":2,"column":31}},"2":{"start":{"line":3,"column":12},"end":{"line":3,"column":35}},"3":{"start":{"line":4,"column":17},"end":{"line":4,"column":36}},"4":{"start":{"line":5,"column":18},"end":{"line":5,"column":47}},"5":{"start":{"line":6,"column":15},"end":{"line":6,"column":35}},"6":{"start":{"line":7,"column":17},"end":{"line":7,"column":37}},"7":{"start":{"line":8,"column":85},"end":{"line":8,"column":117}},"8":{"start":{"line":12,"column":20},"end":{"line":18,"column":31}},"9":{"start":{"line":18,"column":25},"end":{"line":18,"column":31}},"10":{"start":{"line":22,"column":24},"end":{"line":28,"column":31}},"11":{"start":{"line":28,"column":25},"end":{"line":28,"column":31}},"12":{"start":{"line":31,"column":22},"end":{"line":33,"column":1}},"13":{"start":{"line":32,"column":2},"end":{"line":32,"column":76}},"14":{"start":{"line":36,"column":0},"end":{"line":98,"column":3}},"15":{"start":{"line":37,"column":2},"end":{"line":97,"column":3}},"16":{"start":{"line":38,"column":42},"end":{"line":38,"column":50}},"17":{"start":{"line":41,"column":4},"end":{"line":43,"column":5}},"18":{"start":{"line":42,"column":6},"end":{"line":42,"column":80}},"19":{"start":{"line":45,"column":4},"end":{"line":47,"column":5}},"20":{"start":{"line":46,"column":6},"end":{"line":46,"column":87}},"21":{"start":{"line":50,"column":25},"end":{"line":50,"column":86}},"22":{"start":{"line":51,"column":4},"end":{"line":53,"column":5}},"23":{"start":{"line":52,"column":6},"end":{"line":52,"column":73}},"24":{"start":{"line":56,"column":30},"end":{"line":56,"column":57}},"25":{"start":{"line":57,"column":32},"end":{"line":57,"column":74}},"26":{"start":{"line":60,"column":24},"end":{"line":62,"column":5}},"27":{"start":{"line":65,"column":17},"end":{"line":73,"column":6}},"28":{"start":{"line":76,"column":4},"end":{"line":81,"column":5}},"29":{"start":{"line":77,"column":6},"end":{"line":77,"column":59}},"30":{"start":{"line":79,"column":6},"end":{"line":79,"column":70}},"31":{"start":{"line":83,"column":4},"end":{"line":93,"column":7}},"32":{"start":{"line":95,"column":4},"end":{"line":95,"column":48}},"33":{"start":{"line":96,"column":4},"end":{"line":96,"column":72}},"34":{"start":{"line":101,"column":0},"end":{"line":135,"column":3}},"35":{"start":{"line":102,"column":2},"end":{"line":102,"column":51}},"36":{"start":{"line":103,"column":2},"end":{"line":134,"column":21}},"37":{"start":{"line":104,"column":4},"end":{"line":106,"column":5}},"38":{"start":{"line":105,"column":6},"end":{"line":105,"column":74}},"39":{"start":{"line":108,"column":4},"end":{"line":110,"column":5}},"40":{"start":{"line":109,"column":6},"end":{"line":109,"column":84}},"41":{"start":{"line":113,"column":4},"end":{"line":119,"column":5}},"42":{"start":{"line":114,"column":6},"end":{"line":118,"column":9}},"43":{"start":{"line":121,"column":18},"end":{"line":121,"column":40}},"44":{"start":{"line":123,"column":4},"end":{"line":133,"column":7}},"45":{"start":{"line":138,"column":0},"end":{"line":141,"column":4}},"46":{"start":{"line":144,"column":0},"end":{"line":152,"column":2}},"47":{"start":{"line":147,"column":18},"end":{"line":147,"column":44}},"48":{"start":{"line":150,"column":4},"end":{"line":150,"column":77}},"49":{"start":{"line":155,"column":0},"end":{"line":195,"column":3}},"50":{"start":{"line":156,"column":2},"end":{"line":194,"column":3}},"51":{"start":{"line":157,"column":22},"end":{"line":157,"column":32}},"52":{"start":{"line":160,"column":17},"end":{"line":165,"column":6}},"53":{"start":{"line":167,"column":4},"end":{"line":169,"column":5}},"54":{"start":{"line":168,"column":6},"end":{"line":168,"column":86}},"55":{"start":{"line":172,"column":4},"end":{"line":172,"column":32}},"56":{"start":{"line":173,"column":4},"end":{"line":173,"column":39}},"57":{"start":{"line":174,"column":4},"end":{"line":174,"column":41}},"58":{"start":{"line":175,"column":4},"end":{"line":175,"column":22}},"59":{"start":{"line":178,"column":22},"end":{"line":178,"column":44}},"60":{"start":{"line":180,"column":4},"end":{"line":190,"column":7}},"61":{"start":{"line":192,"column":4},"end":{"line":192,"column":54}},"62":{"start":{"line":193,"column":4},"end":{"line":193,"column":72}},"63":{"start":{"line":198,"column":0},"end":{"line":232,"column":3}},"64":{"start":{"line":199,"column":2},"end":{"line":231,"column":3}},"65":{"start":{"line":200,"column":22},"end":{"line":200,"column":30}},"66":{"start":{"line":202,"column":4},"end":{"line":204,"column":5}},"67":{"start":{"line":203,"column":6},"end":{"line":203,"column":66}},"68":{"start":{"line":206,"column":17},"end":{"line":206,"column":78}},"69":{"start":{"line":208,"column":4},"end":{"line":210,"column":5}},"70":{"start":{"line":209,"column":6},"end":{"line":209,"column":63}},"71":{"start":{"line":212,"column":4},"end":{"line":214,"column":5}},"72":{"start":{"line":213,"column":6},"end":{"line":213,"column":74}},"73":{"start":{"line":217,"column":30},"end":{"line":217,"column":57}},"74":{"start":{"line":218,"column":32},"end":{"line":218,"column":74}},"75":{"start":{"line":220,"column":4},"end":{"line":220,"column":52}},"76":{"start":{"line":221,"column":4},"end":{"line":221,"column":56}},"77":{"start":{"line":222,"column":4},"end":{"line":222,"column":22}},"78":{"start":{"line":225,"column":4},"end":{"line":225,"column":57}},"79":{"start":{"line":227,"column":4},"end":{"line":227,"column":67}},"80":{"start":{"line":229,"column":4},"end":{"line":229,"column":55}},"81":{"start":{"line":230,"column":4},"end":{"line":230,"column":75}},"82":{"start":{"line":235,"column":0},"end":{"line":270,"column":3}},"83":{"start":{"line":236,"column":2},"end":{"line":269,"column":3}},"84":{"start":{"line":237,"column":23},"end":{"line":237,"column":51}},"85":{"start":{"line":238,"column":18},"end":{"line":238,"column":56}},"86":{"start":{"line":240,"column":4},"end":{"line":242,"column":5}},"87":{"start":{"line":241,"column":6},"end":{"line":241,"column":66}},"88":{"start":{"line":244,"column":20},"end":{"line":244,"column":61}},"89":{"start":{"line":245,"column":17},"end":{"line":247,"column":6}},"90":{"start":{"line":249,"column":4},"end":{"line":251,"column":5}},"91":{"start":{"line":250,"column":6},"end":{"line":250,"column":63}},"92":{"start":{"line":254,"column":4},"end":{"line":266,"column":7}},"93":{"start":{"line":268,"column":4},"end":{"line":268,"column":53}},"94":{"start":{"line":273,"column":0},"end":{"line":307,"column":3}},"95":{"start":{"line":274,"column":2},"end":{"line":306,"column":3}},"96":{"start":{"line":275,"column":23},"end":{"line":275,"column":51}},"97":{"start":{"line":276,"column":18},"end":{"line":276,"column":56}},"98":{"start":{"line":278,"column":4},"end":{"line":280,"column":5}},"99":{"start":{"line":279,"column":6},"end":{"line":279,"column":66}},"100":{"start":{"line":282,"column":20},"end":{"line":282,"column":61}},"101":{"start":{"line":283,"column":17},"end":{"line":283,"column":52}},"102":{"start":{"line":285,"column":4},"end":{"line":287,"column":5}},"103":{"start":{"line":286,"column":6},"end":{"line":286,"column":63}},"104":{"start":{"line":289,"column":25},"end":{"line":289,"column":33}},"105":{"start":{"line":292,"column":31},"end":{"line":295,"column":5}},"106":{"start":{"line":297,"column":4},"end":{"line":297,"column":59}},"107":{"start":{"line":299,"column":4},"end":{"line":302,"column":7}},"108":{"start":{"line":304,"column":4},"end":{"line":304,"column":54}},"109":{"start":{"line":305,"column":4},"end":{"line":305,"column":68}},"110":{"start":{"line":310,"column":0},"end":{"line":353,"column":3}},"111":{"start":{"line":311,"column":2},"end":{"line":352,"column":3}},"112":{"start":{"line":312,"column":22},"end":{"line":312,"column":30}},"113":{"start":{"line":314,"column":4},"end":{"line":316,"column":5}},"114":{"start":{"line":315,"column":6},"end":{"line":315,"column":66}},"115":{"start":{"line":318,"column":17},"end":{"line":318,"column":78}},"116":{"start":{"line":321,"column":27},"end":{"line":321,"column":103}},"117":{"start":{"line":323,"column":4},"end":{"line":325,"column":5}},"118":{"start":{"line":324,"column":6},"end":{"line":324,"column":51}},"119":{"start":{"line":328,"column":4},"end":{"line":330,"column":5}},"120":{"start":{"line":329,"column":6},"end":{"line":329,"column":51}},"121":{"start":{"line":333,"column":23},"end":{"line":333,"column":50}},"122":{"start":{"line":334,"column":25},"end":{"line":334,"column":62}},"123":{"start":{"line":336,"column":4},"end":{"line":336,"column":41}},"124":{"start":{"line":337,"column":4},"end":{"line":337,"column":45}},"125":{"start":{"line":338,"column":4},"end":{"line":338,"column":22}},"126":{"start":{"line":341,"column":4},"end":{"line":346,"column":5}},"127":{"start":{"line":342,"column":6},"end":{"line":342,"column":53}},"128":{"start":{"line":344,"column":6},"end":{"line":344,"column":72}},"129":{"start":{"line":348,"column":4},"end":{"line":348,"column":42}},"130":{"start":{"line":350,"column":4},"end":{"line":350,"column":58}},"131":{"start":{"line":351,"column":4},"end":{"line":351,"column":71}},"132":{"start":{"line":356,"column":0},"end":{"line":405,"column":3}},"133":{"start":{"line":357,"column":2},"end":{"line":404,"column":3}},"134":{"start":{"line":358,"column":32},"end":{"line":358,"column":40}},"135":{"start":{"line":360,"column":4},"end":{"line":362,"column":5}},"136":{"start":{"line":361,"column":6},"end":{"line":361,"column":80}},"137":{"start":{"line":364,"column":4},"end":{"line":366,"column":5}},"138":{"start":{"line":365,"column":6},"end":{"line":365,"column":87}},"139":{"start":{"line":369,"column":17},"end":{"line":374,"column":6}},"140":{"start":{"line":376,"column":4},"end":{"line":378,"column":5}},"141":{"start":{"line":377,"column":6},"end":{"line":377,"column":79}},"142":{"start":{"line":381,"column":4},"end":{"line":381,"column":29}},"143":{"start":{"line":382,"column":4},"end":{"line":382,"column":35}},"144":{"start":{"line":383,"column":4},"end":{"line":383,"column":37}},"145":{"start":{"line":384,"column":4},"end":{"line":384,"column":22}},"146":{"start":{"line":387,"column":22},"end":{"line":387,"column":44}},"147":{"start":{"line":389,"column":4},"end":{"line":400,"column":7}},"148":{"start":{"line":402,"column":4},"end":{"line":402,"column":50}},"149":{"start":{"line":403,"column":4},"end":{"line":403,"column":71}},"150":{"start":{"line":407,"column":0},"end":{"line":407,"column":24}}},"fnMap":{"0":{"name":"(anonymous_0)","decl":{"start":{"line":18,"column":5},"end":{"line":18,"column":6}},"loc":{"start":{"line":18,"column":25},"end":{"line":18,"column":31}},"line":18},"1":{"name":"(anonymous_1)","decl":{"start":{"line":28,"column":5},"end":{"line":28,"column":6}},"loc":{"start":{"line":28,"column":25},"end":{"line":28,"column":31}},"line":28},"2":{"name":"(anonymous_2)","decl":{"start":{"line":31,"column":22},"end":{"line":31,"column":23}},"loc":{"start":{"line":31,"column":34},"end":{"line":33,"column":1}},"line":31},"3":{"name":"(anonymous_3)","decl":{"start":{"line":36,"column":42},"end":{"line":36,"column":43}},"loc":{"start":{"line":36,"column":62},"end":{"line":98,"column":1}},"line":36},"4":{"name":"(anonymous_4)","decl":{"start":{"line":101,"column":35},"end":{"line":101,"column":36}},"loc":{"start":{"line":101,"column":55},"end":{"line":135,"column":1}},"line":101},"5":{"name":"(anonymous_5)","decl":{"start":{"line":103,"column":53},"end":{"line":103,"column":54}},"loc":{"start":{"line":103,"column":74},"end":{"line":134,"column":3}},"line":103},"6":{"name":"(anonymous_6)","decl":{"start":{"line":146,"column":2},"end":{"line":146,"column":3}},"loc":{"start":{"line":146,"column":16},"end":{"line":151,"column":3}},"line":146},"7":{"name":"(anonymous_7)","decl":{"start":{"line":155,"column":35},"end":{"line":155,"column":36}},"loc":{"start":{"line":155,"column":55},"end":{"line":195,"column":1}},"line":155},"8":{"name":"(anonymous_8)","decl":{"start":{"line":198,"column":36},"end":{"line":198,"column":37}},"loc":{"start":{"line":198,"column":56},"end":{"line":232,"column":1}},"line":198},"9":{"name":"(anonymous_9)","decl":{"start":{"line":235,"column":18},"end":{"line":235,"column":19}},"loc":{"start":{"line":235,"column":38},"end":{"line":270,"column":1}},"line":235},"10":{"name":"(anonymous_10)","decl":{"start":{"line":273,"column":27},"end":{"line":273,"column":28}},"loc":{"start":{"line":273,"column":47},"end":{"line":307,"column":1}},"line":273},"11":{"name":"(anonymous_11)","decl":{"start":{"line":310,"column":45},"end":{"line":310,"column":46}},"loc":{"start":{"line":310,"column":65},"end":{"line":353,"column":1}},"line":310},"12":{"name":"(anonymous_12)","decl":{"start":{"line":356,"column":44},"end":{"line":356,"column":45}},"loc":{"start":{"line":356,"column":64},"end":{"line":405,"column":1}},"line":356}},"branchMap":{"0":{"loc":{"start":{"line":12,"column":20},"end":{"line":18,"column":31}},"type":"cond-expr","locations":[{"start":{"line":12,"column":60},"end":{"line":18,"column":2}},{"start":{"line":18,"column":5},"end":{"line":18,"column":31}}],"line":12},"1":{"loc":{"start":{"line":22,"column":24},"end":{"line":28,"column":31}},"type":"cond-expr","locations":[{"start":{"line":22,"column":64},"end":{"line":28,"column":2}},{"start":{"line":28,"column":5},"end":{"line":28,"column":31}}],"line":22},"2":{"loc":{"start":{"line":41,"column":4},"end":{"line":43,"column":5}},"type":"if","locations":[{"start":{"line":41,"column":4},"end":{"line":43,"column":5}},{"start":{},"end":{}}],"line":41},"3":{"loc":{"start":{"line":41,"column":8},"end":{"line":41,"column":27}},"type":"binary-expr","locations":[{"start":{"line":41,"column":8},"end":{"line":41,"column":14}},{"start":{"line":41,"column":18},"end":{"line":41,"column":27}}],"line":41},"4":{"loc":{"start":{"line":45,"column":4},"end":{"line":47,"column":5}},"type":"if","locations":[{"start":{"line":45,"column":4},"end":{"line":47,"column":5}},{"start":{},"end":{}}],"line":45},"5":{"loc":{"start":{"line":51,"column":4},"end":{"line":53,"column":5}},"type":"if","locations":[{"start":{"line":51,"column":4},"end":{"line":53,"column":5}},{"start":{},"end":{}}],"line":51},"6":{"loc":{"start":{"line":61,"column":16},"end":{"line":61,"column":32}},"type":"binary-expr","locations":[{"start":{"line":61,"column":16},"end":{"line":61,"column":24}},{"start":{"line":61,"column":28},"end":{"line":61,"column":32}}],"line":61},"7":{"loc":{"start":{"line":104,"column":4},"end":{"line":106,"column":5}},"type":"if","locations":[{"start":{"line":104,"column":4},"end":{"line":106,"column":5}},{"start":{},"end":{}}],"line":104},"8":{"loc":{"start":{"line":108,"column":4},"end":{"line":110,"column":5}},"type":"if","locations":[{"start":{"line":108,"column":4},"end":{"line":110,"column":5}},{"start":{},"end":{}}],"line":108},"9":{"loc":{"start":{"line":109,"column":43},"end":{"line":109,"column":80}},"type":"binary-expr","locations":[{"start":{"line":109,"column":43},"end":{"line":109,"column":55}},{"start":{"line":109,"column":59},"end":{"line":109,"column":80}}],"line":109},"10":{"loc":{"start":{"line":113,"column":4},"end":{"line":119,"column":5}},"type":"if","locations":[{"start":{"line":113,"column":4},"end":{"line":119,"column":5}},{"start":{},"end":{}}],"line":113},"11":{"loc":{"start":{"line":167,"column":4},"end":{"line":169,"column":5}},"type":"if","locations":[{"start":{"line":167,"column":4},"end":{"line":169,"column":5}},{"start":{},"end":{}}],"line":167},"12":{"loc":{"start":{"line":202,"column":4},"end":{"line":204,"column":5}},"type":"if","locations":[{"start":{"line":202,"column":4},"end":{"line":204,"column":5}},{"start":{},"end":{}}],"line":202},"13":{"loc":{"start":{"line":208,"column":4},"end":{"line":210,"column":5}},"type":"if","locations":[{"start":{"line":208,"column":4},"end":{"line":210,"column":5}},{"start":{},"end":{}}],"line":208},"14":{"loc":{"start":{"line":212,"column":4},"end":{"line":214,"column":5}},"type":"if","locations":[{"start":{"line":212,"column":4},"end":{"line":214,"column":5}},{"start":{},"end":{}}],"line":212},"15":{"loc":{"start":{"line":238,"column":18},"end":{"line":238,"column":56}},"type":"binary-expr","locations":[{"start":{"line":238,"column":18},"end":{"line":238,"column":28}},{"start":{"line":238,"column":32},"end":{"line":238,"column":56}}],"line":238},"16":{"loc":{"start":{"line":240,"column":4},"end":{"line":242,"column":5}},"type":"if","locations":[{"start":{"line":240,"column":4},"end":{"line":242,"column":5}},{"start":{},"end":{}}],"line":240},"17":{"loc":{"start":{"line":249,"column":4},"end":{"line":251,"column":5}},"type":"if","locations":[{"start":{"line":249,"column":4},"end":{"line":251,"column":5}},{"start":{},"end":{}}],"line":249},"18":{"loc":{"start":{"line":276,"column":18},"end":{"line":276,"column":56}},"type":"binary-expr","locations":[{"start":{"line":276,"column":18},"end":{"line":276,"column":28}},{"start":{"line":276,"column":32},"end":{"line":276,"column":56}}],"line":276},"19":{"loc":{"start":{"line":278,"column":4},"end":{"line":280,"column":5}},"type":"if","locations":[{"start":{"line":278,"column":4},"end":{"line":280,"column":5}},{"start":{},"end":{}}],"line":278},"20":{"loc":{"start":{"line":285,"column":4},"end":{"line":287,"column":5}},"type":"if","locations":[{"start":{"line":285,"column":4},"end":{"line":287,"column":5}},{"start":{},"end":{}}],"line":285},"21":{"loc":{"start":{"line":294,"column":10},"end":{"line":294,"column":34}},"type":"binary-expr","locations":[{"start":{"line":294,"column":10},"end":{"line":294,"column":18}},{"start":{"line":294,"column":22},"end":{"line":294,"column":34}}],"line":294},"22":{"loc":{"start":{"line":314,"column":4},"end":{"line":316,"column":5}},"type":"if","locations":[{"start":{"line":314,"column":4},"end":{"line":316,"column":5}},{"start":{},"end":{}}],"line":314},"23":{"loc":{"start":{"line":323,"column":4},"end":{"line":325,"column":5}},"type":"if","locations":[{"start":{"line":323,"column":4},"end":{"line":325,"column":5}},{"start":{},"end":{}}],"line":323},"24":{"loc":{"start":{"line":328,"column":4},"end":{"line":330,"column":5}},"type":"if","locations":[{"start":{"line":328,"column":4},"end":{"line":330,"column":5}},{"start":{},"end":{}}],"line":328},"25":{"loc":{"start":{"line":360,"column":4},"end":{"line":362,"column":5}},"type":"if","locations":[{"start":{"line":360,"column":4},"end":{"line":362,"column":5}},{"start":{},"end":{}}],"line":360},"26":{"loc":{"start":{"line":360,"column":8},"end":{"line":360,"column":27}},"type":"binary-expr","locations":[{"start":{"line":360,"column":8},"end":{"line":360,"column":14}},{"start":{"line":360,"column":18},"end":{"line":360,"column":27}}],"line":360},"27":{"loc":{"start":{"line":364,"column":4},"end":{"line":366,"column":5}},"type":"if","locations":[{"start":{"line":364,"column":4},"end":{"line":366,"column":5}},{"start":{},"end":{}}],"line":364},"28":{"loc":{"start":{"line":376,"column":4},"end":{"line":378,"column":5}},"type":"if","locations":[{"start":{"line":376,"column":4},"end":{"line":378,"column":5}},{"start":{},"end":{}}],"line":376}},"s":{"0":1,"1":1,"2":1,"3":1,"4":1,"5":1,"6":1,"7":1,"8":1,"9":2,"10":1,"11":0,"12":1,"13":0,"14":1,"15":0,"16":0,"17":0,"18":0,"19":0,"20":0,"21":0,"22":0,"23":0,"24":0,"25":0,"26":0,"27":0,"28":0,"29":0,"30":0,"31":0,"32":0,"33":0,"34":1,"35":2,"36":2,"37":0,"38":0,"39":0,"40":0,"41":0,"42":0,"43":0,"44":0,"45":1,"46":1,"47":0,"48":0,"49":1,"50":0,"51":0,"52":0,"53":0,"54":0,"55":0,"56":0,"57":0,"58":0,"59":0,"60":0,"61":0,"62":0,"63":1,"64":0,"65":0,"66":0,"67":0,"68":0,"69":0,"70":0,"71":0,"72":0,"73":0,"74":0,"75":0,"76":0,"77":0,"78":0,"79":0,"80":0,"81":0,"82":1,"83":0,"84":0,"85":0,"86":0,"87":0,"88":0,"89":0,"90":0,"91":0,"92":0,"93":0,"94":1,"95":0,"96":0,"97":0,"98":0,"99":0,"100":0,"101":0,"102":0,"103":0,"104":0,"105":0,"106":0,"107":0,"108":0,"109":0,"110":1,"111":0,"112":0,"113":0,"114":0,"115":0,"116":0,"117":0,"118":0,"119":0,"120":0,"121":0,"122":0,"123":0,"124":0,"125":0,"126":0,"127":0,"128":0,"129":0,"130":0,"131":0,"132":1,"133":0,"134":0,"135":0,"136":0,"137":0,"138":0,"139":0,"140":0,"141":0,"142":0,"143":0,"144":0,"145":0,"146":0,"147":0,"148":0,"149":0,"150":1},"f":{"0":2,"1":0,"2":0,"3":0,"4":2,"5":0,"6":0,"7":0,"8":0,"9":0,"10":0,"11":0,"12":0},"b":{"0":[0,1],"1":[0,1],"2":[0,0],"3":[0,0],"4":[0,0],"5":[0,0],"6":[0,0],"7":[0,0],"8":[0,0],"9":[0,0],"10":[0,0],"11":[0,0],"12":[0,0],"13":[0,0],"14":[0,0],"15":[0,0],"16":[0,0],"17":[0,0],"18":[0,0],"19":[0,0],"20":[0,0],"21":[0,0],"22":[0,0],"23":[0,0],"24":[0,0],"25":[0,0],"26":[0,0],"27":[0,0],"28":[0,0]},"_coverageSchema":"1a1c01bbd47fc00a2c39e90264f33305004495a9","hash":"637e1358310746e6deb5d75c7dd5609196d7619d"}
,"C:\\Users\\shilo\\Documents\\solupresenter\\backend\\routes\\bible.js": {"path":"C:\\Users\\shilo\\Documents\\solupresenter\\backend\\routes\\bible.js","statementMap":{"0":{"start":{"line":1,"column":16},"end":{"line":1,"column":34}},"1":{"start":{"line":2,"column":15},"end":{"line":2,"column":31}},"2":{"start":{"line":3,"column":14},"end":{"line":3,"column":30}},"3":{"start":{"line":4,"column":23},"end":{"line":4,"column":43}},"4":{"start":{"line":5,"column":15},"end":{"line":5,"column":35}},"5":{"start":{"line":9,"column":25},"end":{"line":13,"column":3}},"6":{"start":{"line":15,"column":2},"end":{"line":15,"column":50}},"7":{"start":{"line":15,"column":28},"end":{"line":15,"column":50}},"8":{"start":{"line":18,"column":2},"end":{"line":18,"column":31}},"9":{"start":{"line":18,"column":18},"end":{"line":18,"column":31}},"10":{"start":{"line":19,"column":2},"end":{"line":19,"column":31}},"11":{"start":{"line":19,"column":18},"end":{"line":19,"column":31}},"12":{"start":{"line":21,"column":19},"end":{"line":21,"column":40}},"13":{"start":{"line":22,"column":15},"end":{"line":22,"column":43}},"14":{"start":{"line":23,"column":15},"end":{"line":23,"column":23}},"15":{"start":{"line":25,"column":15},"end":{"line":25,"column":17}},"16":{"start":{"line":26,"column":2},"end":{"line":26,"column":58}},"17":{"start":{"line":26,"column":20},"end":{"line":26,"column":58}},"18":{"start":{"line":27,"column":2},"end":{"line":27,"column":50}},"19":{"start":{"line":27,"column":16},"end":{"line":27,"column":50}},"20":{"start":{"line":28,"column":2},"end":{"line":28,"column":50}},"21":{"start":{"line":28,"column":16},"end":{"line":28,"column":50}},"22":{"start":{"line":31,"column":2},"end":{"line":35,"column":3}},"23":{"start":{"line":32,"column":4},"end":{"line":32,"column":18}},"24":{"start":{"line":33,"column":9},"end":{"line":35,"column":3}},"25":{"start":{"line":34,"column":4},"end":{"line":34,"column":58}},"26":{"start":{"line":37,"column":2},"end":{"line":37,"column":16}},"27":{"start":{"line":41,"column":20},"end":{"line":111,"column":1}},"28":{"start":{"line":114,"column":0},"end":{"line":120,"column":3}},"29":{"start":{"line":115,"column":16},"end":{"line":118,"column":5}},"30":{"start":{"line":115,"column":54},"end":{"line":118,"column":3}},"31":{"start":{"line":119,"column":2},"end":{"line":119,"column":22}},"32":{"start":{"line":123,"column":0},"end":{"line":135,"column":3}},"33":{"start":{"line":124,"column":19},"end":{"line":124,"column":38}},"34":{"start":{"line":125,"column":19},"end":{"line":125,"column":40}},"35":{"start":{"line":127,"column":2},"end":{"line":129,"column":3}},"36":{"start":{"line":128,"column":4},"end":{"line":128,"column":61}},"37":{"start":{"line":131,"column":2},"end":{"line":134,"column":5}},"38":{"start":{"line":138,"column":0},"end":{"line":187,"column":3}},
[...]
":116,"column":5}},"57":{"start":{"line":115,"column":6},"end":{"line":115,"column":71}},"58":{"start":{"line":118,"column":18},"end":{"line":130,"column":6}},"59":{"start":{"line":132,"column":4},"end":{"line":132,"column":36}},"60":{"start":{"line":134,"column":4},"end":{"line":134,"column":50}},"61":{"start":{"line":135,"column":4},"end":{"line":135,"column":62}},"62":{"start":{"line":140,"column":0},"end":{"line":178,"column":3}},"63":{"start":{"line":141,"column":2},"end":{"line":177,"column":3}},"64":{"start":{"line":142,"column":18},"end":{"line":142,"column":59}},"65":{"start":{"line":144,"column":4},"end":{"line":146,"column":5}},"66":{"start":{"line":145,"column":6},"end":{"line":145,"column":64}},"67":{"start":{"line":149,"column":4},"end":{"line":151,"column":5}},"68":{"start":{"line":150,"column":6},"end":{"line":150,"column":78}},"69":{"start":{"line":153,"column":4},"end":{"line":155,"column":5}},"70":{"start":{"line":154,"column":6},"end":{"line":154,"column":62}},"71":{"start":{"line":157,"column":136},"end":{"line":157,"column":144}},"72":{"start":{"line":159,"column":4},"end":{"line":159,"column":46}},"73":{"start":{"line":159,"column":28},"end":{"line":159,"column":46}},"74":{"start":{"line":160,"column":4},"end":{"line":160,"column":61}},"75":{"start":{"line":160,"column":33},"end":{"line":160,"column":61}},"76":{"start":{"line":161,"column":4},"end":{"line":161,"column":64}},"77":{"start":{"line":161,"column":34},"end":{"line":161,"column":64}},"78":{"start":{"line":162,"column":4},"end":{"line":162,"column":67}},"79":{"start":{"line":162,"column":35},"end":{"line":162,"column":67}},"80":{"start":{"line":163,"column":4},"end":{"line":163,"column":61}},"81":{"start":{"line":163,"column":33},"end":{"line":163,"column":61}},"82":{"start":{"line":164,"column":4},"end":{"line":164,"column":82}},"83":{"start":{"line":164,"column":40},"end":{"line":164,"column":82}},"84":{"start":{"line":165,"column":4},"end":{"line":165,"column":73}},"85":{"start":{"line":165,"column":37},"end":{"line":165,"column":73}},"86":{"start":{"line":166,"column":4},"end":{"line":166,"column":82}},"87":{"start":{"line":166,"column":40},"end":{"line":166,"column":82}},"88":{"start":{"line":167,"column":4},"end":{"line":167,"column":79}},"89":{"start":{"line":167,"column":39},"end":{"line":167,"column":79}},"90":{"start":{"line":169,"column":4},"end":{"line":169,"column":23}},"91":{"start":{"line":171,"column":25},"end":{"line":171,"column":61}},"92":{"start":{"line":173,"column":4},"end":{"line":173,"column":38}},"93":{"start":{"line":175,"column":4},"end":{"line":175,"column":50}},"94":{"start":{"line":176,"column":4},"end":{"line":176,"column":62}},"95":{"start":{"line":181,"column":0},"end":{"line":214,"column":3}},"96":{"start":{"line":182,"column":2},"end":{"line":213,"column":3}},"97":{"start":{"line":183,"column":18},"end":{"line":183,"column":59}},"98":{"start":{"line":185,"column":4},"end":{"line":187,"column":5}},"99":{"start":{"line":186,"column":6},"end":{"line":186,"column":64}},"100":{"start":{"line":190,"column":4},"end":{"line":192,"column":5}},"101":{"start":{"line":191,"column":6},"end":{"line":191,"column":78}},"102":{"start":{"line":194,"column":4},"end":{"line":196,"column":5}},"103":{"start":{"line":195,"column":6},"end":{"line":195,"column":62}},"104":{"start":{"line":199,"column":17},"end":{"line":199,"column":49}},"105":{"start":{"line":200,"column":4},"end":{"line":205,"column":5}},"106":{"start":{"line":201,"column":53},"end":{"line":201,"column":75}},"107":{"start":{"line":202,"column":6},"end":{"line":202,"column":41}},"108":{"start":{"line":203,"column":6},"end":{"line":203,"column":40}},"109":{"start":{"line":204,"column":6},"end":{"line":204,"column":24}},"110":{"start":{"line":207,"column":4},"end":{"line":207,"column":26}},"111":{"start":{"line":209,"column":4},"end":{"line":209,"column":56}},"112":{"start":{"line":211,"column":4},"end":{"line":211,"column":50}},"113":{"start":{"line":212,"column":4},"end":{"line":212,"column":62}},"114":{"start":{"line":217,"column":0},"end":{"line":247,"column":3}},"115":{"start":{"line":218,"column":2},"end":{"line":246,"column":3}},"116":{"start":{"line":219,"column":18},"end":{"line":219,"column":59}},"117":{"start":{"line":221,"column":4},"end":{"line":223,"column":5}},"118":{"start":{"line":222,"column":6},"end":{"line":222,"column":64}},"119":{"start":{"line":226,"column":4},"end":{"line":228,"column":5}},"120":{"start":{"line":227,"column":6},"end":{"line":227,"column":62}},"121":{"start":{"line":231,"column":17},"end":{"line":231,"column":49}},"122":{"start":{"line":232,"column":4},"end":{"line":234,"column":5}},"123":{"start":{"line":233,"column":6},"end":{"line":233,"column":63}},"124":{"start":{"line":237,"column":27},"end":{"line":237,"column":84}},"125":{"start":{"line":238,"column":4},"end":{"line":238,"column":38}},"126":{"start":{"line":239,"column":4},"end":{"line":239,"column":38}},"127":{"start":{"line":240,"column":4},"end":{"line":240,"column":22}},"128":{"start":{"line":242,"column":4},"end":{"line":242,"column":86}},"129":{"start":{"line":244,"column":4},"end":{"line":244,"column":57}},"130":{"start":{"line":245,"column":4},"end":{"line":245,"column":67}},"131":{"start":{"line":250,"column":0},"end":{"line":285,"column":3}},"132":{"start":{"line":251,"column":2},"end":{"line":284,"column":3}},"133":{"start":{"line":252,"column":24},"end":{"line":252,"column":65}},"134":{"start":{"line":254,"column":4},"end":{"line":256,"column":5}},"135":{"start":{"line":255,"column":6},"end":{"line":255,"column":64}},"136":{"start":{"line":259,"column":4},"end":{"line":261,"column":5}},"137":{"start":{"line":260,"column":6},"end":{"line":260,"column":62}},"138":{"start":{"line":263,"column":21},"end":{"line":263,"column":29}},"139":{"start":{"line":264,"column":20},"end":{"line":264,"column":56}},"140":{"start":{"line":266,"column":21},"end":{"line":278,"column":6}},"141":{"start":{"line":280,"column":4},"end":{"line":280,"column":46}},"142":{"start":{"line":282,"column":4},"end":{"line":282,"column":53}},"143":{"start":{"line":283,"column":4},"end":{"line":283,"column":65}},"144":{"start":{"line":287,"column":0},"end":{"line":287,"column":24}}},"fnMap":{"0":{"name":"(anonymous_0)","decl":{"start":{"line":8,"column":35},"end":{"line":8,"column":36}},"loc":{"start":{"line":8,"column":55},"end":{"line":28,"column":1}},"line":8},"1":{"name":"(anonymous_1)","decl":{"start":{"line":31,"column":42},"end":{"line":31,"column":43}},"loc":{"start":{"line":31,"column":62},"end":{"line":65,"column":1}},"line":31},"2":{"name":"(anonymous_2)","decl":{"start":{"line":68,"column":49},"end":{"line":68,"column":50}},"loc":{"start":{"line":68,"column":69},"end":{"line":86,"column":1}},"line":68},"3":{"name":"(anonymous_3)","decl":{"start":{"line":89,"column":38},"end":{"line":89,"column":39}},"loc":{"start":{"line":89,"column":58},"end":{"line":107,"column":1}},"line":89},"4":{"name":"(anonymous_4)","decl":{"start":{"line":110,"column":36},"end":{"line":110,"column":37}},"loc":{"start":{"line":110,"column":56},"end":{"line":137,"column":1}},"line":110},"5":{"name":"(anonymous_5)","decl":{"start":{"line":140,"column":38},"end":{"line":140,"column":39}},"loc":{"start":{"line":140,"column":58},"end":{"line":178,"column":1}},"line":140},"6":{"name":"(anonymous_6)","decl":{"start":{"line":181,"column":41},"end":{"line":181,"column":42}},"loc":{"start":{"line":181,"column":61},"end":{"line":214,"column":1}},"line":181},"7":{"name":"(anonymous_7)","decl":{"start":{"line":217,"column":51},"end":{"line":217,"column":52}},"loc":{"start":{"line":217,"column":71},"end":{"line":247,"column":1}},"line":217},"8":{"name":"(anonymous_8)","decl":{"start":{"line":250,"column":49},"end":{"line":250,"column":50}},"loc":{"start":{"line":250,"column":69},"end":{"line":285,"column":1}},"line":250}},"branchMap":{"0":{"loc":{"start":{"line":34,"column":4},"end":{"line":36,"column":5}},"type":"if","locations":[{"start":{"line":34,"column":4},"end":{"line":36,"column":5}},{"start":{},"end":{}}],"line":34},"1":{"loc":{"start":{"line":41,"column":4},"end":{"line":51,"column":5}},"type":"if","locations":[{"start":{"line":41,"column":4},"end":{"line":51,"column":5}},{"start":{},"end":{}}],"line":41},"2":{"loc":{"start":{"line":43,"column":6},"end":{"line":45,"column":7}},"type":"if","locations":[{"start":{"line":43,"column":6},"end":{"line":45,"column":7}},{"start":{},"end":{}}],"line":43},"3":{"loc":{"start":{"line":47,"column":56},"end":{"line":47,"column":78}},"type":"binary-expr","locations":[{"start":{"line":47,"column":56},"end":{"line":47,"column":72}},{"start":{"line":47,"column":76},"end":{"line":47,"column":78}}],"line":47},"4":{"loc":{"start":{"line":55,"column":4},"end":{"line":57,"column":5}},"type":"if","locations":[{"start":{"line":55,"column":4},"end":{"line":57,"column":5}},{"start":{},"end":{}}],"line":55},"5":{"loc":{"start":{"line":71,"column":4},"end":{"line":73,"column":5}},"type":"if","locations":[{"start":{"line":71,"column":4},"end":{"line":73,"column":5}},{"start":{},"end":{}}],"line":71},"6":{"loc":{"start":{"line":76,"column":51},"end":{"line":76,"column":73}},"type":"binary-expr","locations":[{"start":{"line":76,"column":51},"end":{"line":76,"column":67}},{"start":{"line":76,"column":71},"end":{"line":76,"column":73}}],"line":76},"7":{"loc":{"start":{"line":93,"column":4},"end":{"line":95,"column":5}},"type":"if","locations":[{"start":{"line":93,"column":4},"end":{"line":95,"column":5}},{"start":{},"end":{}}],"line":93},"8":{"loc":{"start":{"line":98,"column":4},"end":{"line":100,"column":5}},"type":"if","locations":[{"start":{"line":98,"column":4},"end":{"line":100,"column":5}},{"start":{},"end":{}}],"line":98},"9":{"loc":{"start":{"line":98,"column":8},"end":{"line":98,"column":61}},"type":"binary-expr","locations":[{"start":{"line":98,"column":8},"end":{"line":98,"column":24}},{"start":{"line":98,"column":28},"end":{"line":98,"column":61}}],"line":98},"10":{"loc":{"start":{"line":114,"column":4},"end":{"line":116,"column":5}},"type":"if","locations":[{"start":{"line":114,"column":4},"end":{"line":116,"column":5}},{"start":{},"end":{}}],"line":114},"11":{"loc":{"start":{"line":122,"column":17},"end":{"line":122,"column":76}},"type":"binary-expr","locations":[{"start":{"line":122,"column":17},"end":{"line":122,"column":26}},{"start":{"line":122,"column":30},"end":{"line":122,"column":76}}],"line":122},"12":{"loc":{"start":{"line":123,"column":18},"end":{"line":123,"column":41}},"type":"binary-expr","locations":[{"start":{"line":123,"column":18},"end":{"line":123,"column":28}},{"start":{"line":123,"column":32},"end":{"line":123,"column":41}}],"line":123},"13":{"loc":{"start":{"line":124,"column":19},"end":{"line":124,"column":43}},"type":"binary-expr","locations":[{"start":{"line":124,"column":19},"end":{"line":124,"column":30}},{"start":{"line":124,"column":34},"end":{"line":124,"column":43}}],"line":124},"14":{"loc":{"start":{"line":125,"column":17},"end":{"line":125,"column":39}},"type":"binary-expr","locations":[{"start":{"line":125,"column":17},"end":{"line":125,"column":26}},{"start":{"line":125,"column":30},"end":{"line":125,"column":39}}],"line":125},"15":{"loc":{"start":{"line":126,"column":24},"end":{"line":126,"column":53}},"type":"binary-expr","locations":[{"start":{"line":126,"column":24},"end":{"line":126,"column":40}},{"start":{"line":126,"column":44},"end":{"line":126,"column":53}}],"line":126},"16":{"loc":{"start":{"line":127,"column":21},"end":{"line":127,"column":47}},"type":"binary-expr","locations":[{"start":{"line":127,"column":21},"end":{"line":127,"column":34}},{"start":{"line":127,"column":38},"end":{"line":127,"column":47}}],"line":127},"17":{"loc":{"start":{"line":128,"column":24},"end":{"line":128,"column":53}},"type":"binary-expr","locations":[{"start":{"line":128,"column":24},"end":{"line":128,"column":40}},{"start":{"line":128,"column":44},"end":{"line":128,"column":53}}],"line":128},"18":{"loc":{"start":{"line":129,"column":23},"end":{"line":129,"column":44}},"type":"binary-expr","locations":[{"start":{"line":129,"column":23},"end":{"line":129,"column":38}},{"start":{"line":129,"column":42},"end":{"line":129,"column":44}}],"line":129},"19":{"loc":{"start":{"line":144,"column":4},"end":{"line":146,"column":5}},"type":"if","locations":[{"start":{"line":144,"column":4},"end":{"line":146,"column":5}},{"start":{},"end":{}}],"line":144},"20":{"loc":{"start":{"line":149,"column":4},"end":{"line":151,"column":5}},"type":"if","locations":[{"start":{"line":149,"column":4},"end":{"line":151,"column":5}},{"start":{},"end":{}}],"line":149},"21":{"loc":{"start":{"line":153,"column":4},"end":{"line":155,"column":5}},"type":"if","locations":[{"start":{"line":153,"column":4},"end":{"line":155,"column":5}},{"start":{},"end":{}}],"line":153},"22":{"loc":{"start":{"line":159,"column":4},"end":{"line":159,"column":46}},"type":"if","locations":[{"start":{"line":159,"column":4},"end":{"line":159,"column":46}},{"start":{},"end":{}}],"line":159},"23":{"loc":{"start":{"line":160,"column":4},"end":{"line":160,"column":61}},"type":"if","locations":[{"start":{"line":160,"column":4},"end":{"line":160,"column":61}},{"start":{},"end":{}}],"line":160},"24":{"loc":{"start":{"line":161,"column":4},"end":{"line":161,"column":64}},"type":"if","locations":[{"start":{"line":161,"column":4},"end":{"line":161,"column":64}},{"start":{},"end":{}}],"line":161},"25":{"loc":{"start":{"line":162,"column":4},"end":{"line":162,"column":67}},"type":"if","locations":[{"start":{"line":162,"column":4},"end":{"line":162,"column":67}},{"start":{},"end":{}}],"line":162},"26":{"loc":{"start":{"line":163,"column":4},"end":{"line":163,"column":61}},"type":"if","locations":[{"start":{"line":163,"column":4},"end":{"line":163,"column":61}},{"start":{},"end":{}}],"line":163},"27":{"loc":{"start":{"line":164,"column":4},"end":{"line":164,"column":82}},"type":"if","locations":[{"start":{"line":164,"column":4},"end":{"line":164,"column":82}},{"start":{},"end":{}}],"line":164},"28":{"loc":{"start":{"line":165,"column":4},"end":{"line":165,"column":73}},"type":"if","locations":[{"start":{"line":165,"column":4},"end":{"line":165,"column":73}},{"start":{},"end":{}}],"line":165},"29":{"loc":{"start":{"line":166,"column":4},"end":{"line":166,"column":82}},"type":"if","locations":[{"start":{"line":166,"column":4},"end":{"line":166,"column":82}},{"start":{},"end":{}}],"line":166},"30":{"loc":{"start":{"line":167,"column":4},"end":{"line":167,"column":79}},"type":"if","locations":[{"start":{"line":167,"column":4},"end":{"line":167,"column":79}},{"start":{},"end":{}}],"line":167},"31":{"loc":{"start":{"line":185,"column":4},"end":{"line":187,"column":5}},"type":"if","locations":[{"start":{"line":185,"column":4},"end":{"line":187,"column":5}},{"start":{},"end":{}}],"line":185},"32":{"loc":{"start":{"line":190,"column":4},"end":{"line":192,"column":5}},"type":"if","locations":[{"start":{"line":190,"column":4},"end":{"line":192,"column":5}},{"start":{},"end":{}}],"line":190},"33":{"loc":{"start":{"line":194,"column":4},"end":{"line":196,"column":5}},"type":"if","locations":[{"start":{"line":194,"column":4},"end":{"line":196,"column":5}},{"start":{},"end":{}}],"line":194},"34":{"loc":{"start":{"line":200,"column":4},"end":{"line":205,"column":5}},"type":"if","locations":[{"start":{"line":200,"column":4},"end":{"line":205,"column":5}},{"start":{},"end":{}}],"line":200},"35":{"loc":{"start":{"line":200,"column":8},"end":{"line":200,"column":61}},"type":"binary-expr","locations":[{"start":{"line":200,"column":8},"end":{"line":200,"column":12}},{"start":{"line":200,"column":16},"end":{"line":200,"column":61}}],"line":200},"36":{"loc":{"start":{"line":201,"column":53},"end":{"line":201,"column":75}},"type":"binary-expr","locations":[{"start":{"line":201,"column":53},"end":{"line":201,"column":69}},{"start":{"line":201,"column":73},"end":{"line":201,"column":75}}],"line":201},"37":{"loc":{"start":{"line":221,"column":4},"end":{"line":223,"column":5}},"type":"if","locations":[{"start":{"line":221,"column":4},"end":{"line":223,"column":5}},{"start":{},"end":{}}],"line":221},"38":{"loc":{"start":{"line":226,"column":4},"end":{"line":228,"column":5}},"type":"if","locations":[{"start":{"line":226,"column":4},"end":{"line":228,"column":5}},{"start":{},"end":{}}],"line":226},"39":{"loc":{"start":{"line":226,"column":8},"end":{"line":226,"column":61}},"type":"binary-expr","locations":[{"start":{"line":226,"column":8},"end":{"line":226,"column":24}},{"start":{"line":226,"column":28},"end":{"line":226,"column":61}}],"line":226},"40":{"loc":{"start":{"line":232,"column":4},"end":{"line":234,"column":5}},"type":"if","locations":[{"start":{"line":232,"column":4},"end":{"line":234,"column":5}},{"start":{},"end":{}}],"line":232},"41":{"loc":{"start":{"line":237,"column":33},"end":{"line":237,"column":55}},"type":"binary-expr","locations":[{"start":{"line":237,"column":33},"end":{"line":237,"column":49}},{"start":{"line":237,"column":53},"end":{"line":237,"column":55}}],"line":237},"42":{"loc":{"start":{"line":254,"column":4},"end":{"line":256,"column":5}},"type":"if","locations":[{"start":{"line":254,"column":4},"end":{"line":256,"column":5}},{"start":{},"end":{}}],"line":254},"43":{"loc":{"start":{"line":259,"column":4},"end":{"line":261,"column":5}},"type":"if","locations":[{"start":{"line":259,"column":4},"end":{"line":261,"column":5}},{"start":{},"end":{}}],"line":259},"44":{"loc":{"start":{"line":259,"column":8},"end":{"line":259,"column":73}},"type":"binary-expr","locations":[{"start":{"line":259,"column":8},"end":{"line":259,"column":30}},{"start":{"line":259,"column":34},"end":{"line":259,"column":73}}],"line":259},"45":{"loc":{"start":{"line":264,"column":20},"end":{"line":264,"column":56}},"type":"binary-expr","locations":[{"start":{"line":264,"column":20},"end":{"line":264,"column":24}},{"start":{"line":264,"column":28},"end":{"line":264,"column":56}}],"line":264},"46":{"loc":{"start":{"line":277,"column":23},"end":{"line":277,"column":56}},"type":"binary-expr","locations":[{"start":{"line":277,"column":23},"end":{"line":277,"column":50}},{"start":{"line":277,"column":54},"end":{"line":277,"column":56}}],"line":277}},"s":{"0":1,"1":1,"2":1,"3":1,"4":1,"5":1,"6":0,"7":0,"8":0,"9":0,"10":0,"11":1,"12":0,"13":0,"14":0,"15":0,"16":0,"17":0,"18":0,"19":0,"20":0,"21":0,"22":0,"23":0,"24":0,"25":0,"26":0,"27":0,"28":0,"29":0,"30":0,"31":1,"32":0,"33":0,"34":0,"35":0,"36":0,"37":0,"38":0,"39":0,"40":0,"41":0,"42":0,"43":1,"44":0,"45":0,"46":0,"47":0,"48":0,"49":0,"50":0,"51":0,"52":0,"53":1,"54":0,"55":0,"56":0,"57":0,"58":0,"59":0,"60":0,"61":0,"62":1,"63":0,"64":0,"65":0,"66":0,"67":0,"68":0,"69":0,"70":0,"71":0,"72":0,"73":0,"74":0,"75":0,"76":0,"77":0,"78":0,"79":0,"80":0,"81":0,"82":0,"83":0,"84":0,"85":0,"86":0,"87":0,"88":0,"89":0,"90":0,"91":0,"92":0,"93":0,"94":0,"95":1,"96":0,"97":0,"98":0,"99":0,"100":0,"101":0,"102":0,"103":0,"104":0,"105":0,"106":0,"107":0,"108":0,"109":0,"110":0,"111":0,"112":0,"113":0,"114":1,"115":0,"116":0,"117":0,"118":0,"119":0,"120":0,"121":0,"122":0,"123":0,"124":0,"125":0,"126":0,"127":0,"128":0,"129":0,"130":0,"131":1,"132":0,"133":0,"134":0,"135":0,"136":0,"137":0,"138":0,"139":0,"140":0,"141":0,"142":0,"143":0,"144":1},"f":{"0":0,"1":0,"2":0,"3":0,"4":0,"5":0,"6":0,"7":0,"8":0},"b":{"0":[0,0],"1":[0,0],"2":[0,0],"3":[0,0],"4":[0,0],"5":[0,0],"6":[0,0],"7":[0,0],"8":[0,0],"9":[0,0],"10":[0,0],"11":[0,0],"12":[0,0],"13":[0,0],"14":[0,0],"15":[0,0],"16":[0,0],"17":[0,0],"18":[0,0],"19":[0,0],"20":[0,0],"21":[0,0],"22":[0,0],"23":[0,0],"24":[0,0],"25":[0,0],"26":[0,0],"27":[0,0],"28":[0,0],"29":[0,0],"30":[0,0],"31":[0,0],"32":[0,0],"33":[0,0],"34":[0,0],"35":[0,0],"36":[0,0],"37":[0,0],"38":[0,0],"39":[0,0],"40":[0,0],"41":[0,0],"42":[0,0],"43":[0,0],"44":[0,0],"45":[0,0],"46":[0,0]},"_coverageSchema":"1a1c01bbd47fc00a2c39e90264f33305004495a9","hash":"56fef57e5cd4df58e7b425363ad91505c27ba8c3"}
}
