TN:
SF:jobs\cleanupExpiredRooms.js
FN:8,cleanupExpiredRooms
FNF:1
FNH:0
FNDA:0,cleanupExpiredRooms
DA:1,0
DA:2,0
DA:9,0
DA:10,0
DA:12,0
DA:15,0
DA:28,0
DA:29,0
DA:30,0
DA:33,0
DA:35,0
DA:36,0
DA:39,0
DA:40,0
DA:46,0
DA:50,0
DA:53,0
DA:55,0
DA:59,0
LF:19
LH:0
BRDA:28,0,0,0
BRDA:28,0,1,0
BRDA:39,1,0,0
BRDA:39,1,1,0
BRF:4
BRH:0
end_of_record
TN:
SF:jobs\cleanupTemporarySetlists.js
FN:7,cleanupTemporarySetlists
FNF:1
FNH:0
FNDA:0,cleanupTemporarySetlists
DA:1,0
DA:8,0
DA:9,0
DA:12,0
DA:14,0
DA:16,0
DA:18,0
DA:19,0
DA:27,0
DA:28,0
DA:29,0
DA:30,0
DA:34,0
DA:35,0
DA:36,0
DA:40,0
DA:42,0
DA:46,0
LF:18
LH:0
BRDA:18,0,0,0
BRDA:18,0,1,0
BRDA:27,1,0,0
BRDA:27,1,1,0
BRF:4
BRH:0
end_of_record
TN:
SF:middleware\auth.js
FN:5,(anonymous_0)
FN:29,(anonymous_1)
FNF:2
FNH:1
FNDA:44,(anonymous_0)
FNDA:0,(anonymous_1)
DA:1,1
DA:2,1
DA:5,1
DA:6,44
DA:7,44
DA:8,44
DA:10,44
DA:11,1
DA:14,43
DA:15,0
DA:17,0
DA:18,0
DA:21,0
DA:22,0
DA:24,43
DA:29,1
DA:30,0
DA:31,0
DA:33,0
DA:36,1
LF:20
LH:12
BRDA:8,0,0,44
BRDA:8,0,1,43
BRDA:10,1,0,1
BRDA:10,1,1,43
BRDA:17,2,0,0
BRDA:17,2,1,0
BRDA:30,3,0,0
BRDA:30,3,1,0
BRF:8
BRH:4
end_of_record
TN:
SF:models\BibleVerse.js
FN:71,(anonymous_0)
FNF:1
FNH:0
FNDA:0,(anonymous_0)
DA:1,1
DA:2,1
DA:4,1
DA:71,1
DA:72,0
DA:73,0
DA:74,0
DA:77,1
LF:8
LH:5
BRF:0
BRH:0
end_of_record
TN:
SF:models\Media.js
FN:13,(anonymous_0)
FN:49,(anonymous_1)
FN:67,(anonymous_2)
FNF:3
FNH:0
FNDA:0,(anonymous_0)
FNDA:0,(anonymous_1)
FNDA:0,(anonymous_2)
DA:1,1
DA:2,1
DA:4,1
DA:14,0
DA:50,0
DA:67,1
DA:68,0
DA:69,0
DA:70,0
DA:73,1
LF:10
LH:5
BRF:0
BRH:0
end_of_record
TN:
SF:models\Presentation.js
FN:13,(anonymous_0)
FN:51,(anonymous_1)
FN:72,(anonymous_2)
FNF:3
FNH:0
FNDA:0,(anonymous_0)
FNDA:0,(anonymous_1)
FNDA:0,(anonymous_2)
DA:1,1
DA:2,1
DA:4,1
DA:14,0
DA:52,0
DA:72,1
DA:73,0
DA:74,0
DA:75,0
DA:78,1
LF:10
LH:5
BRF:0
BRH:0
end_of_record
TN:
SF:models\PublicRoom.js
FN:21,(anonymous_0)
FN:62,(anonymous_1)
FNF:2
FNH:0
FNDA:0,(anonymous_0)
FNDA:0,(anonymous_1)
DA:1,1
DA:2,1
DA:4,1
DA:23,0
DA:30,0
DA:62,1
DA:63,0
DA:64,0
DA:65,0
DA:68,1
LF:10
LH:5
BRF:0
BRH:0
end_of_record
TN:
SF:models\RemoteScreen.js
FN:45,(anonymous_0)
FNF:1
FNH:0
FNDA:0,(anonymous_0)
DA:1,1
DA:2,1
DA:4,1
DA:45,1
DA:46,0
DA:47,0
DA:48,0
DA:51,1
LF:8
LH:5
BRF:0
BRH:0
end_of_record
TN:
SF:models\Room.js
FN:14,(anonymous_0)
FN:77,(anonymous_1)
FN:85,(anonymous_2)
FN:113,(anonymous_3)
FN:120,(anonymous_4)
FNF:5
FNH:0
FNDA:0,(anonymous_0)
FNDA:0,(anonymous_1)
FNDA:0,(anonymous_2)
FNDA:0,(anonymous_3)
FNDA:0,(anonymous_4)
DA:1,1
DA:2,1
DA:4,1
DA:15,0
DA:77,0
DA:86,0
DA:113,1
DA:114,0
DA:115,0
DA:116,0
DA:120,1
DA:121,0
DA:122,0
DA:123,0
DA:126,1
LF:15
LH:6
BRF:0
BRH:0
end_of_record
TN:
SF:models\Setlist.js
FN:13,(anonymous_0)
FN:50,(anonymous_1)
FN:81,(anonymous_2)
FNF:3
FNH:0
FNDA:0,(anonymous_0)
FNDA:0,(anonymous_1)
FNDA:0,(anonymous_2)
DA:1,1
DA:2,1
DA:4,1
DA:14,0
DA:51,0
DA:81,1
DA:82,0
DA:83,0
DA:84,0
DA:87,1
LF:10
LH:5
BRF:0
BRH:0
end_of_record
TN:
SF:models\Song.js
FN:13,(anonymous_0)
FN:32,(anonymous_1)
FN:37,(anonymous_2)
FN:39,(anonymous_3)
FN:78,(anonymous_4)
FN:90,(anonymous_5)
FN:121,(anonymous_6)
FNF:7
FNH:0
FNDA:0,(anonymous_0)
FNDA:0,(anonymous_1)
FNDA:0,(anonymous_2)
FNDA:0,(anonymous_3)
FNDA:0,(anonymous_4)
FNDA:0,(anonymous_5)
FNDA:0,(anonymous_6)
DA:1,1
DA:2,1
DA:4,1
DA:14,0
DA:33,0
DA:35,0
DA:38,0
DA:39,0
DA:40,0
DA:42,0
DA:79,0
DA:80,0
DA:91,0
DA:121,1
DA:122,0
DA:123,0
DA:124,0
DA:127,1
LF:18
LH:5
BRDA:35,0,0,0
BRDA:35,0,1,0
BRDA:38,1,0,0
BRDA:38,1,1,0
BRDA:79,2,0,0
BRDA:79,2,1,0
BRDA:80,3,0,0
BRDA:80,3,1,0
BRF:8
BRH:0
end_of_record
TN:
SF:models\SongMapping.js
FNF:0
FNH:0
DA:1,1
DA:2,1
DA:4,1
DA:64,1
LF:4
LH:4
BRF:0
BRH:0
end_of_record
TN:
SF:models\StageMonitorTheme.js
FN:13,(anonymous_0)
FN:157,(anonymous_1)
FN:175,(anonymous_2)
FN:380,(anonymous_3)
FNF:4
FNH:0
FNDA:0,(anonymous_0)
FNDA:0,(anonymous_1)
FNDA:0,(anonymous_2)
FNDA:0,(anonymous_3)
DA:1,1
DA:2,1
DA:4,1
DA:14,0
DA:158,0
DA:175,1
DA:176,0
DA:177,0
DA:178,0
DA:182,1
DA:184,1
DA:281,1
DA:283,1
DA:380,1
DA:381,0
DA:382,0
DA:383,0
DA:384,0
DA:387,0
DA:388,0
DA:389,0
DA:390,0
DA:394,1
LF:23
LH:10
BRDA:382,0,0,0
BRDA:382,0,1,0
BRDA:388,1,0,0
BRDA:388,1,1,0
BRF:4
BRH:0
end_of_record
TN:
SF:models\User.js
FN:18,(anonymous_0)
FN:77,(anonymous_1)
FN:103,(anonymous_2)
FN:109,(anonymous_3)
FN:119,(anonymous_4)
FN:127,(anonymous_5)
FNF:6
FNH:2
FNDA:2,(anonymous_0)
FNDA:0,(anonymous_1)
FNDA:2,(anonymous_2)
FNDA:0,(anonymous_3)
FNDA:0,(anonymous_4)
FNDA:0,(anonymous_5)
DA:1,1
DA:2,1
DA:3,1
DA:5,1
DA:19,2
DA:78,0
DA:104,2
DA:105,2
DA:106,2
DA:110,0
DA:111,0
DA:112,0
DA:119,1
DA:120,0
DA:121,0
DA:123,0
DA:127,1
DA:128,0
DA:129,0
DA:131,0
DA:132,0
DA:133,0
DA:134,0
DA:137,1
LF:24
LH:11
BRDA:104,0,0,2
BRDA:104,0,1,0
BRDA:104,1,0,2
BRDA:104,1,1,2
BRDA:110,2,0,0
BRDA:110,2,1,0
BRDA:110,3,0,0
BRDA:110,3,1,0
BRDA:110,3,2,0
BRDA:120,4,0,0
BRDA:120,4,1,0
BRDA:120,5,0,0
BRDA:120,5,1,0
BRF:13
BRH:3
end_of_record
TN:
SF:models\ViewerTheme.js
FN:13,(anonymous_0)
FN:29,(anonymous_1)
FN:112,(anonymous_2)
FN:130,(anonymous_3)
FN:190,(anonymous_4)
FNF:5
FNH:2
FNDA:8,(anonymous_0)
FNDA:0,(anonymous_1)
FNDA:0,(anonymous_2)
FNDA:0,(anonymous_3)
FNDA:1,(anonymous_4)
DA:1,1
DA:2,1
DA:4,1
DA:14,8
DA:30,0
DA:31,0
DA:113,0
DA:130,1
DA:131,0
DA:132,0
DA:133,0
DA:137,1
DA:139,1
DA:190,1
DA:191,1
DA:192,1
DA:193,1
DA:194,1
DA:198,1
LF:19
LH:13
BRDA:31,0,0,0
BRDA:31,0,1,0
BRDA:192,1,0,1
BRDA:192,1,1,0
BRF:4
BRH:1
end_of_record
TN:
SF:models\index.js
FNF:0
FNH:0
DA:1,1
DA:2,1
DA:3,1
DA:4,1
DA:5,1
DA:6,1
DA:7,1
DA:8,1
DA:9,1
DA:10,1
DA:11,1
DA:12,1
DA:13,1
DA:16,1
DA:17,1
DA:19,1
DA:20,1
DA:22,1
DA:23,1
DA:25,1
DA:26,1
DA:28,1
DA:32,1
DA:33,1
DA:34,1
DA:37,1
DA:40,1
DA:41,1
DA:42,1
DA:45,1
DA:46,1
DA:49,1
DA:50,1
DA:53,1
DA:54,1
DA:57,1
LF:36
LH:36
BRF:0
BRH:0
end_of_record
TN:
SF:models\mongodb-backup\BibleVerse.js
FNF:0
FNH:0
DA:1,0
DA:3,0
DA:53,0
DA:54,0
DA:56,0
DA:58,0
LF:6
LH:0
BRF:0
BRH:0
end_of_record
TN:
SF:models\mongodb-backup\Media.js
FNF:0
FNH:0
DA:1,0
DA:3,0
DA:38,0
DA:39,0
DA:41,0
LF:5
LH:0
BRF:0
BRH:0
end_of_record
TN:
SF:models\mongodb-backup\Room.js
FN:80,(anonymous_0)
FN:95,(anonymous_1)
FNF:2
FNH:0
FNDA:0,(anonymous_0)
FNDA:0,(anonymous_1)
DA:1,0
DA:3,0
DA:81,0
DA:87,0
DA:89,0
DA:90,0
DA:91,0
DA:92,0
DA:95,0
DA:96,0
DA:97,0
DA:98,0
DA:101,0
LF:13
LH:0
BRF:0
BRH:0
end_of_record
TN:
SF:models\mongodb-backup\Setlist.js
FN:12,(anonymous_0)
FN:19,(anonymous_1)
FN:36,(anonymous_2)
FN:87,(anonymous_3)
FNF:4
FNH:0
FNDA:0,(anonymous_0)
FNDA:0,(anonymous_1)
FNDA:0,(anonymous_2)
FNDA:0,(anonymous_3)
DA:1,0
DA:3,0
DA:13,0
DA:20,0
DA:37,0
DA:46,0
DA:87,0
DA:88,0
DA:89,0
DA:93,0
DA:94,0
DA:95,0
DA:96,0
DA:97,0
DA:99,0
LF:15
LH:0
BRF:0
BRH:0
end_of_record
TN:
SF:models\mongodb-backup\Song.js
FN:86,(anonymous_0)
FNF:1
FNH:0
FNDA:0,(anonymous_0)
DA:1,0
DA:3,0
DA:26,0
DA:86,0
DA:87,0
DA:88,0
DA:92,0
DA:93,0
DA:94,0
DA:95,0
DA:96,0
DA:97,0
DA:98,0
DA:99,0
DA:101,0
LF:15
LH:0
BRF:0
BRH:0
end_of_record
TN:
SF:models\mongodb-backup\User.js
FN:14,(anonymous_0)
FN:62,(anonymous_1)
FN:77,(anonymous_2)
FNF:3
FNH:0
FNDA:0,(anonymous_0)
FNDA:0,(anonymous_1)
FNDA:0,(anonymous_2)
DA:1,0
DA:2,0
DA:4,0
DA:15,0
DA:62,0
DA:63,0
DA:64,0
DA:67,0
DA:68,0
DA:69,0
DA:70,0
DA:72,0
DA:77,0
DA:78,0
DA:79,0
DA:81,0
DA:85,0
DA:86,0
DA:88,0
LF:19
LH:0
BRDA:63,0,0,0
BRDA:63,0,1,0
BRDA:63,1,0,0
BRDA:63,1,1,0
BRDA:78,2,0,0
BRDA:78,2,1,0
BRF:6
BRH:0
end_of_record
TN:
SF:routes\admin.js
FN:8,(anonymous_0)
FN:28,(anonymous_1)
FN:51,(anonymous_2)
FN:70,(anonymous_3)
FN:100,(anonymous_4)
FN:115,(anonymous_5)
FN:147,(anonymous_6)
FNF:7
FNH:0
FNDA:0,(anonymous_0)
FNDA:0,(anonymous_1)
FNDA:0,(anonymous_2)
FNDA:0,(anonymous_3)
FNDA:0,(anonymous_4)
FNDA:0,(anonymous_5)
FNDA:0,(anonymous_6)
DA:1,0
DA:2,0
DA:3,0
DA:4,0
DA:5,0
DA:8,0
DA:9,0
DA:10,0
DA:20,0
DA:22,0
DA:23,0
DA:28,0
DA:29,0
DA:30,0
DA:32,0
DA:33,0
DA:36,0
DA:37,0
DA:38,0
DA:39,0
DA:41,0
DA:43,0
DA:45,0
DA:46,0
DA:51,0
DA:52,0
DA:53,0
DA:55,0
DA:56,0
DA:59,0
DA:60,0
DA:62,0
DA:64,0
DA:65,0
DA:70,0
DA:71,0
DA:72,0
DA:74,0
DA:75,0
DA:78,0
DA:90,0
DA:92,0
DA:93,0
DA:100,0
DA:101,0
DA:102,0
DA:107,0
DA:109,0
DA:110,0
DA:115,0
DA:116,0
DA:117,0
DA:119,0
DA:120,0
DA:124,0
DA:125,0
DA:129,0
DA:130,0
DA:132,0
DA:141,0
DA:142,0
DA:147,0
DA:148,0
DA:149,0
DA:151,0
DA:152,0
DA:156,0
DA:157,0
DA:160,0
DA:162,0
DA:164,0
DA:165,0
DA:169,0
LF:73
LH:0
BRDA:32,0,0,0
BRDA:32,0,1,0
BRDA:55,1,0,0
BRDA:55,1,1,0
BRDA:74,2,0,0
BRDA:74,2,1,0
BRDA:74,3,0,0
BRDA:74,3,1,0
BRDA:74,3,2,0
BRDA:74,3,3,0
BRDA:82,4,0,0
BRDA:82,4,1,0
BRDA:119,5,0,0
BRDA:119,5,1,0
BRDA:124,6,0,0
BRDA:124,6,1,0
BRDA:129,7,0,0
BRDA:129,7,1,0
BRDA:138,8,0,0
BRDA:138,8,1,0
BRDA:151,9,0,0
BRDA:151,9,1,0
BRDA:156,10,0,0
BRDA:156,10,1,0
BRF:24
BRH:0
end_of_record
TN:
SF:routes\auth.js
FN:18,(anonymous_0)
FN:28,(anonymous_1)
FN:31,(anonymous_2)
FN:36,(anonymous_3)
FN:101,(anonymous_4)
FN:103,(anonymous_5)
FN:146,(anonymous_6)
FN:155,(anonymous_7)
FN:198,(anonymous_8)
FN:235,(anonymous_9)
FN:273,(anonymous_10)
FN:310,(anonymous_11)
FN:356,(anonymous_12)
FNF:13
FNH:2
FNDA:2,(anonymous_0)
FNDA:0,(anonymous_1)
FNDA:0,(anonymous_2)
FNDA:0,(anonymous_3)
FNDA:2,(anonymous_4)
FNDA:0,(anonymous_5)
FNDA:0,(anonymous_6)
FNDA:0,(anonymous_7)
FNDA:0,(anonymous_8)
FNDA:0,(anonymous_9)
FNDA:0,(anonymous_10)
FNDA:0,(anonymous_11)
FNDA:0,(anonymous_12)
DA:1,1
DA:2,1
DA:3,1
DA:4,1
DA:5,1
DA:6,1
DA:7,1
DA:8,1
DA:12,1
DA:18,2
DA:22,1
DA:28,0
DA:31,1
DA:32,0
DA:36,1
DA:37,0
DA:38,0
DA:41,0
DA:42,0
DA:45,0
DA:46,0
DA:50,0
DA:51,0
DA:52,0
DA:56,0
DA:57,0
DA:60,0
DA:65,0
DA:76,0
DA:77,0
DA:79,0
DA:83,0
DA:95,0
DA:96,0
DA:101,1
DA:102,2
DA:103,2
DA:104,0
DA:105,0
DA:108,0
DA:109,0
DA:113,0
DA:114,0
DA:121,0
DA:123,0
DA:138,1
DA:144,1
DA:147,0
DA:150,0
DA:155,1
DA:156,0
DA:157,0
DA:160,0
DA:167,0
DA:168,0
DA:172,0
DA:173,0
DA:174,0
DA:175,0
DA:178,0
DA:180,0
DA:192,0
DA:193,0
DA:198,1
DA:199,0
DA:200,0
DA:202,0
DA:203,0
DA:206,0
DA:208,0
DA:209,0
DA:212,0
DA:213,0
DA:217,0
DA:218,0
DA:220,0
DA:221,0
DA:222,0
DA:225,0
DA:227,0
DA:229,0
DA:230,0
DA:235,1
DA:236,0
DA:237,0
DA:238,0
DA:240,0
DA:241,0
DA:244,0
DA:245,0
DA:249,0
DA:250,0
DA:254,0
DA:268,0
DA:273,1
DA:274,0
DA:275,0
DA:276,0
DA:278,0
DA:279,0
DA:282,0
DA:283,0
DA:285,0
DA:286,0
DA:289,0
DA:292,0
DA:297,0
DA:299,0
DA:304,0
DA:305,0
DA:310,1
DA:311,0
DA:312,0
DA:314,0
DA:315,0
DA:318,0
DA:321,0
DA:323,0
DA:324,0
DA:328,0
DA:329,0
DA:333,0
DA:334,0
DA:336,0
DA:337,0
DA:338,0
DA:341,0
DA:342,0
DA:344,0
DA:348,0
DA:350,0
DA:351,0
DA:356,1
DA:357,0
DA:358,0
DA:360,0
DA:361,0
DA:364,0
DA:365,0
DA:369,0
DA:376,0
DA:377,0
DA:381,0
DA:382,0
DA:383,0
DA:384,0
DA:387,0
DA:389,0
DA:402,0
DA:403,0
DA:407,1
LF:151
LH:25
BRDA:12,0,0,0
BRDA:12,0,1,1
BRDA:22,1,0,0
BRDA:22,1,1,1
BRDA:41,2,0,0
BRDA:41,2,1,0
BRDA:41,3,0,0
BRDA:41,3,1,0
BRDA:45,4,0,0
BRDA:45,4,1,0
BRDA:51,5,0,0
BRDA:51,5,1,0
BRDA:61,6,0,0
BRDA:61,6,1,0
BRDA:104,7,0,0
BRDA:104,7,1,0
BRDA:108,8,0,0
BRDA:108,8,1,0
BRDA:109,9,0,0
BRDA:109,9,1,0
BRDA:113,10,0,0
BRDA:113,10,1,0
BRDA:167,11,0,0
BRDA:167,11,1,0
BRDA:202,12,0,0
BRDA:202,12,1,0
BRDA:208,13,0,0
BRDA:208,13,1,0
BRDA:212,14,0,0
BRDA:212,14,1,0
BRDA:238,15,0,0
BRDA:238,15,1,0
BRDA:240,16,0,0
BRDA:240,16,1,0
BRDA:249,17,0,0
BRDA:249,17,1,0
BRDA:276,18,0,0
BRDA:276,18,1,0
BRDA:278,19,0,0
BRDA:278,19,1,0
BRDA:285,20,0,0
BRDA:285,20,1,0
BRDA:294,21,0,0
BRDA:294,21,1,0
BRDA:314,22,0,0
BRDA:314,22,1,0
BRDA:323,23,0,0
BRDA:323,23,1,0
BRDA:328,24,0,0
BRDA:328,24,1,0
BRDA:360,25,0,0
BRDA:360,25,1,0
BRDA:360,26,0,0
BRDA:360,26,1,0
BRDA:364,27,0,0
BRDA:364,27,1,0
BRDA:376,28,0,0
BRDA:376,28,1,0
BRF:58
BRH:2
end_of_record
TN:
SF:routes\bible.js
FN:8,toHebrewNumeral
FN:114,(anonymous_1)
FN:115,(anonymous_2)
FN:123,(anonymous_3)
FN:138,(anonymous_4)
FN:167,(anonymous_5)
FNF:6
FNH:0
FNDA:0,toHebrewNumeral
FNDA:0,(anonymous_1)
FNDA:0,(anonymous_2)
FNDA:0,(anonymous_3)
FNDA:0,(anonymous_4)
FNDA:0,(anonymous_5)
DA:1,0
DA:2,0
DA:3,0
DA:4,0
DA:5,0
DA:9,0
DA:15,0
DA:18,0
DA:19,0
DA:21,0
DA:22,0
DA:23,0
DA:25,0
DA:26,0
DA:27,0
DA:28,0
DA:31,0
DA:32,0
DA:33,0
DA:34,0
DA:37,0
DA:41,0
DA:114,0
DA:115,0
DA:119,0
DA:123,0
DA:124,0
DA:125,0
DA:127,0
DA:128,0
DA:131,0
DA:138,0
DA:139,0
DA:140,0
DA:141,0
DA:143,0
DA:144,0
DA:147,0
DA:148,0
DA:149,0
DA:153,0
DA:162,0
DA:163,0
DA:167,0
DA:175,0
DA:184,0
DA:185,0
DA:189,0
LF:48
LH:0
BRDA:15,0,0,0
BRDA:15,0,1,0
BRDA:15,1,0,0
BRDA:15,1,1,0
BRDA:18,2,0,0
BRDA:18,2,1,0
BRDA:19,3,0,0
BRDA:19,3,1,0
BRDA:26,4,0,0
BRDA:26,4,1,0
BRDA:27,5,0,0
BRDA:27,5,1,0
BRDA:28,6,0,0
BRDA:28,6,1,0
BRDA:31,7,0,0
BRDA:31,7,1,0
BRDA:33,8,0,0
BRDA:33,8,1,0
BRDA:127,9,0,0
BRDA:127,9,1,0
BRDA:143,10,0,0
BRDA:143,10,1,0
BRDA:148,11,0,0
BRDA:148,11,1,0
BRDA:148,12,0,0
BRDA:148,12,1,0
BRDA:148,12,2,0
BRDA:162,13,0,0
BRDA:162,13,1,0
BRDA:169,14,0,0
BRDA:169,14,1,0
BRDA:170,15,0,0
BRDA:170,15,1,0
BRF:33
BRH:0
end_of_record
TN:
SF:routes\media.js
FN:23,(anonymous_0)
FN:57,getUserUploadUsage
FN:67,(anonymous_2)
FN:78,processImage
FN:114,(anonymous_4)
FN:141,(anonymous_5)
FN:166,(anonymous_6)
FN:200,(anonymous_7)
FN:250,(anonymous_8)
FN:259,(anonymous_9)
FN:284,(anonymous_10)
FN:299,(anonymous_11)
FN:314,(anonymous_12)
FNF:13
FNH:0
FNDA:0,(anonymous_0)
FNDA:0,getUserUploadUsage
FNDA:0,(anonymous_2)
FNDA:0,processImage
FNDA:0,(anonymous_4)
FNDA:0,(anonymous_5)
FNDA:0,(anonymous_6)
FNDA:0,(anonymous_7)
FNDA:0,(anonymous_8)
FNDA:0,(anonymous_9)
FNDA:0,(anonymous_10)
FNDA:0,(anonymous_11)
FNDA:0,(anonymous_12)
DA:1,0
DA:2,0
DA:3,0
DA:4,0
DA:5,0
DA:6,0
DA:7,0
DA:8,0
DA:9,0
DA:12,0
DA:13,0
DA:14,0
DA:18,0
DA:25,0
DA:26,0
DA:27,0
DA:29,0
DA:30,0
DA:32,0
DA:38,0
DA:39,0
DA:40,0
DA:43,0
DA:58,0
DA:66,0
DA:67,0
DA:69,0
DA:79,0
DA:80,0
DA:81,0
DA:84,0
DA:87,0
DA:90,0
DA:91,0
DA:98,0
DA:103,0
DA:105,0
DA:114,0
DA:115,0
DA:116,0
DA:117,0
DA:118,0
DA:120,0
DA:135,0
DA:136,0
DA:141,0
DA:142,0
DA:143,0
DA:158,0
DA:160,0
DA:161,0
DA:166,0
DA:167,0
DA:169,0
DA:170,0
DA:171,0
DA:175,0
DA:176,0
DA:177,0
DA:179,0
DA:180,0
DA:190,0
DA:193,0
DA:194,0
DA:195,0
DA:198,0
DA:200,0
DA:201,0
DA:202,0
DA:203,0
DA:214,0
DA:216,0
DA:227,0
DA:232,0
DA:247,0
DA:249,0
DA:250,0
DA:251,0
DA:254,0
DA:259,0
DA:260,0
DA:261,0
DA:263,0
DA:264,0
DA:267,0
DA:276,0
DA:278,0
DA:279,0
DA:284,0
DA:285,0
DA:286,0
DA:288,0
DA:289,0
DA:292,0
DA:293,0
DA:297,0
DA:298,0
DA:299,0
DA:300,0
DA:304,0
DA:306,0
DA:308,0
DA:309,0
DA:314,0
DA:315,0
DA:316,0
DA:318,0
DA:319,0
DA:322,0
DA:323,0
DA:325,0
DA:327,0
DA:328,0
DA:332,0
LF:114
LH:0
BRDA:13,0,0,0
BRDA:13,0,1,0
BRDA:29,1,0,0
BRDA:29,1,1,0
BRDA:29,2,0,0
BRDA:29,2,1,0
BRDA:67,3,0,0
BRDA:67,3,1,0
BRDA:90,4,0,0
BRDA:90,4,1,0
BRDA:90,5,0,0
BRDA:90,5,1,0
BRDA:117,6,0,0
BRDA:117,6,1,0
BRDA:170,7,0,0
BRDA:170,7,1,0
BRDA:176,8,0,0
BRDA:176,8,1,0
BRDA:179,9,0,0
BRDA:179,9,1,0
BRDA:198,10,0,0
BRDA:198,10,1,0
BRDA:217,11,0,0
BRDA:217,11,1,0
BRDA:249,12,0,0
BRDA:249,12,1,0
BRDA:249,13,0,0
BRDA:249,13,1,0
BRDA:251,14,0,0
BRDA:251,14,1,0
BRDA:263,15,0,0
BRDA:263,15,1,0
BRDA:263,16,0,0
BRDA:263,16,1,0
BRDA:263,16,2,0
BRDA:271,17,0,0
BRDA:271,17,1,0
BRDA:288,18,0,0
BRDA:288,18,1,0
BRDA:292,19,0,0
BRDA:292,19,1,0
BRDA:297,20,0,0
BRDA:297,20,1,0
BRDA:300,21,0,0
BRDA:300,21,1,0
BRDA:318,22,0,0
BRDA:318,22,1,0
BRF:47
BRH:0
end_of_record
TN:
SF:routes\presentations.js
FN:8,(anonymous_0)
FN:39,(anonymous_1)
FN:65,(anonymous_2)
FN:67,(anonymous_3)
FN:69,(anonymous_4)
FN:80,(anonymous_5)
FN:107,(anonymous_6)
FN:132,(anonymous_7)
FN:179,(anonymous_8)
FNF:9
FNH:0
FNDA:0,(anonymous_0)
FNDA:0,(anonymous_1)
FNDA:0,(anonymous_2)
FNDA:0,(anonymous_3)
FNDA:0,(anonymous_4)
FNDA:0,(anonymous_5)
FNDA:0,(anonymous_6)
FNDA:0,(anonymous_7)
FNDA:0,(anonymous_8)
DA:1,0
DA:2,0
DA:3,0
DA:4,0
DA:5,0
DA:8,0
DA:9,0
DA:10,0
DA:27,0
DA:28,0
DA:29,0
DA:31,0
DA:33,0
DA:34,0
DA:39,0
DA:40,0
DA:41,0
DA:43,0
DA:50,0
DA:61,0
DA:63,0
DA:64,0
DA:65,0
DA:66,0
DA:67,0
DA:69,0
DA:72,0
DA:74,0
DA:75,0
DA:80,0
DA:81,0
DA:82,0
DA:90,0
DA:91,0
DA:95,0
DA:96,0
DA:99,0
DA:101,0
DA:102,0
DA:107,0
DA:108,0
DA:109,0
DA:111,0
DA:112,0
DA:115,0
DA:124,0
DA:126,0
DA:127,0
DA:132,0
DA:133,0
DA:134,0
DA:136,0
DA:137,0
DA:141,0
DA:142,0
DA:143,0
DA:144,0
DA:148,0
DA:150,0
DA:151,0
DA:153,0
DA:154,0
DA:156,0
DA:157,0
DA:159,0
DA:160,0
DA:164,0
DA:165,0
DA:166,0
DA:169,0
DA:171,0
DA:173,0
DA:174,0
DA:179,0
DA:180,0
DA:181,0
DA:183,0
DA:184,0
DA:188,0
DA:189,0
DA:190,0
DA:193,0
DA:195,0
DA:197,0
DA:198,0
DA:202,0
LF:86
LH:0
BRDA:63,0,0,0
BRDA:63,0,1,0
BRDA:90,1,0,0
BRDA:90,1,1,0
BRDA:95,2,0,0
BRDA:95,2,1,0
BRDA:95,3,0,0
BRDA:95,3,1,0
BRDA:95,3,2,0
BRDA:111,4,0,0
BRDA:111,4,1,0
BRDA:117,5,0,0
BRDA:117,5,1,0
BRDA:118,6,0,0
BRDA:118,6,1,0
BRDA:119,7,0,0
BRDA:119,7,1,0
BRDA:136,8,0,0
BRDA:136,8,1,0
BRDA:141,9,0,0
BRDA:141,9,1,0
BRDA:141,10,0,0
BRDA:141,10,1,0
BRDA:143,11,0,0
BRDA:143,11,1,0
BRDA:150,12,0,0
BRDA:150,12,1,0
BRDA:153,13,0,0
BRDA:153,13,1,0
BRDA:156,14,0,0
BRDA:156,14,1,0
BRDA:159,15,0,0
BRDA:159,15,1,0
BRDA:165,16,0,0
BRDA:165,16,1,0
BRDA:165,17,0,0
BRDA:165,17,1,0
BRDA:183,18,0,0
BRDA:183,18,1,0
BRDA:189,19,0,0
BRDA:189,19,1,0
BRDA:189,20,0,0
BRDA:189,20,1,0
BRDA:189,20,2,0
BRF:44
BRH:0
end_of_record
TN:
SF:routes\publicRooms.js
FN:8,(anonymous_0)
FN:28,(anonymous_1)
FN:70,(anonymous_2)
FN:93,(anonymous_3)
FN:134,(anonymous_4)
FN:150,(anonymous_5)
FNF:6
FNH:0
FNDA:0,(anonymous_0)
FNDA:0,(anonymous_1)
FNDA:0,(anonymous_2)
FNDA:0,(anonymous_3)
FNDA:0,(anonymous_4)
FNDA:0,(anonymous_5)
DA:1,0
DA:2,0
DA:3,0
DA:4,0
DA:5,0
DA:8,0
DA:9,0
DA:10,0
DA:20,0
DA:22,0
DA:23,0
DA:28,0
DA:29,0
DA:30,0
DA:32,0
DA:33,0
DA:37,0
DA:46,0
DA:47,0
DA:51,0
DA:52,0
DA:53,0
DA:56,0
DA:62,0
DA:64,0
DA:65,0
DA:70,0
DA:71,0
DA:72,0
DA:74,0
DA:75,0
DA:78,0
DA:79,0
DA:82,0
DA:84,0
DA:86,0
DA:87,0
DA:93,0
DA:94,0
DA:95,0
DA:97,0
DA:98,0
DA:101,0
DA:103,0
DA:112,0
DA:113,0
DA:116,0
DA:134,0
DA:142,0
DA:144,0
DA:145,0
DA:150,0
DA:151,0
DA:152,0
DA:154,0
DA:163,0
DA:164,0
DA:167,0
DA:168,0
DA:174,0
DA:186,0
DA:187,0
DA:191,0
LF:63
LH:0
BRDA:32,0,0,0
BRDA:32,0,1,0
BRDA:32,1,0,0
BRDA:32,1,1,0
BRDA:46,2,0,0
BRDA:46,2,1,0
BRDA:52,3,0,0
BRDA:52,3,1,0
BRDA:74,4,0,0
BRDA:74,4,1,0
BRDA:78,5,0,0
BRDA:78,5,1,0
BRDA:97,6,0,0
BRDA:97,6,1,0
BRDA:97,7,0,0
BRDA:97,7,1,0
BRDA:112,8,0,0
BRDA:112,8,1,0
BRDA:113,9,0,0
BRDA:113,9,1,0
BRDA:138,10,0,0
BRDA:138,10,1,0
BRDA:139,11,0,0
BRDA:139,11,1,0
BRDA:163,12,0,0
BRDA:163,12,1,0
BRDA:167,13,0,0
BRDA:167,13,1,0
BRDA:167,14,0,0
BRDA:167,14,1,0
BRF:30
BRH:0
end_of_record
TN:
SF:routes\quickSlide.js
FN:30,(anonymous_0)
FN:77,(anonymous_1)
FN:114,(anonymous_2)
FN:142,(anonymous_3)
FNF:4
FNH:0
FNDA:0,(anonymous_0)
FNDA:0,(anonymous_1)
FNDA:0,(anonymous_2)
FNDA:0,(anonymous_3)
DA:7,0
DA:8,0
DA:9,0
DA:10,0
DA:30,0
DA:31,0
DA:32,0
DA:34,0
DA:35,0
DA:39,0
DA:40,0
DA:50,0
DA:53,0
DA:55,0
DA:67,0
DA:68,0
DA:77,0
DA:78,0
DA:79,0
DA:81,0
DA:82,0
DA:85,0
DA:86,0
DA:94,0
DA:96,0
DA:104,0
DA:105,0
DA:114,0
DA:115,0
DA:116,0
DA:118,0
DA:119,0
DA:122,0
DA:124,0
DA:132,0
DA:133,0
DA:142,0
DA:143,0
DA:144,0
DA:147,0
LF:40
LH:0
BRDA:34,0,0,0
BRDA:34,0,1,0
BRDA:34,1,0,0
BRDA:34,1,1,0
BRDA:39,2,0,0
BRDA:39,2,1,0
BRDA:58,3,0,0
BRDA:58,3,1,0
BRDA:59,4,0,0
BRDA:59,4,1,0
BRDA:63,5,0,0
BRDA:63,5,1,0
BRDA:81,6,0,0
BRDA:81,6,1,0
BRDA:81,7,0,0
BRDA:81,7,1,0
BRDA:85,8,0,0
BRDA:85,8,1,0
BRDA:118,9,0,0
BRDA:118,9,1,0
BRDA:118,10,0,0
BRDA:118,10,1,0
BRDA:128,11,0,0
BRDA:128,11,1,0
BRF:24
BRH:0
end_of_record
TN:
SF:routes\remoteScreens.js
FN:9,(anonymous_0)
FN:24,(anonymous_1)
FN:44,(anonymous_2)
FN:78,(anonymous_3)
FN:121,(anonymous_4)
FNF:5
FNH:0
FNDA:0,(anonymous_0)
FNDA:0,(anonymous_1)
FNDA:0,(anonymous_2)
FNDA:0,(anonymous_3)
FNDA:0,(anonymous_4)
DA:1,0
DA:2,0
DA:3,0
DA:4,0
DA:6,0
DA:9,0
DA:10,0
DA:11,0
DA:16,0
DA:18,0
DA:19,0
DA:24,0
DA:25,0
DA:26,0
DA:28,0
DA:29,0
DA:32,0
DA:33,0
DA:36,0
DA:38,0
DA:39,0
DA:44,0
DA:45,0
DA:47,0
DA:48,0
DA:49,0
DA:52,0
DA:54,0
DA:55,0
DA:58,0
DA:59,0
DA:60,0
DA:63,0
DA:70,0
DA:72,0
DA:73,0
DA:78,0
DA:79,0
DA:80,0
DA:82,0
DA:83,0
DA:86,0
DA:87,0
DA:90,0
DA:92,0
DA:93,0
DA:94,0
DA:96,0
DA:99,0
DA:100,0
DA:101,0
DA:102,0
DA:104,0
DA:107,0
DA:108,0
DA:111,0
DA:113,0
DA:115,0
DA:116,0
DA:121,0
DA:122,0
DA:123,0
DA:125,0
DA:126,0
DA:129,0
DA:130,0
DA:133,0
DA:135,0
DA:137,0
DA:138,0
DA:142,0
LF:71
LH:0
BRDA:28,0,0,0
BRDA:28,0,1,0
BRDA:32,1,0,0
BRDA:32,1,1,0
BRDA:48,2,0,0
BRDA:48,2,1,0
BRDA:54,3,0,0
BRDA:54,3,1,0
BRDA:54,4,0,0
BRDA:54,4,1,0
BRDA:59,5,0,0
BRDA:59,5,1,0
BRDA:59,6,0,0
BRDA:59,6,1,0
BRDA:66,7,0,0
BRDA:66,7,1,0
BRDA:67,8,0,0
BRDA:67,8,1,0
BRDA:82,9,0,0
BRDA:82,9,1,0
BRDA:86,10,0,0
BRDA:86,10,1,0
BRDA:92,11,0,0
BRDA:92,11,1,0
BRDA:93,12,0,0
BRDA:93,12,1,0
BRDA:99,13,0,0
BRDA:99,13,1,0
BRDA:101,14,0,0
BRDA:101,14,1,0
BRDA:107,15,0,0
BRDA:107,15,1,0
BRDA:125,16,0,0
BRDA:125,16,1,0
BRDA:129,17,0,0
BRDA:129,17,1,0
BRF:36
BRH:0
end_of_record
TN:
SF:routes\rooms.js
FN:8,populateSetlistItems
FN:11,(anonymous_1)
FN:37,(anonymous_2)
FN:152,(anonymous_3)
FN:179,(anonymous_4)
FN:207,(anonymous_5)
FN:256,(anonymous_6)
FN:309,(anonymous_7)
FN:339,(anonymous_8)
FN:377,(anonymous_9)
FN:401,(anonymous_10)
FN:460,(anonymous_11)
FNF:12
FNH:0
FNDA:0,populateSetlistItems
FNDA:0,(anonymous_1)
FNDA:0,(anonymous_2)
FNDA:0,(anonymous_3)
FNDA:0,(anonymous_4)
FNDA:0,(anonymous_5)
FNDA:0,(anonymous_6)
FNDA:0,(anonymous_7)
FNDA:0,(anonymous_8)
FNDA:0,(anonymous_9)
FNDA:0,(anonymous_10)
FNDA:0,(anonymous_11)
DA:1,0
DA:2,0
DA:3,0
DA:4,0
DA:5,0
DA:9,0
DA:11,0
DA:12,0
DA:14,0
DA:15,0
DA:16,0
DA:17,0
DA:19,0
DA:21,0
DA:22,0
DA:23,0
DA:24,0
DA:27,0
DA:30,0
DA:37,0
DA:38,0
DA:39,0
DA:42,0
DA:53,0
DA:55,0
DA:56,0
DA:64,0
DA:65,0
DA:68,0
DA:76,0
DA:79,0
DA:80,0
DA:81,0
DA:83,0
DA:84,0
DA:85,0
DA:88,0
DA:92,0
DA:95,0
DA:103,0
DA:111,0
DA:112,0
DA:115,0
DA:122,0
DA:128,0
DA:129,0
DA:132,0
DA:133,0
DA:134,0
DA:139,0
DA:140,0
DA:141,0
DA:144,0
DA:146,0
DA:147,0
DA:152,0
DA:153,0
DA:154,0
DA:167,0
DA:168,0
DA:171,0
DA:173,0
DA:174,0
DA:179,0
DA:180,0
DA:181,0
DA:195,0
DA:196,0
DA:199,0
DA:201,0
DA:202,0
DA:207,0
DA:208,0
DA:209,0
DA:216,0
DA:217,0
DA:220,0
DA:221,0
DA:224,0
DA:227,0
DA:228,0
DA:229,0
DA:232,0
DA:234,0
DA:237,0
DA:238,0
DA:241,0
DA:242,0
DA:245,0
DA:247,0
DA:250,0
DA:251,0
DA:256,0
DA:257,0
DA:258,0
DA:264,0
DA:265,0
DA:268,0
DA:269,0
DA:272,0
DA:273,0
DA:276,0
DA:277,0
DA:278,0
DA:282,0
DA:291,0
DA:292,0
DA:294,0
DA:303,0
DA:304,0
DA:309,0
DA:310,0
DA:311,0
DA:313,0
DA:314,0
DA:317,0
DA:318,0
DA:321,0
DA:322,0
DA:323,0
DA:327,0
DA:329,0
DA:330,0
DA:334,0
DA:335,0
DA:339,0
DA:340,0
DA:341,0
DA:342,0
DA:343,0
DA:344,0
DA:345,0
DA:346,0
DA:348,0
DA:349,0
DA:350,0
DA:351,0
DA:352,0
DA:354,0
DA:357,0
DA:367,0
DA:369,0
DA:371,0
DA:372,0
DA:377,0
DA:378,0
DA:379,0
DA:381,0
DA:382,0
DA:385,0
DA:386,0
DA:390,0
DA:391,0
DA:393,0
DA:395,0
DA:396,0
DA:401,0
DA:402,0
DA:403,0
DA:405,0
DA:406,0
DA:409,0
DA:410,0
DA:413,0
DA:416,0
DA:417,0
DA:418,0
DA:419,0
DA:425,0
DA:428,0
DA:434,0
DA:435,0
DA:439,0
DA:440,0
DA:443,0
DA:444,0
DA:446,0
DA:451,0
DA:454,0
DA:455,0
DA:460,0
DA:461,0
DA:462,0
DA:464,0
DA:465,0
DA:468,0
DA:469,0
DA:473,0
DA:474,0
DA:480,0
DA:481,0
DA:482,0
DA:487,0
DA:488,0
DA:491,0
DA:497,0
DA:502,0
DA:504,0
DA:505,0
DA:509,0
LF:200
LH:0
BRDA:9,0,0,0
BRDA:9,0,1,0
BRDA:9,1,0,0
BRDA:9,1,1,0
BRDA:12,2,0,0
BRDA:12,2,1,0
BRDA:14,3,0,0
BRDA:14,3,1,0
BRDA:15,4,0,0
BRDA:15,4,1,0
BRDA:19,5,0,0
BRDA:19,5,1,0
BRDA:21,6,0,0
BRDA:21,6,1,0
BRDA:22,7,0,0
BRDA:22,7,1,0
BRDA:39,8,0,0
BRDA:39,8,1,0
BRDA:53,9,0,0
BRDA:53,9,1,0
BRDA:55,10,0,0
BRDA:55,10,1,0
BRDA:80,11,0,0
BRDA:80,11,1,0
BRDA:83,12,0,0
BRDA:83,12,1,0
BRDA:128,13,0,0
BRDA:128,13,1,0
BRDA:132,14,0,0
BRDA:132,14,1,0
BRDA:140,15,0,0
BRDA:140,15,1,0
BRDA:167,16,0,0
BRDA:167,16,1,0
BRDA:195,17,0,0
BRDA:195,17,1,0
BRDA:216,18,0,0
BRDA:216,18,1,0
BRDA:220,19,0,0
BRDA:220,19,1,0
BRDA:227,20,0,0
BRDA:227,20,1,0
BRDA:237,21,0,0
BRDA:237,21,1,0
BRDA:264,22,0,0
BRDA:264,22,1,0
BRDA:268,23,0,0
BRDA:268,23,1,0
BRDA:272,24,0,0
BRDA:272,24,1,0
BRDA:277,25,0,0
BRDA:277,25,1,0
BRDA:277,26,0,0
BRDA:277,26,1,0
BRDA:313,27,0,0
BRDA:313,27,1,0
BRDA:317,28,0,0
BRDA:317,28,1,0
BRDA:322,29,0,0
BRDA:322,29,1,0
BRDA:329,30,0,0
BRDA:329,30,1,0
BRDA:340,31,0,0
BRDA:340,31,1,0
BRDA:340,32,0,0
BRDA:340,32,1,0
BRDA:343,33,0,0
BRDA:343,33,1,0
BRDA:343,34,0,0
BRDA:343,34,1,0
BRDA:346,35,0,0
BRDA:346,35,1,0
BRDA:348,36,0,0
BRDA:348,36,1,0
BRDA:349,37,0,0
BRDA:349,37,1,0
BRDA:351,38,0,0
BRDA:351,38,1,0
BRDA:381,39,0,0
BRDA:381,39,1,0
BRDA:385,40,0,0
BRDA:385,40,1,0
BRDA:405,41,0,0
BRDA:405,41,1,0
BRDA:409,42,0,0
BRDA:409,42,1,0
BRDA:417,43,0,0
BRDA:417,43,1,0
BRDA:434,44,0,0
BRDA:434,44,1,0
BRDA:439,45,0,0
BRDA:439,45,1,0
BRDA:464,46,0,0
BRDA:464,46,1,0
BRDA:468,47,0,0
BRDA:468,47,1,0
BRDA:473,48,0,0
BRDA:473,48,1,0
BRDA:481,49,0,0
BRDA:481,49,1,0
BRF:100
BRH:0
end_of_record
TN:
SF:routes\screenAccess.js
FN:7,(anonymous_0)
FNF:1
FNH:0
FNDA:0,(anonymous_0)
DA:1,0
DA:2,0
DA:3,0
DA:7,0
DA:8,0
DA:9,0
DA:12,0
DA:16,0
DA:17,0
DA:21,0
DA:27,0
DA:28,0
DA:30,0
DA:31,0
DA:33,0
DA:36,0
DA:50,0
DA:51,0
DA:55,0
LF:19
LH:0
BRDA:16,0,0,0
BRDA:16,0,1,0
BRDA:28,1,0,0
BRDA:28,1,1,0
BRDA:28,2,0,0
BRDA:28,2,1,0
BRDA:31,3,0,0
BRDA:31,3,1,0
BRDA:31,4,0,0
BRDA:31,4,1,0
BRDA:43,5,0,0
BRDA:43,5,1,0
BRF:12
BRH:0
end_of_record
TN:
SF:routes\setlists.js
FN:9,(anonymous_0)
FN:27,(anonymous_1)
FN:41,(anonymous_2)
FN:66,(anonymous_3)
FN:78,(anonymous_4)
FN:103,(anonymous_5)
FN:125,(anonymous_6)
FN:154,(anonymous_7)
FN:176,(anonymous_8)
FN:205,(anonymous_9)
FNF:10
FNH:0
FNDA:0,(anonymous_0)
FNDA:0,(anonymous_1)
FNDA:0,(anonymous_2)
FNDA:0,(anonymous_3)
FNDA:0,(anonymous_4)
FNDA:0,(anonymous_5)
FNDA:0,(anonymous_6)
FNDA:0,(anonymous_7)
FNDA:0,(anonymous_8)
FNDA:0,(anonymous_9)
DA:1,0
DA:2,0
DA:3,0
DA:4,0
DA:5,0
DA:6,0
DA:9,0
DA:10,0
DA:11,0
DA:19,0
DA:21,0
DA:22,0
DA:27,0
DA:28,0
DA:29,0
DA:31,0
DA:32,0
DA:35,0
DA:36,0
DA:40,0
DA:42,0
DA:43,0
DA:44,0
DA:45,0
DA:46,0
DA:47,0
DA:49,0
DA:53,0
DA:58,0
DA:60,0
DA:61,0
DA:66,0
DA:67,0
DA:68,0
DA:72,0
DA:73,0
DA:77,0
DA:79,0
DA:80,0
DA:81,0
DA:82,0
DA:83,0
DA:84,0
DA:86,0
DA:90,0
DA:95,0
DA:97,0
DA:98,0
DA:103,0
DA:104,0
DA:105,0
DA:107,0
DA:108,0
DA:111,0
DA:117,0
DA:119,0
DA:120,0
DA:125,0
DA:126,0
DA:127,0
DA:129,0
DA:130,0
DA:133,0
DA:134,0
DA:137,0
DA:139,0
DA:140,0
DA:142,0
DA:144,0
DA:146,0
DA:148,0
DA:149,0
DA:154,0
DA:155,0
DA:156,0
DA:158,0
DA:159,0
DA:162,0
DA:163,0
DA:166,0
DA:168,0
DA:170,0
DA:171,0
DA:176,0
DA:177,0
DA:178,0
DA:180,0
DA:181,0
DA:184,0
DA:185,0
DA:189,0
DA:190,0
DA:191,0
DA:194,0
DA:199,0
DA:200,0
DA:205,0
DA:206,0
DA:207,0
DA:209,0
DA:210,0
DA:213,0
DA:214,0
DA:216,0
DA:218,0
DA:219,0
DA:223,0
LF:107
LH:0
BRDA:31,0,0,0
BRDA:31,0,1,0
BRDA:35,1,0,0
BRDA:35,1,1,0
BRDA:41,2,0,0
BRDA:41,2,1,0
BRDA:42,3,0,0
BRDA:42,3,1,0
BRDA:42,4,0,0
BRDA:42,4,1,0
BRDA:45,5,0,0
BRDA:45,5,1,0
BRDA:45,6,0,0
BRDA:45,6,1,0
BRDA:72,7,0,0
BRDA:72,7,1,0
BRDA:78,8,0,0
BRDA:78,8,1,0
BRDA:79,9,0,0
BRDA:79,9,1,0
BRDA:79,10,0,0
BRDA:79,10,1,0
BRDA:82,11,0,0
BRDA:82,11,1,0
BRDA:82,12,0,0
BRDA:82,12,1,0
BRDA:107,13,0,0
BRDA:107,13,1,0
BRDA:113,14,0,0
BRDA:113,14,1,0
BRDA:129,15,0,0
BRDA:129,15,1,0
BRDA:133,16,0,0
BRDA:133,16,1,0
BRDA:139,17,0,0
BRDA:139,17,1,0
BRDA:140,18,0,0
BRDA:140,18,1,0
BRDA:158,19,0,0
BRDA:158,19,1,0
BRDA:162,20,0,0
BRDA:162,20,1,0
BRDA:180,21,0,0
BRDA:180,21,1,0
BRDA:184,22,0,0
BRDA:184,22,1,0
BRDA:189,23,0,0
BRDA:189,23,1,0
BRDA:209,24,0,0
BRDA:209,24,1,0
BRF:50
BRH:0
end_of_record
TN:
SF:routes\soluflow.js
FN:30,stripChords
FN:42,extractPresenterLyrics
FN:45,(anonymous_2)
FN:54,normalizeText
FN:66,levenshteinDistance
FN:69,(anonymous_5)
FN:89,calculateSimilarity
FN:109,calculateMatchScore
FN:127,(anonymous_8)
FN:153,(anonymous_9)
FN:160,(anonymous_10)
FN:168,(anonymous_11)
FN:181,(anonymous_12)
FN:185,(anonymous_13)
FN:186,(anonymous_14)
FN:201,(anonymous_15)
FN:215,(anonymous_16)
FN:234,(anonymous_17)
FN:250,(anonymous_18)
FN:271,(anonymous_19)
FN:297,(anonymous_20)
FN:317,(anonymous_21)
FN:318,(anonymous_22)
FN:329,(anonymous_23)
FN:409,(anonymous_24)
FN:426,(anonymous_25)
FN:475,(anonymous_26)
FNF:27
FNH:0
FNDA:0,stripChords
FNDA:0,extractPresenterLyrics
FNDA:0,(anonymous_2)
FNDA:0,normalizeText
FNDA:0,levenshteinDistance
FNDA:0,(anonymous_5)
FNDA:0,calculateSimilarity
FNDA:0,calculateMatchScore
FNDA:0,(anonymous_8)
FNDA:0,(anonymous_9)
FNDA:0,(anonymous_10)
FNDA:0,(anonymous_11)
FNDA:0,(anonymous_12)
FNDA:0,(anonymous_13)
FNDA:0,(anonymous_14)
FNDA:0,(anonymous_15)
FNDA:0,(anonymous_16)
FNDA:0,(anonymous_17)
FNDA:0,(anonymous_18)
FNDA:0,(anonymous_19)
FNDA:0,(anonymous_20)
FNDA:0,(anonymous_21)
FNDA:0,(anonymous_22)
FNDA:0,(anonymous_23)
FNDA:0,(anonymous_24)
FNDA:0,(anonymous_25)
FNDA:0,(anonymous_26)
DA:1,0
DA:2,0
DA:3,0
DA:4,0
DA:5,0
DA:8,0
DA:20,0
DA:31,0
DA:32,0
DA:43,0
DA:44,0
DA:45,0
DA:55,0
DA:56,0
DA:67,0
DA:68,0
DA:69,0
DA:71,0
DA:72,0
DA:74,0
DA:75,0
DA:76,0
DA:77,0
DA:79,0
DA:83,0
DA:90,0
DA:91,0
DA:93,0
DA:94,0
DA:96,0
DA:97,0
DA:99,0
DA:100,0
DA:102,0
DA:103,0
DA:110,0
DA:111,0
DA:113,0
DA:114,0
DA:117,0
DA:119,0
DA:127,0
DA:128,0
DA:129,0
DA:130,0
DA:132,0
DA:133,0
DA:134,0
DA:138,0
DA:140,0
DA:147,0
DA:148,0
DA:153,0
DA:154,0
DA:155,0
DA:156,0
DA:160,0
DA:162,0
DA:163,0
DA:168,0
DA:169,0
DA:170,0
DA:173,0
DA:178,0
DA:181,0
DA:184,0
DA:185,0
DA:186,0
DA:188,0
DA:195,0
DA:196,0
DA:201,0
DA:202,0
DA:203,0
DA:207,0
DA:209,0
DA:210,0
DA:215,0
DA:216,0
DA:217,0
DA:219,0
DA:222,0
DA:223,0
DA:224,0
DA:228,0
DA:234,0
DA:235,0
DA:242,0
DA:250,0
DA:251,0
DA:254,0
DA:256,0
DA:265,0
DA:266,0
DA:271,0
DA:272,0
DA:273,0
DA:275,0
DA:276,0
DA:280,0
DA:281,0
DA:284,0
DA:297,0
DA:300,0
DA:316,0
DA:317,0
DA:318,0
DA:321,0
DA:323,0
DA:324,0
DA:329,0
DA:330,0
DA:335,0
DA:338,0
DA:339,0
DA:341,0
DA:342,0
DA:346,0
DA:348,0
DA:350,0
DA:352,0
DA:353,0
DA:354,0
DA:355,0
DA:356,0
DA:359,0
DA:360,0
DA:361,0
DA:362,0
DA:363,0
DA:364,0
DA:366,0
DA:368,0
DA:372,0
DA:373,0
DA:374,0
DA:375,0
DA:376,0
DA:377,0
DA:379,0
DA:380,0
DA:384,0
DA:385,0
DA:386,0
DA:387,0
DA:388,0
DA:391,0
DA:401,0
DA:403,0
DA:404,0
DA:409,0
DA:410,0
DA:411,0
DA:413,0
DA:414,0
DA:417,0
DA:418,0
DA:420,0
DA:421,0
DA:426,0
DA:427,0
DA:428,0
DA:429,0
DA:431,0
DA:433,0
DA:434,0
DA:437,0
DA:439,0
DA:440,0
DA:442,0
DA:444,0
DA:445,0
DA:446,0
DA:447,0
DA:450,0
DA:459,0
DA:462,0
DA:469,0
DA:470,0
DA:475,0
DA:476,0
DA:477,0
DA:479,0
DA:480,0
DA:481,0
DA:482,0
DA:484,0
DA:492,0
DA:493,0
DA:497,0
LF:190
LH:0
BRDA:31,0,0,0
BRDA:31,0,1,0
BRDA:43,1,0,0
BRDA:43,1,1,0
BRDA:43,2,0,0
BRDA:43,2,1,0
BRDA:45,3,0,0
BRDA:45,3,1,0
BRDA:55,4,0,0
BRDA:55,4,1,0
BRDA:76,5,0,0
BRDA:76,5,1,0
BRDA:90,6,0,0
BRDA:90,6,1,0
BRDA:90,7,0,0
BRDA:90,7,1,0
BRDA:91,8,0,0
BRDA:91,8,1,0
BRDA:91,9,0,0
BRDA:91,9,1,0
BRDA:96,10,0,0
BRDA:96,10,1,0
BRDA:97,11,0,0
BRDA:97,11,1,0
BRDA:97,12,0,0
BRDA:97,12,1,0
BRDA:100,13,0,0
BRDA:100,13,1,0
BRDA:133,14,0,0
BRDA:133,14,1,0
BRDA:223,15,0,0
BRDA:223,15,1,0
BRDA:275,16,0,0
BRDA:275,16,1,0
BRDA:275,17,0,0
BRDA:275,17,1,0
BRDA:304,18,0,0
BRDA:304,18,1,0
BRDA:338,19,0,0
BRDA:338,19,1,0
BRDA:339,20,0,0
BRDA:339,20,1,0
BRDA:341,21,0,0
BRDA:341,21,1,0
BRDA:348,22,0,0
BRDA:348,22,1,0
BRDA:350,23,0,0
BRDA:350,23,1,0
BRDA:350,24,0,0
BRDA:350,24,1,0
BRDA:353,25,0,0
BRDA:353,25,1,0
BRDA:353,26,0,0
BRDA:353,26,1,0
BRDA:356,27,0,0
BRDA:356,27,1,0
BRDA:363,28,0,0
BRDA:363,28,1,0
BRDA:363,29,0,0
BRDA:363,29,1,0
BRDA:373,30,0,0
BRDA:373,30,1,0
BRDA:373,31,0,0
BRDA:373,31,1,0
BRDA:377,32,0,0
BRDA:377,32,1,0
BRDA:385,33,0,0
BRDA:385,33,1,0
BRDA:385,34,0,0
BRDA:385,34,1,0
BRDA:388,35,0,0
BRDA:388,35,1,0
BRDA:394,36,0,0
BRDA:394,36,1,0
BRDA:395,37,0,0
BRDA:395,37,1,0
BRDA:396,38,0,0
BRDA:396,38,1,0
BRDA:396,39,0,0
BRDA:396,39,1,0
BRDA:396,40,0,0
BRDA:396,40,1,0
BRDA:398,41,0,0
BRDA:398,41,1,0
BRDA:413,42,0,0
BRDA:413,42,1,0
BRDA:433,43,0,0
BRDA:433,43,1,0
BRDA:445,44,0,0
BRDA:445,44,1,0
BRF:90
BRH:0
end_of_record
TN:
SF:routes\songs.js
FN:9,extractPrimaryLanguage
FN:29,(anonymous_1)
FN:40,(anonymous_2)
FN:49,(anonymous_3)
FN:67,(anonymous_4)
FN:99,(anonymous_5)
FN:138,(anonymous_6)
FN:140,(anonymous_7)
FN:149,(anonymous_8)
FN:156,(anonymous_9)
FN:169,(anonymous_10)
FN:183,(anonymous_11)
FN:205,(anonymous_12)
FN:219,(anonymous_13)
FN:235,(anonymous_14)
FN:236,(anonymous_15)
FN:245,(anonymous_16)
FN:361,(anonymous_17)
FN:420,(anonymous_18)
FN:448,(anonymous_19)
FN:481,(anonymous_20)
FN:597,(anonymous_21)
FNF:22
FNH:0
FNDA:0,extractPrimaryLanguage
FNDA:0,(anonymous_1)
FNDA:0,(anonymous_2)
FNDA:0,(anonymous_3)
FNDA:0,(anonymous_4)
FNDA:0,(anonymous_5)
FNDA:0,(anonymous_6)
FNDA:0,(anonymous_7)
FNDA:0,(anonymous_8)
FNDA:0,(anonymous_9)
FNDA:0,(anonymous_10)
FNDA:0,(anonymous_11)
FNDA:0,(anonymous_12)
FNDA:0,(anonymous_13)
FNDA:0,(anonymous_14)
FNDA:0,(anonymous_15)
FNDA:0,(anonymous_16)
FNDA:0,(anonymous_17)
FNDA:0,(anonymous_18)
FNDA:0,(anonymous_19)
FNDA:0,(anonymous_20)
FNDA:0,(anonymous_21)
DA:1,0
DA:2,0
DA:3,0
DA:4,0
DA:5,0
DA:6,0
DA:11,0
DA:14,0
DA:15,0
DA:19,0
DA:23,0
DA:31,0
DA:32,0
DA:34,0
DA:40,0
DA:41,0
DA:42,0
DA:49,0
DA:59,0
DA:61,0
DA:62,0
DA:67,0
DA:68,0
DA:69,0
DA:87,0
DA:88,0
DA:89,0
DA:91,0
DA:93,0
DA:94,0
DA:99,0
DA:100,0
DA:101,0
DA:103,0
DA:110,0
DA:112,0
DA:115,0
DA:116,0
DA:120,0
DA:131,0
DA:134,0
DA:135,0
DA:138,0
DA:139,0
DA:140,0
DA:141,0
DA:149,0
DA:150,0
DA:151,0
DA:152,0
DA:156,0
DA:157,0
DA:158,0
DA:161,0
DA:162,0
DA:165,0
DA:169,0
DA:172,0
DA:174,0
DA:175,0
DA:180,0
DA:181,0
DA:183,0
DA:184,0
DA:186,0
DA:187,0
DA:188,0
DA:193,0
DA:205,0
DA:206,0
DA:207,0
DA:209,0
DA:211,0
DA:213,0
DA:214,0
DA:219,0
DA:220,0
DA:221,0
DA:222,0
DA:224,0
DA:225,0
DA:226,0
DA:227,0
DA:230,0
DA:235,0
DA:236,0
DA:237,0
DA:238,0
DA:242,0
DA:243,0
DA:244,0
DA:245,0
DA:247,0
DA:248,0
DA:252,0
DA:256,0
DA:257,0
DA:259,0
DA:260,0
DA:261,0
DA:265,0
DA:266,0
DA:267,0
DA:268,0
DA:273,0
DA:274,0
DA:283,0
DA:285,0
DA:287,0
DA:288,0
DA:291,0
DA:294,0
DA:295,0
DA:296,0
DA:297,0
DA:298,0
DA:299,0
DA:302,0
DA:305,0
DA:308,0
DA:309,0
DA:312,0
DA:313,0
DA:314,0
DA:315,0
DA:319,0
DA:320,0
DA:324,0
DA:325,0
DA:327,0
DA:328,0
DA:329,0
DA:332,0
DA:333,0
DA:334,0
DA:339,0
DA:350,0
DA:351,0
DA:355,0
DA:359,0
DA:360,0
DA:361,0
DA:362,0
DA:363,0
DA:368,0
DA:379,0
DA:387,0
DA:388,0
DA:395,0
DA:396,0
DA:402,0
DA:413,0
DA:414,0
DA:415,0
DA:420,0
DA:421,0
DA:422,0
DA:430,0
DA:431,0
DA:432,0
DA:436,0
DA:437,0
DA:440,0
DA:442,0
DA:443,0
DA:448,0
DA:449,0
DA:450,0
DA:452,0
DA:453,0
DA:457,0
DA:459,0
DA:473,0
DA:475,0
DA:476,0
DA:481,0
DA:482,0
DA:483,0
DA:485,0
DA:486,0
DA:489,0
DA:491,0
DA:492,0
DA:493,0
DA:494,0
DA:495,0
DA:496,0
DA:497,0
DA:498,0
DA:502,0
DA:503,0
DA:504,0
DA:506,0
DA:518,0
DA:519,0
DA:526,0
DA:528,0
DA:529,0
DA:534,0
DA:535,0
DA:539,0
DA:540,0
DA:542,0
DA:543,0
DA:545,0
DA:546,0
DA:548,0
DA:549,0
DA:551,0
DA:552,0
DA:554,0
DA:555,0
DA:560,0
DA:561,0
DA:562,0
DA:563,0
DA:564,0
DA:565,0
DA:569,0
DA:571,0
DA:574,0
DA:575,0
DA:577,0
DA:579,0
DA:581,0
DA:583,0
DA:584,0
DA:585,0
DA:586,0
DA:587,0
DA:589,0
DA:597,0
DA:598,0
DA:599,0
DA:601,0
DA:602,0
DA:605,0
DA:606,0
DA:609,0
DA:611,0
DA:613,0
DA:614,0
DA:618,0
LF:243
LH:0
BRDA:14,0,0,0
BRDA:14,0,1,0
BRDA:31,1,0,0
BRDA:31,1,1,0
BRDA:31,2,0,0
BRDA:31,2,1,0
BRDA:53,3,0,0
BRDA:53,3,1,0
BRDA:54,4,0,0
BRDA:54,4,1,0
BRDA:110,5,0,0
BRDA:110,5,1,0
BRDA:115,6,0,0
BRDA:115,6,1,0
BRDA:134,7,0,0
BRDA:134,7,1,0
BRDA:139,8,0,0
BRDA:139,8,1,0
BRDA:139,9,0,0
BRDA:139,9,1,0
BRDA:141,10,0,0
BRDA:141,10,1,0
BRDA:141,10,2,0
BRDA:141,10,3,0
BRDA:141,10,4,0
BRDA:141,10,5,0
BRDA:141,10,6,0
BRDA:141,10,7,0
BRDA:152,11,0,0
BRDA:152,11,1,0
BRDA:161,12,0,0
BRDA:161,12,1,0
BRDA:161,13,0,0
BRDA:161,13,1,0
BRDA:162,14,0,0
BRDA:162,14,1,0
BRDA:162,15,0,0
BRDA:162,15,1,0
BRDA:187,16,0,0
BRDA:187,16,1,0
BRDA:187,17,0,0
BRDA:187,17,1,0
BRDA:205,18,0,0
BRDA:205,18,1,0
BRDA:221,19,0,0
BRDA:221,19,1,0
BRDA:225,20,0,0
BRDA:225,20,1,0
BRDA:225,21,0,0
BRDA:225,21,1,0
BRDA:238,22,0,0
BRDA:238,22,1,0
BRDA:247,23,0,0
BRDA:247,23,1,0
BRDA:259,24,0,0
BRDA:259,24,1,0
BRDA:259,25,0,0
BRDA:259,25,1,0
BRDA:265,26,0,0
BRDA:265,26,1,0
BRDA:267,27,0,0
BRDA:267,27,1,0
BRDA:273,28,0,0
BRDA:273,28,1,0
BRDA:287,29,0,0
BRDA:287,29,1,0
BRDA:291,30,0,0
BRDA:291,30,1,0
BRDA:295,31,0,0
BRDA:295,31,1,0
BRDA:296,32,0,0
BRDA:296,32,1,0
BRDA:305,33,0,0
BRDA:305,33,1,0
BRDA:308,34,0,0
BRDA:308,34,1,0
BRDA:313,35,0,0
BRDA:313,35,1,0
BRDA:313,36,0,0
BRDA:313,36,1,0
BRDA:319,37,0,0
BRDA:319,37,1,0
BRDA:327,38,0,0
BRDA:327,38,1,0
BRDA:327,39,0,0
BRDA:327,39,1,0
BRDA:332,40,0,0
BRDA:332,40,1,0
BRDA:332,41,0,0
BRDA:332,41,1,0
BRDA:332,41,2,0
BRDA:350,42,0,0
BRDA:350,42,1,0
BRDA:359,43,0,0
BRDA:359,43,1,0
BRDA:359,44,0,0
BRDA:359,44,1,0
BRDA:359,44,2,0
BRDA:362,45,0,0
BRDA:362,45,1,0
BRDA:430,46,0,0
BRDA:430,46,1,0
BRDA:436,47,0,0
BRDA:436,47,1,0
BRDA:436,48,0,0
BRDA:436,48,1,0
BRDA:436,48,2,0
BRDA:452,49,0,0
BRDA:452,49,1,0
BRDA:452,50,0,0
BRDA:452,50,1,0
BRDA:452,50,2,0
BRDA:452,50,3,0
BRDA:463,51,0,0
BRDA:463,51,1,0
BRDA:465,52,0,0
BRDA:465,52,1,0
BRDA:465,53,0,0
BRDA:465,53,1,0
BRDA:467,54,0,0
BRDA:467,54,1,0
BRDA:468,55,0,0
BRDA:468,55,1,0
BRDA:469,56,0,0
BRDA:469,56,1,0
BRDA:470,57,0,0
BRDA:470,57,1,0
BRDA:485,58,0,0
BRDA:485,58,1,0
BRDA:498,59,0,0
BRDA:498,59,1,0
BRDA:498,60,0,0
BRDA:498,60,1,0
BRDA:502,61,0,0
BRDA:502,61,1,0
BRDA:503,62,0,0
BRDA:503,62,1,0
BRDA:503,63,0,0
BRDA:503,63,1,0
BRDA:503,63,2,0
BRDA:504,64,0,0
BRDA:504,64,1,0
BRDA:507,65,0,0
BRDA:507,65,1,0
BRDA:508,66,0,0
BRDA:508,66,1,0
BRDA:509,67,0,0
BRDA:509,67,1,0
BRDA:510,68,0,0
BRDA:510,68,1,0
BRDA:514,69,0,0
BRDA:514,69,1,0
BRDA:515,70,0,0
BRDA:515,70,1,0
BRDA:526,71,0,0
BRDA:526,71,1,0
BRDA:526,72,0,0
BRDA:526,72,1,0
BRDA:528,73,0,0
BRDA:528,73,1,0
BRDA:534,74,0,0
BRDA:534,74,1,0
BRDA:534,75,0,0
BRDA:534,75,1,0
BRDA:539,76,0,0
BRDA:539,76,1,0
BRDA:542,77,0,0
BRDA:542,77,1,0
BRDA:545,78,0,0
BRDA:545,78,1,0
BRDA:548,79,0,0
BRDA:548,79,1,0
BRDA:551,80,0,0
BRDA:551,80,1,0
BRDA:554,81,0,0
BRDA:554,81,1,0
BRDA:555,82,0,0
BRDA:555,82,1,0
BRDA:560,83,0,0
BRDA:560,83,1,0
BRDA:560,84,0,0
BRDA:560,84,1,0
BRDA:562,85,0,0
BRDA:562,85,1,0
BRDA:569,86,0,0
BRDA:569,86,1,0
BRDA:569,87,0,0
BRDA:569,87,1,0
BRDA:569,87,2,0
BRDA:569,87,3,0
BRDA:586,88,0,0
BRDA:586,88,1,0
BRDA:601,89,0,0
BRDA:601,89,1,0
BRDA:605,90,0,0
BRDA:605,90,1,0
BRDA:605,91,0,0
BRDA:605,91,1,0
BRF:198
BRH:0
end_of_record
TN:
SF:routes\stageMonitorThemes.js
FN:8,(anonymous_0)
FN:31,(anonymous_1)
FN:68,(anonymous_2)
FN:89,(anonymous_3)
FN:105,(anonymous_4)
FN:139,(anonymous_5)
FN:160,(anonymous_6)
FN:202,(anonymous_7)
FN:255,(anonymous_8)
FN:291,(anonymous_9)
FN:324,(anonymous_10)
FNF:11
FNH:0
FNDA:0,(anonymous_0)
FNDA:0,(anonymous_1)
FNDA:0,(anonymous_2)
FNDA:0,(anonymous_3)
FNDA:0,(anonymous_4)
FNDA:0,(anonymous_5)
FNDA:0,(anonymous_6)
FNDA:0,(anonymous_7)
FNDA:0,(anonymous_8)
FNDA:0,(anonymous_9)
FNDA:0,(anonymous_10)
DA:1,0
DA:2,0
DA:3,0
DA:4,0
DA:5,0
DA:8,0
DA:9,0
DA:10,0
DA:23,0
DA:25,0
DA:26,0
DA:31,0
DA:32,0
DA:33,0
DA:34,0
DA:35,0
DA:38,0
DA:41,0
DA:42,0
DA:43,0
DA:44,0
DA:47,0
DA:48,0
DA:49,0
DA:50,0
DA:54,0
DA:55,0
DA:56,0
DA:60,0
DA:62,0
DA:63,0
DA:68,0
DA:69,0
DA:70,0
DA:71,0
DA:72,0
DA:76,0
DA:77,0
DA:78,0
DA:79,0
DA:81,0
DA:83,0
DA:84,0
DA:89,0
DA:90,0
DA:91,0
DA:93,0
DA:94,0
DA:97,0
DA:99,0
DA:100,0
DA:105,0
DA:106,0
DA:107,0
DA:109,0
DA:110,0
DA:111,0
DA:114,0
DA:117,0
DA:118,0
DA:119,0
DA:120,0
DA:125,0
DA:126,0
DA:127,0
DA:131,0
DA:133,0
DA:134,0
DA:139,0
DA:140,0
DA:141,0
DA:143,0
DA:144,0
DA:148,0
DA:149,0
DA:152,0
DA:154,0
DA:155,0
DA:160,0
DA:161,0
DA:173,0
DA:175,0
DA:176,0
DA:179,0
DA:194,0
DA:196,0
DA:197,0
DA:202,0
DA:203,0
DA:204,0
DA:206,0
DA:207,0
DA:211,0
DA:212,0
DA:215,0
DA:216,0
DA:230,0
DA:232,0
DA:233,0
DA:234,0
DA:235,0
DA:236,0
DA:237,0
DA:238,0
DA:239,0
DA:240,0
DA:241,0
DA:243,0
DA:245,0
DA:247,0
DA:249,0
DA:250,0
DA:255,0
DA:256,0
DA:257,0
DA:259,0
DA:260,0
DA:264,0
DA:265,0
DA:268,0
DA:269,0
DA:273,0
DA:274,0
DA:275,0
DA:276,0
DA:277,0
DA:278,0
DA:281,0
DA:283,0
DA:285,0
DA:286,0
DA:291,0
DA:292,0
DA:293,0
DA:295,0
DA:296,0
DA:300,0
DA:301,0
DA:305,0
DA:306,0
DA:307,0
DA:311,0
DA:312,0
DA:313,0
DA:314,0
DA:316,0
DA:318,0
DA:319,0
DA:324,0
DA:325,0
DA:326,0
DA:328,0
DA:329,0
DA:333,0
DA:334,0
DA:337,0
DA:338,0
DA:340,0
DA:355,0
DA:357,0
DA:358,0
DA:362,0
LF:162
LH:0
BRDA:34,0,0,0
BRDA:34,0,1,0
BRDA:41,1,0,0
BRDA:41,1,1,0
BRDA:43,2,0,0
BRDA:43,2,1,0
BRDA:47,3,0,0
BRDA:47,3,1,0
BRDA:55,4,0,0
BRDA:55,4,1,0
BRDA:71,5,0,0
BRDA:71,5,1,0
BRDA:76,6,0,0
BRDA:76,6,1,0
BRDA:93,7,0,0
BRDA:93,7,1,0
BRDA:110,8,0,0
BRDA:110,8,1,0
BRDA:117,9,0,0
BRDA:117,9,1,0
BRDA:119,10,0,0
BRDA:119,10,1,0
BRDA:126,11,0,0
BRDA:126,11,1,0
BRDA:143,12,0,0
BRDA:143,12,1,0
BRDA:148,13,0,0
BRDA:148,13,1,0
BRDA:148,14,0,0
BRDA:148,14,1,0
BRDA:175,15,0,0
BRDA:175,15,1,0
BRDA:183,16,0,0
BRDA:183,16,1,0
BRDA:184,17,0,0
BRDA:184,17,1,0
BRDA:185,18,0,0
BRDA:185,18,1,0
BRDA:186,19,0,0
BRDA:186,19,1,0
BRDA:187,20,0,0
BRDA:187,20,1,0
BRDA:188,21,0,0
BRDA:188,21,1,0
BRDA:189,22,0,0
BRDA:189,22,1,0
BRDA:190,23,0,0
BRDA:190,23,1,0
BRDA:191,24,0,0
BRDA:191,24,1,0
BRDA:206,25,0,0
BRDA:206,25,1,0
BRDA:211,26,0,0
BRDA:211,26,1,0
BRDA:215,27,0,0
BRDA:215,27,1,0
BRDA:232,28,0,0
BRDA:232,28,1,0
BRDA:233,29,0,0
BRDA:233,29,1,0
BRDA:234,30,0,0
BRDA:234,30,1,0
BRDA:235,31,0,0
BRDA:235,31,1,0
BRDA:236,32,0,0
BRDA:236,32,1,0
BRDA:237,33,0,0
BRDA:237,33,1,0
BRDA:238,34,0,0
BRDA:238,34,1,0
BRDA:239,35,0,0
BRDA:239,35,1,0
BRDA:240,36,0,0
BRDA:240,36,1,0
BRDA:241,37,0,0
BRDA:241,37,1,0
BRDA:259,38,0,0
BRDA:259,38,1,0
BRDA:264,39,0,0
BRDA:264,39,1,0
BRDA:268,40,0,0
BRDA:268,40,1,0
BRDA:274,41,0,0
BRDA:274,41,1,0
BRDA:274,42,0,0
BRDA:274,42,1,0
BRDA:275,43,0,0
BRDA:275,43,1,0
BRDA:295,44,0,0
BRDA:295,44,1,0
BRDA:300,45,0,0
BRDA:300,45,1,0
BRDA:300,46,0,0
BRDA:300,46,1,0
BRDA:306,47,0,0
BRDA:306,47,1,0
BRDA:311,48,0,0
BRDA:311,48,1,0
BRDA:328,49,0,0
BRDA:328,49,1,0
BRDA:333,50,0,0
BRDA:333,50,1,0
BRDA:333,51,0,0
BRDA:333,51,1,0
BRDA:338,52,0,0
BRDA:338,52,1,0
BRDA:352,53,0,0
BRDA:352,53,1,0
BRF:108
BRH:0
end_of_record
TN:
SF:routes\viewerThemes.js
FN:8,(anonymous_0)
FN:31,(anonymous_1)
FN:68,(anonymous_2)
FN:89,(anonymous_3)
FN:110,(anonymous_4)
FN:140,(anonymous_5)
FN:181,(anonymous_6)
FN:217,(anonymous_7)
FN:250,(anonymous_8)
FNF:9
FNH:0
FNDA:0,(anonymous_0)
FNDA:0,(anonymous_1)
FNDA:0,(anonymous_2)
FNDA:0,(anonymous_3)
FNDA:0,(anonymous_4)
FNDA:0,(anonymous_5)
FNDA:0,(anonymous_6)
FNDA:0,(anonymous_7)
FNDA:0,(anonymous_8)
DA:1,1
DA:2,1
DA:3,1
DA:4,1
DA:5,1
DA:8,1
DA:9,0
DA:10,0
DA:23,0
DA:25,0
DA:26,0
DA:31,1
DA:32,0
DA:33,0
DA:34,0
DA:35,0
DA:38,0
DA:41,0
DA:42,0
DA:43,0
DA:44,0
DA:47,0
DA:48,0
DA:49,0
DA:50,0
DA:54,0
DA:55,0
DA:56,0
DA:60,0
DA:62,0
DA:63,0
DA:68,1
DA:69,0
DA:70,0
DA:71,0
DA:72,0
DA:76,0
DA:77,0
DA:78,0
DA:79,0
DA:81,0
DA:83,0
DA:84,0
DA:89,1
DA:90,0
DA:91,0
DA:93,0
DA:94,0
DA:98,0
DA:99,0
DA:102,0
DA:104,0
DA:105,0
DA:110,1
DA:111,0
DA:112,0
DA:114,0
DA:115,0
DA:118,0
DA:132,0
DA:134,0
DA:135,0
DA:140,1
DA:141,0
DA:142,0
DA:144,0
DA:145,0
DA:149,0
DA:150,0
DA:153,0
DA:154,0
DA:157,0
DA:159,0
DA:160,0
DA:161,0
DA:162,0
DA:163,0
DA:164,0
DA:165,0
DA:166,0
DA:167,0
DA:169,0
DA:171,0
DA:173,0
DA:175,0
DA:176,0
DA:181,1
DA:182,0
DA:183,0
DA:185,0
DA:186,0
DA:190,0
DA:191,0
DA:194,0
DA:195,0
DA:199,0
DA:200,0
DA:201,0
DA:202,0
DA:203,0
DA:204,0
DA:207,0
DA:209,0
DA:211,0
DA:212,0
DA:217,1
DA:218,0
DA:219,0
DA:221,0
DA:222,0
DA:226,0
DA:227,0
DA:231,0
DA:232,0
DA:233,0
DA:237,0
DA:238,0
DA:239,0
DA:240,0
DA:242,0
DA:244,0
DA:245,0
DA:250,1
DA:251,0
DA:252,0
DA:254,0
DA:255,0
DA:259,0
DA:260,0
DA:263,0
DA:264,0
DA:266,0
DA:280,0
DA:282,0
DA:283,0
DA:287,1
LF:136
LH:15
BRDA:34,0,0,0
BRDA:34,0,1,0
BRDA:41,1,0,0
BRDA:41,1,1,0
BRDA:43,2,0,0
BRDA:43,2,1,0
BRDA:47,3,0,0
BRDA:47,3,1,0
BRDA:55,4,0,0
BRDA:55,4,1,0
BRDA:71,5,0,0
BRDA:71,5,1,0
BRDA:76,6,0,0
BRDA:76,6,1,0
BRDA:93,7,0,0
BRDA:93,7,1,0
BRDA:98,8,0,0
BRDA:98,8,1,0
BRDA:98,9,0,0
BRDA:98,9,1,0
BRDA:114,10,0,0
BRDA:114,10,1,0
BRDA:122,11,0,0
BRDA:122,11,1,0
BRDA:123,12,0,0
BRDA:123,12,1,0
BRDA:124,13,0,0
BRDA:124,13,1,0
BRDA:125,14,0,0
BRDA:125,14,1,0
BRDA:126,15,0,0
BRDA:126,15,1,0
BRDA:127,16,0,0
BRDA:127,16,1,0
BRDA:128,17,0,0
BRDA:128,17,1,0
BRDA:129,18,0,0
BRDA:129,18,1,0
BRDA:144,19,0,0
BRDA:144,19,1,0
BRDA:149,20,0,0
BRDA:149,20,1,0
BRDA:153,21,0,0
BRDA:153,21,1,0
BRDA:159,22,0,0
BRDA:159,22,1,0
BRDA:160,23,0,0
BRDA:160,23,1,0
BRDA:161,24,0,0
BRDA:161,24,1,0
BRDA:162,25,0,0
BRDA:162,25,1,0
BRDA:163,26,0,0
BRDA:163,26,1,0
BRDA:164,27,0,0
BRDA:164,27,1,0
BRDA:165,28,0,0
BRDA:165,28,1,0
BRDA:166,29,0,0
BRDA:166,29,1,0
BRDA:167,30,0,0
BRDA:167,30,1,0
BRDA:185,31,0,0
BRDA:185,31,1,0
BRDA:190,32,0,0
BRDA:190,32,1,0
BRDA:194,33,0,0
BRDA:194,33,1,0
BRDA:200,34,0,0
BRDA:200,34,1,0
BRDA:200,35,0,0
BRDA:200,35,1,0
BRDA:201,36,0,0
BRDA:201,36,1,0
BRDA:221,37,0,0
BRDA:221,37,1,0
BRDA:226,38,0,0
BRDA:226,38,1,0
BRDA:226,39,0,0
BRDA:226,39,1,0
BRDA:232,40,0,0
BRDA:232,40,1,0
BRDA:237,41,0,0
BRDA:237,41,1,0
BRDA:254,42,0,0
BRDA:254,42,1,0
BRDA:259,43,0,0
BRDA:259,43,1,0
BRDA:259,44,0,0
BRDA:259,44,1,0
BRDA:264,45,0,0
BRDA:264,45,1,0
BRDA:277,46,0,0
BRDA:277,46,1,0
BRF:94
BRH:0
end_of_record
